#
# A fatal error has been detected by the Java Runtime Environment:
#
#  SIGSEGV (0xb) at pc=0x9ff0ec21, pid=5613, tid=3076380352
#
# JRE version: Java(TM) SE Runtime Environment (7.0_55-b13) (build 1.7.0_55-b13)
# Java VM: Java HotSpot(TM) Client VM (24.55-b03 mixed mode linux-x86 )
# Problematic frame:
# C  [libcairo.so.2+0x68c21]  cairo_surface_set_user_data+0x11
#
# Failed to write core dump. Core dumps have been disabled. To enable core dumping, try "ulimit -c unlimited" before starting Java again
#
# If you would like to submit a bug report, please visit:
#   http://bugreport.sun.com/bugreport/crash.jsp
# The crash happened outside the Java Virtual Machine in native code.
# See problematic frame for where to report the bug.
#

---------------  T H R E A D  ---------------

Current thread (0x09d1bc00):  JavaThread "main" [_thread_in_native, id=5613, stack(0xbf9f5000,0xbfa45000)]

siginfo:si_signo=SIGSEGV: si_errno=0, si_code=1 (SEGV_MAPERR), si_addr=0x00000010

Registers:
EAX=0x00000000, EBX=0xa01feff4, ECX=0x00000000, EDX=0xa01ffa84
ESP=0xbfa415d8, EBP=0x00000000, ESI=0x00000000, EDI=0x00000000
EIP=0x9ff0ec21, EFLAGS=0x00010282, CR2=0x00000010

Top of Stack: (sp=0xbfa415d8)
0xbfa415d8:   0a3dbaa0 a01a9282 00000000 a01ffa84
0xbfa415e8:   00000000 00000000 0a3dbaa0 a01feff4
0xbfa415f8:   0a3dbaa0 a01aec44 00000000 0a53f968
0xbfa41608:   00000000 9fa104cc 0b21ef28 00000001
0xbfa41618:   0adcc340 0af08350 00000000 00000000
0xbfa41628:   00000399 000001ec 0afbc5b0 0afbc5b0
0xbfa41638:   0afbc5b0 a01feff4 0b198bf0 00000000
0xbfa41648:   00000000 a01aec2a 00000000 00000000 

Instructions: (pc=0x9ff0ec21)
0x9ff0ec01:   44 24 04 83 c0 28 89 44 24 04 e9 c0 79 fa ff 56
0x9ff0ec11:   8b 44 24 08 8b 54 24 0c 8b 4c 24 10 8b 74 24 14
0x9ff0ec21:   83 78 10 ff 74 19 83 c0 28 89 74 24 14 89 4c 24
0x9ff0ec31:   10 89 54 24 0c 89 44 24 08 5e e9 00 7a fa ff 8b 

Register to memory mapping:

EAX=0x00000000 is an unknown value
EBX=0xa01feff4: <offset 0x7cff4> in /usr/lib/i386-linux-gnu/libgdk-3.so.0 at 0xa0182000
ECX=0x00000000 is an unknown value
EDX=0xa01ffa84: <offset 0x7da84> in /usr/lib/i386-linux-gnu/libgdk-3.so.0 at 0xa0182000
ESP=0xbfa415d8 is pointing into the stack for thread: 0x09d1bc00
EBP=0x00000000 is an unknown value
ESI=0x00000000 is an unknown value
EDI=0x00000000 is an unknown value


Stack: [0xbf9f5000,0xbfa45000],  sp=0xbfa415d8,  free space=305k
Native frames: (J=compiled Java code, j=interpreted, Vv=VM code, C=native code)
C  [libcairo.so.2+0x68c21]  cairo_surface_set_user_data+0x11

[error occurred during error reporting (printing native stack), id 0xb]

Java frames: (J=compiled Java code, j=interpreted, Vv=VM code)
j  org.eclipse.swt.internal.gtk.OS._gtk_container_add(II)V+0
j  org.eclipse.swt.internal.gtk.OS.gtk_container_add(II)V+9
j  org.eclipse.swt.widgets.Control.showWidget()V+35
j  org.eclipse.swt.widgets.Label.showWidget()V+1
j  org.eclipse.swt.widgets.Control.createWidget(I)V+53
j  org.eclipse.swt.widgets.Label.createWidget(I)V+2
j  org.eclipse.swt.widgets.Control.<init>(Lorg/eclipse/swt/widgets/Composite;I)V+13
j  org.eclipse.swt.widgets.Label.<init>(Lorg/eclipse/swt/widgets/Composite;I)V+6
j  org.eclipse.jdt.internal.ui.refactoring.reorg.RenameLinkedMode.doRename(Z)V+167
j  org.eclipse.jdt.internal.ui.refactoring.reorg.RenameLinkedMode$EditorSynchronizer.left(Lorg/eclipse/jface/text/link/LinkedModeModel;I)V+24
j  org.eclipse.jface.text.link.LinkedModeModel.exit(I)V+148
j  org.eclipse.jface.text.link.LinkedModeUI$4.run()V+159
J  org.eclipse.swt.widgets.Synchronizer.runAsyncMessages(Z)Z
j  org.eclipse.swt.widgets.Display.runAsyncMessages(Z)Z+5
j  org.eclipse.swt.widgets.Display.readAndDispatch()Z+61
j  org.eclipse.e4.ui.internal.workbench.swt.PartRenderingEngine$9.run()V+638
j  org.eclipse.core.databinding.observable.Realm.runWithDefault(Lorg/eclipse/core/databinding/observable/Realm;Ljava/lang/Runnable;)V+12
j  org.eclipse.e4.ui.internal.workbench.swt.PartRenderingEngine.run(Lorg/eclipse/e4/ui/model/application/MApplicationElement;Lorg/eclipse/e4/core/contexts/IEclipseContext;)Ljava/lang/Object;+57
j  org.eclipse.e4.ui.internal.workbench.E4Workbench.createAndRunUI(Lorg/eclipse/e4/ui/model/application/MApplicationElement;)V+20
j  org.eclipse.ui.internal.Workbench$5.run()V+310
j  org.eclipse.core.databinding.observable.Realm.runWithDefault(Lorg/eclipse/core/databinding/observable/Realm;Ljava/lang/Runnable;)V+12
j  org.eclipse.ui.internal.Workbench.createAndRunWorkbench(Lorg/eclipse/swt/widgets/Display;Lorg/eclipse/ui/application/WorkbenchAdvisor;)I+18
j  org.eclipse.ui.PlatformUI.createAndRunWorkbench(Lorg/eclipse/swt/widgets/Display;Lorg/eclipse/ui/application/WorkbenchAdvisor;)I+2
j  org.eclipse.ui.internal.ide.application.IDEApplication.start(Lorg/eclipse/equinox/app/IApplicationContext;)Ljava/lang/Object;+111
j  org.eclipse.equinox.internal.app.EclipseAppHandle.run(Ljava/lang/Object;)Ljava/lang/Object;+135
j  org.eclipse.core.runtime.internal.adaptor.EclipseAppLauncher.runApplication(Ljava/lang/Object;)Ljava/lang/Object;+85
j  org.eclipse.core.runtime.internal.adaptor.EclipseAppLauncher.start(Ljava/lang/Object;)Ljava/lang/Object;+82
j  org.eclipse.core.runtime.adaptor.EclipseStarter.run(Ljava/lang/Object;)Ljava/lang/Object;+109
j  org.eclipse.core.runtime.adaptor.EclipseStarter.run([Ljava/lang/String;Ljava/lang/Runnable;)Ljava/lang/Object;+132
v  ~StubRoutines::call_stub
j  sun.reflect.NativeMethodAccessorImpl.invoke0(Ljava/lang/reflect/Method;Ljava/lang/Object;[Ljava/lang/Object;)Ljava/lang/Object;+0
j  sun.reflect.NativeMethodAccessorImpl.invoke(Ljava/lang/Object;[Ljava/lang/Object;)Ljava/lang/Object;+87
j  sun.reflect.DelegatingMethodAccessorImpl.invoke(Ljava/lang/Object;[Ljava/lang/Object;)Ljava/lang/Object;+6
j  java.lang.reflect.Method.invoke(Ljava/lang/Object;[Ljava/lang/Object;)Ljava/lang/Object;+57
j  org.eclipse.equinox.launcher.Main.invokeFramework([Ljava/lang/String;[Ljava/net/URL;)V+211
j  org.eclipse.equinox.launcher.Main.basicRun([Ljava/lang/String;)V+160
j  org.eclipse.equinox.launcher.Main.run([Ljava/lang/String;)I+4
v  ~StubRoutines::call_stub

---------------  P R O C E S S  ---------------

Java Threads: ( => current thread )
  0x9ade3000 JavaThread "process reaper" daemon [_thread_blocked, id=5683, stack(0x9d4af000,0x9d500000)]
  0x0adc0c00 JavaThread "Worker-7" [_thread_blocked, id=5675, stack(0x9dc04000,0x9dc55000)]
  0x9d507400 JavaThread "Worker-6" [_thread_blocked, id=5669, stack(0x9e539000,0x9e58a000)]
  0x0aee4400 JavaThread "[ThreadPool Manager] - Idle Thread" daemon [_thread_blocked, id=5656, stack(0x9d6ec000,0x9d73d000)]
  0x0aee6c00 JavaThread "org.eclipse.wst.sse.ui.internal.reconcile.StructuredRegionProcessor" daemon [_thread_blocked, id=5655, stack(0x9d69b000,0x9d6ec000)]
  0x0ad83000 JavaThread "Worker-5" [_thread_blocked, id=5647, stack(0x9c11e000,0x9c16f000)]
  0x0ac79400 JavaThread "Worker-4" [_thread_blocked, id=5646, stack(0x9e58a000,0x9e5db000)]
  0x0ac0d800 JavaThread "Timer-0" daemon [_thread_blocked, id=5645, stack(0x9d606000,0x9d657000)]
  0x9dd5b800 JavaThread "org.eclipse.jdt.internal.ui.text.JavaReconciler" daemon [_thread_blocked, id=5644, stack(0x9e184000,0x9e1d5000)]
  0x0ab27000 JavaThread "Worker-3" [_thread_blocked, id=5642, stack(0x9deae000,0x9deff000)]
  0x0a94c400 JavaThread "EventAdmin Async Event Dispatcher Thread" daemon [_thread_blocked, id=5639, stack(0x9ec11000,0x9ec62000)]
  0x0a543000 JavaThread "Worker-2" [_thread_blocked, id=5637, stack(0x9df5a000,0x9dfab000)]
  0x0a504c00 JavaThread "Worker-1" [_thread_blocked, id=5636, stack(0x9dfab000,0x9dffc000)]
  0x0a503c00 JavaThread "Java indexing" daemon [_thread_blocked, id=5635, stack(0x9dffc000,0x9e04d000)]
  0x9e22e000 JavaThread "Bundle File Closer" daemon [_thread_blocked, id=5634, stack(0x9eb52000,0x9eba3000)]
  0x09f61c00 JavaThread "Worker-0" [_thread_blocked, id=5632, stack(0x9ed0d000,0x9ed5e000)]
  0x9eee6c00 JavaThread "EMF Reference Cleaner" daemon [_thread_blocked, id=5629, stack(0x9ea12000,0x9ea63000)]
  0x0a01d000 JavaThread "Worker-JM" [_thread_blocked, id=5626, stack(0x9ec6b000,0x9ecbc000)]
  0x09f9ec00 JavaThread "[Timer] - Main Queue Handler" daemon [_thread_blocked, id=5625, stack(0x9ecbc000,0x9ed0d000)]
  0x9ee70800 JavaThread "Start Level: Equinox Container: 10af7e56-4f54-0014-17cd-e4cb90566585" daemon [_thread_blocked, id=5623, stack(0x9ed5e000,0x9edaf000)]
  0x9ee6f800 JavaThread "Framework Event Dispatcher: Equinox Container: 10af7e56-4f54-0014-17cd-e4cb90566585" daemon [_thread_blocked, id=5622, stack(0x9edaf000,0x9ee00000)]
  0x9ee3a400 JavaThread "Active Thread: Equinox Container: 10af7e56-4f54-0014-17cd-e4cb90566585" [_thread_blocked, id=5621, stack(0x9ef2f000,0x9ef80000)]
  0xa0200c00 JavaThread "Service Thread" daemon [_thread_blocked, id=5619, stack(0xa039e000,0xa03ef000)]
  0x09d83400 JavaThread "C1 CompilerThread0" daemon [_thread_in_vm, id=5618, stack(0xa03ef000,0xa0470000)]
  0x09d81800 JavaThread "Signal Dispatcher" daemon [_thread_blocked, id=5617, stack(0xa0470000,0xa04c1000)]
  0x09d72400 JavaThread "Finalizer" daemon [_thread_blocked, id=5616, stack(0xa04c1000,0xa0512000)]
  0x09d6d800 JavaThread "Reference Handler" daemon [_thread_blocked, id=5615, stack(0xa0512000,0xa0563000)]
=>0x09d1bc00 JavaThread "main" [_thread_in_native, id=5613, stack(0xbf9f5000,0xbfa45000)]

Other Threads:
  0x09d6bc00 VMThread [stack: 0xa0563000,0xa05e4000] [id=5614]
  0xa020b400 WatcherThread [stack: 0xa031d000,0xa039e000] [id=5620]

VM state:not at safepoint (normal execution)

VM Mutex/Monitor currently owned by a thread:  ([mutex/lock_event])
[0x09d197d8] CompiledIC_lock - owner thread: 0x09d83400

Heap
 def new generation   total 78656K, used 71318K [0xa0960000, 0xa5eb0000, 0xa5eb0000)
  eden space 69952K,  96% used [0xa0960000, 0xa4b537e0, 0xa4db0000)
  from space 8704K,  43% used [0xa5630000, 0xa59e2198, 0xa5eb0000)
  to   space 8704K,   0% used [0xa4db0000, 0xa4db0000, 0xa5630000)
 tenured generation   total 174784K, used 112570K [0xa5eb0000, 0xb0960000, 0xb0960000)
   the space 174784K,  64% used [0xa5eb0000, 0xacc9e828, 0xacc9ea00, 0xb0960000)
 compacting perm gen  total 65024K, used 64848K [0xb0960000, 0xb48e0000, 0xb4960000)
   the space 65024K,  99% used [0xb0960000, 0xb48b4140, 0xb48b4200, 0xb48e0000)
No shared spaces configured.

Card table byte_map: [0xa08bf000,0xa0960000] byte_map_base: 0xa03ba500

Polling page: 0xb7765000

Code Cache  [0xb49ed000, 0xb5775000, 0xb69ed000)
 total_blobs=6677 nmethods=6443 adapters=167 free_code_cache=18971Kb largest_free_block=19383936

Compilation events (10 events):
Event: 75.508 Thread 0x09d83400 6643             com.sun.org.apache.xerces.internal.impl.XMLEntityManager::setProperty (223 bytes)
Event: 75.511 Thread 0x09d83400 nmethod 6643 0xb51168c8 code [0xb5116a90, 0xb5117004]
Event: 75.513 Thread 0x09d83400 6644             org.eclipse.osgi.internal.loader.classpath.ClasspathManager::findLocalResourceImpl (160 bytes)
Event: 75.514 Thread 0x09d83400 nmethod 6644 0xb5115a08 code [0xb5115ba0, 0xb5116168]
Event: 75.523 Thread 0x09d83400 6646             org.eclipse.swt.custom.StyledTextRenderer::calculateClientArea (67 bytes)
Event: 75.523 Thread 0x09d83400 nmethod 6646 0xb51152c8 code [0xb5115400, 0xb5115590]
Event: 75.561 Thread 0x09d83400 6647             org.eclipse.jface.text.TreeLineTracker::nodeByLine (62 bytes)
Event: 75.562 Thread 0x09d83400 nmethod 6647 0xb5114f08 code [0xb5115020, 0xb511516c]
Event: 75.563 Thread 0x09d83400 6648             org.eclipse.jface.text.Position::overlapsWith (110 bytes)
Event: 75.564 Thread 0x09d83400 nmethod 6648 0xb5114c48 code [0xb5114d50, 0xb5114ed0]

GC Heap History (10 events):
Event: 37.846 GC heap before
{Heap before GC invocations=50 (full 15):
 def new generation   total 78656K, used 69952K [0xa0960000, 0xa5eb0000, 0xa5eb0000)
  eden space 69952K, 100% used [0xa0960000, 0xa4db0000, 0xa4db0000)
  from space 8704K,   0% used [0xa4db0000, 0xa4db0000, 0xa5630000)
  to   space 8704K,   0% used [0xa5630000, 0xa5630000, 0xa5eb0000)
 tenured generation   total 174784K, used 112165K [0xa5eb0000, 0xb0960000, 0xb0960000)
   the space 174784K,  64% used [0xa5eb0000, 0xacc39520, 0xacc39600, 0xb0960000)
 compacting perm gen  total 61952K, used 61897K [0xb0960000, 0xb45e0000, 0xb4960000)
   the space 61952K,  99% used [0xb0960000, 0xb45d27d0, 0xb45d2800, 0xb45e0000)
No shared spaces configured.
Event: 37.855 GC heap after
Heap after GC invocations=51 (full 15):
 def new generation   total 78656K, used 2209K [0xa0960000, 0xa5eb0000, 0xa5eb0000)
  eden space 69952K,   0% used [0xa0960000, 0xa0960000, 0xa4db0000)
  from space 8704K,  25% used [0xa5630000, 0xa58587b0, 0xa5eb0000)
  to   space 8704K,   0% used [0xa4db0000, 0xa4db0000, 0xa5630000)
 tenured generation   total 174784K, used 112165K [0xa5eb0000, 0xb0960000, 0xb0960000)
   the space 174784K,  64% used [0xa5eb0000, 0xacc39520, 0xacc39600, 0xb0960000)
 compacting perm gen  total 61952K, used 61897K [0xb0960000, 0xb45e0000, 0xb4960000)
   the space 61952K,  99% used [0xb0960000, 0xb45d27d0, 0xb45d2800, 0xb45e0000)
No shared spaces configured.
}
Event: 38.220 GC heap before
{Heap before GC invocations=51 (full 15):
 def new generation   total 78656K, used 72161K [0xa0960000, 0xa5eb0000, 0xa5eb0000)
  eden space 69952K, 100% used [0xa0960000, 0xa4db0000, 0xa4db0000)
  from space 8704K,  25% used [0xa5630000, 0xa58587b0, 0xa5eb0000)
  to   space 8704K,   0% used [0xa4db0000, 0xa4db0000, 0xa5630000)
 tenured generation   total 174784K, used 112165K [0xa5eb0000, 0xb0960000, 0xb0960000)
   the space 174784K,  64% used [0xa5eb0000, 0xacc39520, 0xacc39600, 0xb0960000)
 compacting perm gen  total 62208K, used 62097K [0xb0960000, 0xb4620000, 0xb4960000)
   the space 62208K,  99% used [0xb0960000, 0xb4604780, 0xb4604800, 0xb4620000)
No shared spaces configured.
Event: 38.232 GC heap after
Heap after GC invocations=52 (full 15):
 def new generation   total 78656K, used 3466K [0xa0960000, 0xa5eb0000, 0xa5eb0000)
  eden space 69952K,   0% used [0xa0960000, 0xa0960000, 0xa4db0000)
  from space 8704K,  39% used [0xa4db0000, 0xa5112870, 0xa5630000)
  to   space 8704K,   0% used [0xa5630000, 0xa5630000, 0xa5eb0000)
 tenured generation   total 174784K, used 112165K [0xa5eb0000, 0xb0960000, 0xb0960000)
   the space 174784K,  64% used [0xa5eb0000, 0xacc39520, 0xacc39600, 0xb0960000)
 compacting perm gen  total 62208K, used 62097K [0xb0960000, 0xb4620000, 0xb4960000)
   the space 62208K,  99% used [0xb0960000, 0xb4604780, 0xb4604800, 0xb4620000)
No shared spaces configured.
}
Event: 38.810 GC heap before
{Heap before GC invocations=52 (full 15):
 def new generation   total 78656K, used 73418K [0xa0960000, 0xa5eb0000, 0xa5eb0000)
  eden space 69952K, 100% used [0xa0960000, 0xa4db0000, 0xa4db0000)
  from space 8704K,  39% used [0xa4db0000, 0xa5112870, 0xa5630000)
  to   space 8704K,   0% used [0xa5630000, 0xa5630000, 0xa5eb0000)
 tenured generation   total 174784K, used 112165K [0xa5eb0000, 0xb0960000, 0xb0960000)
   the space 174784K,  64% used [0xa5eb0000, 0xacc39520, 0xacc39600, 0xb0960000)
 compacting perm gen  total 62976K, used 62843K [0xb0960000, 0xb46e0000, 0xb4960000)
   the space 62976K,  99% used [0xb0960000, 0xb46bed60, 0xb46bee00, 0xb46e0000)
No shared spaces configured.
Event: 38.828 GC heap after
Heap after GC invocations=53 (full 15):
 def new generation   total 78656K, used 4542K [0xa0960000, 0xa5eb0000, 0xa5eb0000)
  eden space 69952K,   0% used [0xa0960000, 0xa0960000, 0xa4db0000)
  from space 8704K,  52% used [0xa5630000, 0xa5a9fa40, 0xa5eb0000)
  to   space 8704K,   0% used [0xa4db0000, 0xa4db0000, 0xa5630000)
 tenured generation   total 174784K, used 112165K [0xa5eb0000, 0xb0960000, 0xb0960000)
   the space 174784K,  64% used [0xa5eb0000, 0xacc39520, 0xacc39600, 0xb0960000)
 compacting perm gen  total 62976K, used 62843K [0xb0960000, 0xb46e0000, 0xb4960000)
   the space 62976K,  99% used [0xb0960000, 0xb46bed60, 0xb46bee00, 0xb46e0000)
No shared spaces configured.
}
Event: 39.226 GC heap before
{Heap before GC invocations=53 (full 15):
 def new generation   total 78656K, used 74494K [0xa0960000, 0xa5eb0000, 0xa5eb0000)
  eden space 69952K, 100% used [0xa0960000, 0xa4db0000, 0xa4db0000)
  from space 8704K,  52% used [0xa5630000, 0xa5a9fa40, 0xa5eb0000)
  to   space 8704K,   0% used [0xa4db0000, 0xa4db0000, 0xa5630000)
 tenured generation   total 174784K, used 112165K [0xa5eb0000, 0xb0960000, 0xb0960000)
   the space 174784K,  64% used [0xa5eb0000, 0xacc39520, 0xacc39600, 0xb0960000)
 compacting perm gen  total 62976K, used 62843K [0xb0960000, 0xb46e0000, 0xb4960000)
   the space 62976K,  99% used [0xb0960000, 0xb46bedf0, 0xb46bee00, 0xb46e0000)
No shared spaces configured.
Event: 39.243 GC heap after
Heap after GC invocations=54 (full 15):
 def new generation   total 78656K, used 4260K [0xa0960000, 0xa5eb0000, 0xa5eb0000)
  eden space 69952K,   0% used [0xa0960000, 0xa0960000, 0xa4db0000)
  from space 8704K,  48% used [0xa4db0000, 0xa51d9358, 0xa5630000)
  to   space 8704K,   0% used [0xa5630000, 0xa5630000, 0xa5eb0000)
 tenured generation   total 174784K, used 112570K [0xa5eb0000, 0xb0960000, 0xb0960000)
   the space 174784K,  64% used [0xa5eb0000, 0xacc9e828, 0xacc9ea00, 0xb0960000)
 compacting perm gen  total 62976K, used 62843K [0xb0960000, 0xb46e0000, 0xb4960000)
   the space 62976K,  99% used [0xb0960000, 0xb46bedf0, 0xb46bee00, 0xb46e0000)
No shared spaces configured.
}
Event: 39.562 GC heap before
{Heap before GC invocations=54 (full 15):
 def new generation   total 78656K, used 74212K [0xa0960000, 0xa5eb0000, 0xa5eb0000)
  eden space 69952K, 100% used [0xa0960000, 0xa4db0000, 0xa4db0000)
  from space 8704K,  48% used [0xa4db0000, 0xa51d9358, 0xa5630000)
  to   space 8704K,   0% used [0xa5630000, 0xa5630000, 0xa5eb0000)
 tenured generation   total 174784K, used 112570K [0xa5eb0000, 0xb0960000, 0xb0960000)
   the space 174784K,  64% used [0xa5eb0000, 0xacc9e828, 0xacc9ea00, 0xb0960000)
 compacting perm gen  total 62976K, used 62882K [0xb0960000, 0xb46e0000, 0xb4960000)
   the space 62976K,  99% used [0xb0960000, 0xb46c8888, 0xb46c8a00, 0xb46e0000)
No shared spaces configured.
Event: 39.576 GC heap after
Heap after GC invocations=55 (full 15):
 def new generation   total 78656K, used 3784K [0xa0960000, 0xa5eb0000, 0xa5eb0000)
  eden space 69952K,   0% used [0xa0960000, 0xa0960000, 0xa4db0000)
  from space 8704K,  43% used [0xa5630000, 0xa59e2198, 0xa5eb0000)
  to   space 8704K,   0% used [0xa4db0000, 0xa4db0000, 0xa5630000)
 tenured generation   total 174784K, used 112570K [0xa5eb0000, 0xb0960000, 0xb0960000)
   the space 174784K,  64% used [0xa5eb0000, 0xacc9e828, 0xacc9ea00, 0xb0960000)
 compacting perm gen  total 62976K, used 62882K [0xb0960000, 0xb46e0000, 0xb4960000)
   the space 62976K,  99% used [0xb0960000, 0xb46c8888, 0xb46c8a00, 0xb46e0000)
No shared spaces configured.
}

Deoptimization events (0 events):
No events

Internal exceptions (10 events):
Event: 39.555 Thread 0x0ad83000 Threw 0xa4cafe98 at /HUDSON/workspace/7u-2-build-linux-i586/jdk7u55/869/hotspot/src/share/vm/runtime/sharedRuntime.cpp:591
Event: 39.555 Thread 0x0ad83000 Threw 0xa4cc11d0 at /HUDSON/workspace/7u-2-build-linux-i586/jdk7u55/869/hotspot/src/share/vm/runtime/sharedRuntime.cpp:591
Event: 39.589 Thread 0x0ad83000 Threw 0xa0fee2d0 at /HUDSON/workspace/7u-2-build-linux-i586/jdk7u55/869/hotspot/src/share/vm/runtime/sharedRuntime.cpp:591
Event: 61.600 Thread 0x0ade8400 Threw 0xa3148098 at /HUDSON/workspace/7u-2-build-linux-i586/jdk7u55/869/hotspot/src/share/vm/runtime/sharedRuntime.cpp:591
Event: 67.134 Thread 0x09d1bc00 Threw 0xa3f1faa8 at /HUDSON/workspace/7u-2-build-linux-i586/jdk7u55/869/hotspot/src/share/vm/runtime/sharedRuntime.cpp:591
Event: 67.908 Thread 0x09d1bc00 Threw 0xa405cae0 at /HUDSON/workspace/7u-2-build-linux-i586/jdk7u55/869/hotspot/src/share/vm/runtime/sharedRuntime.cpp:591
Event: 67.909 Thread 0x09d1bc00 Threw 0xa4082110 at /HUDSON/workspace/7u-2-build-linux-i586/jdk7u55/869/hotspot/src/share/vm/runtime/sharedRuntime.cpp:591
Event: 70.199 Thread 0x0b1be000 Threw 0xa435c588 at /HUDSON/workspace/7u-2-build-linux-i586/jdk7u55/869/hotspot/src/share/vm/runtime/sharedRuntime.cpp:591
Event: 72.297 Thread 0x9dd5b800 Threw 0xa451edf0 at /HUDSON/workspace/7u-2-build-linux-i586/jdk7u55/869/hotspot/src/share/vm/runtime/sharedRuntime.cpp:591
Event: 72.310 Thread 0x9dd5b800 Threw 0xa45c3168 at /HUDSON/workspace/7u-2-build-linux-i586/jdk7u55/869/hotspot/src/share/vm/runtime/sharedRuntime.cpp:591

Events (10 events):
Event: 72.337 Executing VM operation: RevokeBias done
Event: 72.337 Executing VM operation: RevokeBias
Event: 72.337 Executing VM operation: RevokeBias done
Event: 72.337 Thread 0x9cf20000 Thread exited: 0x9cf20000
Event: 72.338 Thread 0x9cf20000 Thread added: 0x9cf20000
Event: 72.338 Executing VM operation: BulkRevokeBias
Event: 72.338 Executing VM operation: BulkRevokeBias done
Event: 72.338 Thread 0x9cf20000 Thread exited: 0x9cf20000
Event: 72.355 Executing VM operation: Deoptimize
Event: 72.356 Executing VM operation: Deoptimize done


Dynamic libraries:
08048000-0804c000 r-xp 00000000 08:06 10361476   /home/zaqwes/opt/eclipse_gae/eclipse_gae
0804c000-0804d000 rw-p 00003000 08:06 10361476   /home/zaqwes/opt/eclipse_gae/eclipse_gae
09d11000-0b24b000 rw-p 00000000 00:00 0          [heap]
929f2000-929f3000 ---p 00000000 00:00 0 
929f3000-931f3000 rw-p 00000000 00:00 0 
931f3000-935f3000 rw-p 00000000 00:00 0 
935f3000-935f4000 ---p 00000000 00:00 0 
935f4000-93df4000 rw-p 00000000 00:00 0 
93df4000-93df5000 ---p 00000000 00:00 0 
93df5000-945f5000 rw-p 00000000 00:00 0 
945f5000-945f6000 ---p 00000000 00:00 0 
945f6000-94f1e000 rw-p 00000000 00:00 0 
94f1e000-94f1f000 ---p 00000000 00:00 0 
94f1f000-9571f000 rw-p 00000000 00:00 0 
9571f000-9767a000 r-xp 00000000 08:01 302010     /usr/lib/libnvidia-glcore.so.319.37
9767a000-976d8000 rwxp 01f5a000 08:01 302010     /usr/lib/libnvidia-glcore.so.319.37
976d8000-976ea000 rwxp 00000000 00:00 0 
976ea000-98859000 r-xp 00000000 08:01 267923     /usr/lib/i386-linux-gnu/libicudata.so.48.1.1
98859000-9885a000 r--p 0116e000 08:01 267923     /usr/lib/i386-linux-gnu/libicudata.so.48.1.1
9885a000-9885b000 rw-p 0116f000 08:01 267923     /usr/lib/i386-linux-gnu/libicudata.so.48.1.1
9885b000-989b6000 r-xp 00000000 08:01 267937     /usr/lib/i386-linux-gnu/libicuuc.so.48.1.1
989b6000-989c0000 r--p 0015a000 08:01 267937     /usr/lib/i386-linux-gnu/libicuuc.so.48.1.1
989c0000-989c1000 rw-p 00164000 08:01 267937     /usr/lib/i386-linux-gnu/libicuuc.so.48.1.1
989c1000-989c5000 rw-p 00000000 00:00 0 
989c5000-98b97000 r-xp 00000000 08:01 267925     /usr/lib/i386-linux-gnu/libicui18n.so.48.1.1
98b97000-98b9e000 r--p 001d1000 08:01 267925     /usr/lib/i386-linux-gnu/libicui18n.so.48.1.1
98b9e000-98b9f000 rw-p 001d8000 08:01 267925     /usr/lib/i386-linux-gnu/libicui18n.so.48.1.1
98b9f000-98c71000 r-xp 00000000 08:01 302297     /usr/lib/libGL.so.319.37
98c71000-98c92000 rwxp 000d1000 08:01 302297     /usr/lib/libGL.so.319.37
98c92000-98ca1000 rwxp 00000000 00:00 0 
98ca1000-9904a000 r-xp 00000000 08:01 269537     /usr/lib/libjavascriptcoregtk-3.0.so.0.13.2
9904a000-9904b000 ---p 003a9000 08:01 269537     /usr/lib/libjavascriptcoregtk-3.0.so.0.13.2
9904b000-99052000 r--p 003a9000 08:01 269537     /usr/lib/libjavascriptcoregtk-3.0.so.0.13.2
99052000-99056000 rw-p 003b0000 08:01 269537     /usr/lib/libjavascriptcoregtk-3.0.so.0.13.2
99056000-99067000 rw-p 00000000 00:00 0 
99067000-9a630000 r-xp 00000000 08:01 272134     /usr/lib/libwebkitgtk-3.0.so.0.13.2
9a630000-9a6f0000 r--p 015c8000 08:01 272134     /usr/lib/libwebkitgtk-3.0.so.0.13.2
9a6f0000-9a6f9000 rw-p 01688000 08:01 272134     /usr/lib/libwebkitgtk-3.0.so.0.13.2
9a6f9000-9a700000 rw-p 00000000 00:00 0 
9a700000-9a7f9000 rw-p 00000000 00:00 0 
9a7f9000-9a800000 ---p 00000000 00:00 0 
9a800000-9a8fe000 rw-p 00000000 00:00 0 
9a8fe000-9a900000 ---p 00000000 00:00 0 
9a900000-9a9fd000 rw-p 00000000 00:00 0 
9a9fd000-9aa00000 ---p 00000000 00:00 0 
9aa00000-9aa41000 rw-p 00000000 00:00 0 
9aa41000-9ab00000 ---p 00000000 00:00 0 
9ab00000-9ab40000 rw-p 00000000 00:00 0 
9ab40000-9ac00000 ---p 00000000 00:00 0 
9ad00000-9ae00000 rw-p 00000000 00:00 0 
9ae07000-9ae09000 r--s 00010000 08:06 10624139   /home/zaqwes/opt/eclipse_gae/plugins/org.eclipse.wst.xsd.core_1.1.900.v201401141907.jar
9ae0c000-9ae1b000 r--s 000ae000 08:06 10624183   /home/zaqwes/opt/eclipse_gae/plugins/org.eclipse.wst.xml.core_1.1.900.v201404240330.jar
9af00000-9afff000 rw-p 00000000 00:00 0 
9afff000-9b000000 ---p 00000000 00:00 0 
9b037000-9b03f000 r--s 0005d000 08:06 10624121   /home/zaqwes/opt/eclipse_gae/plugins/org.eclipse.wst.validation_1.2.501.v201311151800.jar
9b03f000-9b041000 r--s 00027000 08:06 10624120   /home/zaqwes/opt/eclipse_gae/plugins/org.eclipse.wst.standard.schemas_1.0.700.v201304171716.jar
9b042000-9b056000 r--s 000e5000 08:06 10624178   /home/zaqwes/opt/eclipse_gae/plugins/org.eclipse.wst.sse.ui_1.3.300.v201404240319.jar
9b057000-9b061000 r--s 00064000 08:06 10624119   /home/zaqwes/opt/eclipse_gae/plugins/org.eclipse.wst.sse.core_1.1.900.v201401101615.jar
9b100000-9b200000 rw-p 00000000 00:00 0 
9b223000-9b225000 r--s 00009000 08:06 10624092   /home/zaqwes/opt/eclipse_gae/plugins/org.eclipse.wst.common.uriresolver_1.2.100.v201305141800.jar
9b241000-9b244000 r--s 00019000 08:06 10624165   /home/zaqwes/opt/eclipse_gae/plugins/org.eclipse.wst.common.frameworks_1.2.200.v201203141800.jar
9b300000-9b3fc000 rw-p 00000000 00:00 0 
9b3fc000-9b400000 ---p 00000000 00:00 0 
9b500000-9b5fe000 rw-p 00000000 00:00 0 
9b5fe000-9b600000 ---p 00000000 00:00 0 
9b600000-9b6ff000 rw-p 00000000 00:00 0 
9b6ff000-9b700000 ---p 00000000 00:00 0 
9b800000-9b8fd000 rw-p 00000000 00:00 0 
9b8fd000-9b900000 ---p 00000000 00:00 0 
9b900000-9b9fb000 rw-p 00000000 00:00 0 
9b9fb000-9ba00000 ---p 00000000 00:00 0 
9ba00000-9bb00000 rw-p 00000000 00:00 0 
9bbaf000-9bbfb000 r--s 00405000 08:06 10623905   /home/zaqwes/opt/eclipse_gae/plugins/org.eclipse.pde.ui_3.8.101.v20140902-1534.jar
9bbfb000-9bc00000 r--s 0002c000 08:06 10623996   /home/zaqwes/opt/eclipse_gae/plugins/org.eclipse.e4.ui.css.swt_0.11.101.v20140818-1343.jar
9bc00000-9bce2000 rw-p 00000000 00:00 0 
9bce2000-9bd00000 ---p 00000000 00:00 0 
9bd31000-9bde1000 r--p 00000000 08:01 133488     /usr/share/fonts/truetype/ttf-dejavu/DejaVuSans.ttf
9be00000-9befe000 rw-p 00000000 00:00 0 
9befe000-9bf00000 ---p 00000000 00:00 0 
9bf43000-9bf65000 r--s 00194000 08:06 10623682   /home/zaqwes/opt/eclipse_gae/plugins/org.eclipse.mylyn.tasks.ui_3.13.0.v20140826-1734.jar
9bf65000-9c100000 rw-p 00000000 00:00 0 
9c100000-9c11e000 r--s 00180000 08:06 10623892   /home/zaqwes/opt/eclipse_gae/plugins/org.eclipse.team.cvs.ui_3.3.600.v20130514-1224.jar
9c11e000-9c121000 ---p 00000000 00:00 0 
9c121000-9c16f000 rw-p 00000000 00:00 0 
9c16f000-9c1fb000 r-xp 00000000 08:01 268065     /usr/lib/i386-linux-gnu/liborc-0.4.so.0.16.0
9c1fb000-9c1fc000 r--p 0008b000 08:01 268065     /usr/lib/i386-linux-gnu/liborc-0.4.so.0.16.0
9c1fc000-9c200000 rw-p 0008c000 08:01 268065     /usr/lib/i386-linux-gnu/liborc-0.4.so.0.16.0
9c200000-9c300000 rw-p 00000000 00:00 0 
9c300000-9c3fe000 rw-p 00000000 00:00 0 
9c3fe000-9c400000 ---p 00000000 00:00 0 
9c414000-9c4f4000 r-xp 00000000 08:01 268232     /usr/lib/i386-linux-gnu/libstdc++.so.6.0.17
9c4f4000-9c4f8000 r--p 000e0000 08:01 268232     /usr/lib/i386-linux-gnu/libstdc++.so.6.0.17
9c4f8000-9c4f9000 rw-p 000e4000 08:01 268232     /usr/lib/i386-linux-gnu/libstdc++.so.6.0.17
9c4f9000-9c500000 rw-p 00000000 00:00 0 
9c500000-9c600000 rw-p 00000000 00:00 0 
9c606000-9c625000 rw-p 00000000 00:00 0 
9c625000-9c650000 r--p 00000000 08:01 162971     /usr/share/glib-2.0/schemas/gschemas.compiled
9c650000-9c6fc000 r-xp 00000000 08:01 268225     /usr/lib/i386-linux-gnu/libsqlite3.so.0.8.6
9c6fc000-9c6fd000 ---p 000ac000 08:01 268225     /usr/lib/i386-linux-gnu/libsqlite3.so.0.8.6
9c6fd000-9c6fe000 r--p 000ac000 08:01 268225     /usr/lib/i386-linux-gnu/libsqlite3.so.0.8.6
9c6fe000-9c6ff000 rw-p 000ad000 08:01 268225     /usr/lib/i386-linux-gnu/libsqlite3.so.0.8.6
9c6ff000-9c700000 rw-p 00000000 00:00 0 
9c700000-9c7fd000 rw-p 00000000 00:00 0 
9c7fd000-9c800000 ---p 00000000 00:00 0 
9c814000-9c82a000 r-xp 00000000 08:01 267388     /usr/lib/i386-linux-gnu/libICE.so.6.3.0
9c82a000-9c82c000 rw-p 00015000 08:01 267388     /usr/lib/i386-linux-gnu/libICE.so.6.3.0
9c82c000-9c82d000 rw-p 00000000 00:00 0 
9c82d000-9c886000 r-xp 00000000 08:01 267445     /usr/lib/i386-linux-gnu/libXt.so.6.0.0
9c886000-9c887000 r--p 00059000 08:01 267445     /usr/lib/i386-linux-gnu/libXt.so.6.0.0
9c887000-9c88a000 rw-p 0005a000 08:01 267445     /usr/lib/i386-linux-gnu/libXt.so.6.0.0
9c88a000-9c8c6000 r-xp 00000000 08:01 268355     /usr/lib/i386-linux-gnu/libxslt.so.1.1.26
9c8c6000-9c8c7000 r--p 0003b000 08:01 268355     /usr/lib/i386-linux-gnu/libxslt.so.1.1.26
9c8c7000-9c8c8000 rw-p 0003c000 08:01 268355     /usr/lib/i386-linux-gnu/libxslt.so.1.1.26
9c8c8000-9c8f7000 r--s 00245000 08:06 10623562   /home/zaqwes/opt/eclipse_gae/plugins/org.eclipse.egit.ui_3.4.1.201406201815-r.jar
9c8f7000-9c8fb000 r--s 00035000 08:06 10624155   /home/zaqwes/opt/eclipse_gae/plugins/org.eclipse.jst.j2ee.navigator.ui_1.1.600.v201203142300.jar
9c8fb000-9c900000 r--s 00028000 08:06 10624158   /home/zaqwes/opt/eclipse_gae/plugins/org.eclipse.jst.jee.ui_1.0.700.v201401151049.jar
9c900000-9c9fd000 rw-p 00000000 00:00 0 
9c9fd000-9ca00000 ---p 00000000 00:00 0 
9ca00000-9caff000 rw-p 00000000 00:00 0 
9caff000-9cb00000 ---p 00000000 00:00 0 
9cb00000-9cc00000 rw-p 00000000 00:00 0 
9cc00000-9ccf9000 rw-p 00000000 00:00 0 
9ccf9000-9cd00000 ---p 00000000 00:00 0 
9cd16000-9cdfb000 r-xp 00000000 08:01 267879     /usr/lib/i386-linux-gnu/libgstreamer-0.10.so.0.30.0
9cdfb000-9cdfe000 r--p 000e4000 08:01 267879     /usr/lib/i386-linux-gnu/libgstreamer-0.10.so.0.30.0
9cdfe000-9cdff000 rw-p 000e7000 08:01 267879     /usr/lib/i386-linux-gnu/libgstreamer-0.10.so.0.30.0
9cdff000-9ce00000 rw-p 00000000 00:00 0 
9ce00000-9cffc000 rw-p 00000000 00:00 0 
9cffc000-9d000000 ---p 00000000 00:00 0 
9d000000-9d0ff000 rw-p 00000000 00:00 0 
9d0ff000-9d100000 ---p 00000000 00:00 0 
9d111000-9d120000 r--s 000bc000 08:06 10624055   /home/zaqwes/opt/eclipse_gae/plugins/org.eclipse.jst.j2ee.ui_1.1.800.v201312231745.jar
9d133000-9d19a000 r-xp 00000000 08:01 268215     /usr/lib/i386-linux-gnu/libsoup-2.4.so.1.5.0
9d19a000-9d19b000 r--p 00066000 08:01 268215     /usr/lib/i386-linux-gnu/libsoup-2.4.so.1.5.0
9d19b000-9d19c000 rw-p 00067000 08:01 268215     /usr/lib/i386-linux-gnu/libsoup-2.4.so.1.5.0
9d19c000-9d19d000 rw-p 00000000 00:00 0 
9d19d000-9d1fe000 r-xp 00000000 08:01 267851     /usr/lib/i386-linux-gnu/libgstbase-0.10.so.0.30.0
9d1fe000-9d1ff000 r--p 00060000 08:01 267851     /usr/lib/i386-linux-gnu/libgstbase-0.10.so.0.30.0
9d1ff000-9d200000 rw-p 00061000 08:01 267851     /usr/lib/i386-linux-gnu/libgstbase-0.10.so.0.30.0
9d200000-9d2fb000 rw-p 00000000 00:00 0 
9d2fb000-9d300000 ---p 00000000 00:00 0 
9d30b000-9d314000 r--s 0005a000 08:06 10623358   /home/zaqwes/opt/eclipse_gae/plugins/org.eclipse.ui.navigator_3.5.401.v20140724-1117.jar
9d314000-9d323000 r--s 00076000 08:06 10886500   /home/zaqwes/opt/eclipse_gae/configuration/org.eclipse.osgi/860/0/.cp/lib/joda-time-1.6.2.jar
9d324000-9d332000 r--s 000ab000 08:06 10623379   /home/zaqwes/opt/eclipse_gae/plugins/org.eclipse.compare_3.5.501.v20140817-1445.jar
9d332000-9d36a000 r-xp 00000000 08:01 267958     /usr/lib/i386-linux-gnu/libjpeg.so.8.4.0
9d36a000-9d36b000 rw-p 00037000 08:01 267958     /usr/lib/i386-linux-gnu/libjpeg.so.8.4.0
9d36b000-9d36e000 ---p 00000000 00:00 0 
9d36e000-9d3bc000 rw-p 00000000 00:00 0 
9d3bc000-9d3bf000 ---p 00000000 00:00 0 
9d3bf000-9d40d000 rw-p 00000000 00:00 0 
9d40d000-9d410000 ---p 00000000 00:00 0 
9d410000-9d45e000 rw-p 00000000 00:00 0 
9d45e000-9d461000 ---p 00000000 00:00 0 
9d461000-9d4af000 rw-p 00000000 00:00 0 
9d4af000-9d4b2000 ---p 00000000 00:00 0 
9d4b2000-9d500000 rw-p 00000000 00:00 0 
9d500000-9d600000 rw-p 00000000 00:00 0 
9d606000-9d609000 ---p 00000000 00:00 0 
9d609000-9d657000 rw-p 00000000 00:00 0 
9d659000-9d65f000 r--s 00035000 08:06 10624161   /home/zaqwes/opt/eclipse_gae/plugins/org.eclipse.jst.servlet.ui_1.1.800.v201403061900.jar
9d65f000-9d664000 r--s 00024000 08:06 10886499   /home/zaqwes/opt/eclipse_gae/configuration/org.eclipse.osgi/860/0/.cp/lib/gson-1.6.jar
9d664000-9d69b000 r--s 0027d000 08:06 10623600   /home/zaqwes/opt/eclipse_gae/plugins/org.eclipse.debug.ui_3.10.1.v20140822-1408.jar
9d69b000-9d69e000 ---p 00000000 00:00 0 
9d69e000-9d6ec000 rw-p 00000000 00:00 0 
9d6ec000-9d6ef000 ---p 00000000 00:00 0 
9d6ef000-9d73d000 rw-p 00000000 00:00 0 
9d73d000-9d777000 r--p 00000000 08:01 133494     /usr/share/fonts/truetype/ttf-dejavu/DejaVuSansMono-BoldOblique.ttf
9d777000-9d7b3000 r--p 00000000 08:01 133495     /usr/share/fonts/truetype/ttf-dejavu/DejaVuSansMono-Oblique.ttf
9d7b3000-9d800000 r--p 00000000 08:01 133493     /usr/share/fonts/truetype/ttf-dejavu/DejaVuSansMono-Bold.ttf
9d800000-9d900000 rw-p 00000000 00:00 0 
9d900000-9d9fb000 rw-p 00000000 00:00 0 
9d9fb000-9da00000 ---p 00000000 00:00 0 
9da01000-9da40000 r--s 004a4000 08:06 10623583   /home/zaqwes/opt/eclipse_gae/plugins/org.eclipse.persistence.core_2.6.0.v20140809-296a69f.jar
9da40000-9da92000 r--p 00000000 08:01 133496     /usr/share/fonts/truetype/ttf-dejavu/DejaVuSansMono.ttf
9da93000-9dab3000 r--s 00173000 08:06 10886493   /home/zaqwes/opt/eclipse_gae/configuration/org.eclipse.osgi/852/0/.cp/lib/guava-11.0.1.jar
9dab6000-9dabf000 r--s 00060000 08:06 10623935   /home/zaqwes/opt/eclipse_gae/plugins/org.eclipse.jdt.junit_3.7.300.v20140418-0836.jar
9dabf000-9dadb000 r-xp 00000000 08:01 267893     /usr/lib/i386-linux-gnu/libgstvideo-0.10.so.0.25.0
9dadb000-9dadc000 r--p 0001c000 08:01 267893     /usr/lib/i386-linux-gnu/libgstvideo-0.10.so.0.25.0
9dadc000-9dadd000 rw-p 0001d000 08:01 267893     /usr/lib/i386-linux-gnu/libgstvideo-0.10.so.0.25.0
9dadd000-9dadf000 r-xp 00000000 08:01 343        /lib/libnss_mdns4_minimal.so.2
9dadf000-9dae0000 rw-p 00001000 08:01 343        /lib/libnss_mdns4_minimal.so.2
9dae1000-9daea000 r--s 00057000 08:06 10624167   /home/zaqwes/opt/eclipse_gae/plugins/org.eclipse.wst.common.modulecore_1.2.400.v201402071700.jar
9daea000-9daef000 r--s 0004a000 08:06 10623631   /home/zaqwes/opt/eclipse_gae/plugins/org.eclipse.jdt.launching_3.7.101.v20140825-1922.jar
9daef000-9dafc000 r--s 000cb000 08:06 10753911   /home/zaqwes/opt/eclipse_gae/plugins/org.eclipse.jdt.debug_3.8.101.v20140902-1548/jdimodel.jar
9dafc000-9db00000 r--s 0000e000 08:06 10753914   /home/zaqwes/opt/eclipse_gae/plugins/org.eclipse.jdt.debug_3.8.101.v20140902-1548/jdi.jar
9db00000-9dc00000 rw-p 00000000 00:00 0 
9dc04000-9dc07000 ---p 00000000 00:00 0 
9dc07000-9dc55000 rw-p 00000000 00:00 0 
9dc55000-9dc59000 r-xp 00000000 08:01 81         /lib/i386-linux-gnu/i686/cmov/libnss_dns-2.13.so
9dc59000-9dc5a000 r--p 00004000 08:01 81         /lib/i386-linux-gnu/i686/cmov/libnss_dns-2.13.so
9dc5a000-9dc5b000 rw-p 00005000 08:01 81         /lib/i386-linux-gnu/i686/cmov/libnss_dns-2.13.so
9dc5d000-9dc61000 r--s 00028000 08:06 10886494   /home/zaqwes/opt/eclipse_gae/configuration/org.eclipse.osgi/852/0/.cp/lib/gson-2.1.jar
9dc61000-9dc69000 r--s 000ec000 08:06 10623719   /home/zaqwes/opt/eclipse_gae/plugins/org.eclipse.xsd_2.10.0.v20140901-1055.jar
9dc69000-9dd00000 r--s 00697000 08:06 7472176    /home/zaqwes/opt/appengine-java-sdk-1.9.3/lib/appengine-tools-api.jar
9dd00000-9ddfe000 rw-p 00000000 00:00 0 
9ddfe000-9de00000 ---p 00000000 00:00 0 
9de02000-9de07000 r--s 000c7000 08:06 10624209   /home/zaqwes/opt/eclipse_gae/plugins/com.google.gdt.eclipse.managedapis_3.7.0.v201407290036-rel-r44.jar
9de07000-9de1e000 r--s 0013c000 08:06 10623900   /home/zaqwes/opt/eclipse_gae/plugins/org.eclipse.persistence.jpa_2.6.0.v20140809-296a69f.jar
9de1e000-9de21000 r--s 000f5000 08:06 9049738    /home/zaqwes/opt/jre1.7.0_55/lib/ext/localedata.jar
9de22000-9de29000 r--s 00287000 08:06 10624189   /home/zaqwes/opt/eclipse_gae/plugins/com.google.appengine.eclipse.core_3.7.0.v201407290036-rel-r44.jar
9de29000-9de2d000 r--s 0002d000 08:06 9049741    /home/zaqwes/opt/jre1.7.0_55/lib/ext/sunjce_provider.jar
9de2f000-9de33000 r--s 0001b000 08:06 10624149   /home/zaqwes/opt/eclipse_gae/plugins/org.eclipse.jst.common.frameworks_1.1.601.v201208160700.jar
9de33000-9de3f000 r--s 00085000 08:06 10623396   /home/zaqwes/opt/eclipse_gae/plugins/org.eclipse.jst.jsf.facelet.core_1.3.0.v201405282043.jar
9de41000-9de48000 r--s 00051000 08:06 10623266   /home/zaqwes/opt/eclipse_gae/plugins/org.eclipse.e4.ui.workbench.renderers.swt_0.12.1.v20140903-1023.jar
9de48000-9de69000 r-xp 00000000 08:01 267875     /usr/lib/i386-linux-gnu/libgstpbutils-0.10.so.0.25.0
9de69000-9de6a000 ---p 00021000 08:01 267875     /usr/lib/i386-linux-gnu/libgstpbutils-0.10.so.0.25.0
9de6a000-9de6b000 r--p 00021000 08:01 267875     /usr/lib/i386-linux-gnu/libgstpbutils-0.10.so.0.25.0
9de6b000-9de6c000 rw-p 00022000 08:01 267875     /usr/lib/i386-linux-gnu/libgstpbutils-0.10.so.0.25.0
9de6c000-9deae000 r--s 0043d000 08:06 10886506   /home/zaqwes/opt/eclipse_gae/configuration/org.eclipse.osgi/869/0/.cp/libs/gwt-dev-tools.jar
9deae000-9deb1000 ---p 00000000 00:00 0 
9deb1000-9deff000 rw-p 00000000 00:00 0 
9deff000-9df5a000 r--s 009e2000 08:06 10623691   /home/zaqwes/opt/eclipse_gae/plugins/com.ibm.icu_52.1.0.v201404241930.jar
9df5a000-9df5d000 ---p 00000000 00:00 0 
9df5d000-9dfab000 rw-p 00000000 00:00 0 
9dfab000-9dfae000 ---p 00000000 00:00 0 
9dfae000-9dffc000 rw-p 00000000 00:00 0 
9dffc000-9dfff000 ---p 00000000 00:00 0 
9dfff000-9e04d000 rw-p 00000000 00:00 0 
9e04d000-9e07a000 r--s 00522000 08:06 10623298   /home/zaqwes/opt/eclipse_gae/plugins/org.eclipse.jdt.core_3.10.0.v20140902-0626.jar
9e07a000-9e07e000 r--s 0001c000 08:06 10623500   /home/zaqwes/opt/eclipse_gae/plugins/org.eclipse.ui.navigator.resources_3.4.700.v20140407-1004.jar
9e07e000-9e081000 r--s 00006000 08:06 10886492   /home/zaqwes/opt/eclipse_gae/configuration/org.eclipse.osgi/852/0/.cp/lib/jsr305-1.3.9.jar
9e084000-9e094000 r-xp 00000000 08:01 267869     /usr/lib/i386-linux-gnu/libgstinterfaces-0.10.so.0.25.0
9e094000-9e095000 r--p 0000f000 08:01 267869     /usr/lib/i386-linux-gnu/libgstinterfaces-0.10.so.0.25.0
9e095000-9e096000 rw-p 00010000 08:01 267869     /usr/lib/i386-linux-gnu/libgstinterfaces-0.10.so.0.25.0
9e096000-9e0a0000 r-xp 00000000 08:01 267867     /usr/lib/i386-linux-gnu/libgstfft-0.10.so.0.25.0
9e0a0000-9e0a1000 r--p 00009000 08:01 267867     /usr/lib/i386-linux-gnu/libgstfft-0.10.so.0.25.0
9e0a1000-9e0a2000 rw-p 0000a000 08:01 267867     /usr/lib/i386-linux-gnu/libgstfft-0.10.so.0.25.0
9e0a2000-9e139000 r--s 00964000 08:06 10623624   /home/zaqwes/opt/eclipse_gae/plugins/org.eclipse.jdt.ui_3.10.1.v20140817-1500.jar
9e13a000-9e13f000 r--s 0005c000 08:06 10623292   /home/zaqwes/opt/eclipse_gae/plugins/org.eclipse.m2e.model.edit_1.5.0.20140606-0033.jar
9e13f000-9e143000 r-xp 00000000 08:01 262        /lib/i386-linux-gnu/libuuid.so.1.3.0
9e143000-9e144000 r--p 00003000 08:01 262        /lib/i386-linux-gnu/libuuid.so.1.3.0
9e144000-9e145000 rw-p 00004000 08:01 262        /lib/i386-linux-gnu/libuuid.so.1.3.0
9e145000-9e182000 r-xp 00000000 08:01 267849     /usr/lib/i386-linux-gnu/libgstaudio-0.10.so.0.25.0
9e182000-9e183000 r--p 0003d000 08:01 267849     /usr/lib/i386-linux-gnu/libgstaudio-0.10.so.0.25.0
9e183000-9e184000 rw-p 0003e000 08:01 267849     /usr/lib/i386-linux-gnu/libgstaudio-0.10.so.0.25.0
9e184000-9e187000 ---p 00000000 00:00 0 
9e187000-9e1d5000 rw-p 00000000 00:00 0 
9e1da000-9e1ff000 r-xp 00000000 08:01 267586     /usr/lib/i386-linux-gnu/libdbus-glib-1.so.2.2.2
9e1ff000-9e200000 rw-p 00024000 08:01 267586     /usr/lib/i386-linux-gnu/libdbus-glib-1.so.2.2.2
9e200000-9e300000 rw-p 00000000 00:00 0 
9e300000-9e302000 r--s 00005000 08:06 10886501   /home/zaqwes/opt/eclipse_gae/configuration/org.eclipse.osgi/860/0/.cp/lib/com.google.gdt.googleapi.core.jar
9e302000-9e304000 r--s 00009000 08:06 10624175   /home/zaqwes/opt/eclipse_gae/plugins/org.eclipse.wst.internet.cache_1.0.600.v201203071939.jar
9e304000-9e307000 r--s 0006e000 08:06 10623711   /home/zaqwes/opt/eclipse_gae/plugins/org.eclipse.jst.standard.schemas_1.2.200.v201402052029.jar
9e307000-9e30e000 r--s 00076000 08:06 10623505   /home/zaqwes/opt/eclipse_gae/plugins/org.eclipse.persistence.moxy_2.6.0.v20130815-a4708b6.jar
9e30e000-9e310000 r--s 00046000 08:06 10623785   /home/zaqwes/opt/eclipse_gae/plugins/org.eclipse.jpt.common.eclipselink.core_1.3.100.v201308091549.jar
9e310000-9e313000 ---p 00000000 00:00 0 
9e313000-9e361000 rw-p 00000000 00:00 0 
9e361000-9e38b000 r--s 00240000 08:06 10623456   /home/zaqwes/opt/eclipse_gae/plugins/org.eclipse.ui.ide_3.10.1.v20140828-0944.jar
9e38b000-9e3a7000 r-xp 00000000 08:01 148        /lib/i386-linux-gnu/libgcc_s.so.1
9e3a7000-9e3a8000 rw-p 0001b000 08:01 148        /lib/i386-linux-gnu/libgcc_s.so.1
9e3a8000-9e3aa000 r--s 00002000 08:06 10623888   /home/zaqwes/opt/eclipse_gae/plugins/org.eclipse.wst.xsl.exslt.core_1.0.0.v201005240422.jar
9e3aa000-9e3ad000 r--s 0001a000 08:06 10623205   /home/zaqwes/opt/eclipse_gae/plugins/org.eclipse.wst.xsl.core_1.1.301.v201405151730.jar
9e3b1000-9e3c4000 r-xp 00000000 08:01 269380     /usr/lib/libgeoclue.so.0.0.0
9e3c4000-9e3c5000 rw-p 00013000 08:01 269380     /usr/lib/libgeoclue.so.0.0.0
9e3c5000-9e3f8000 r-xp 00000000 08:06 8793866    /home/zaqwes/opt/jre1.7.0_55/lib/i386/libsunec.so
9e3f8000-9e3fc000 rw-p 00032000 08:06 8793866    /home/zaqwes/opt/jre1.7.0_55/lib/i386/libsunec.so
9e3fc000-9e400000 rw-p 00000000 00:00 0 
9e400000-9e500000 rw-p 00000000 00:00 0 
9e501000-9e505000 r--s 00024000 08:06 10623650   /home/zaqwes/opt/eclipse_gae/plugins/org.eclipse.mylyn.java.ui_3.13.0.v20140702-2225.jar
9e505000-9e517000 r--s 004fd000 08:06 10624218   /home/zaqwes/opt/eclipse_gae/plugins/com.google.gwt.eclipse.core_3.7.0.v201407290036-rel-r44.jar
9e517000-9e527000 r--p 00000000 08:01 133387     /usr/share/fonts/opentype/cantarell/Cantarell-Bold.otf
9e52b000-9e537000 r-xp 00000000 08:01 267847     /usr/lib/i386-linux-gnu/libgstapp-0.10.so.0.25.0
9e537000-9e538000 r--p 0000b000 08:01 267847     /usr/lib/i386-linux-gnu/libgstapp-0.10.so.0.25.0
9e538000-9e539000 rw-p 0000c000 08:01 267847     /usr/lib/i386-linux-gnu/libgstapp-0.10.so.0.25.0
9e539000-9e53c000 ---p 00000000 00:00 0 
9e53c000-9e58a000 rw-p 00000000 00:00 0 
9e58a000-9e58d000 ---p 00000000 00:00 0 
9e58d000-9e5db000 rw-p 00000000 00:00 0 
9e5dc000-9e5de000 r--s 0000b000 08:06 10623623   /home/zaqwes/opt/eclipse_gae/plugins/org.eclipse.e4.ui.bindings_0.10.200.v20140424-2042.jar
9e5de000-9e5e6000 rw-p 00000000 00:00 0 
9e5ec000-9e5f2000 r--s 0003d000 08:06 10624168   /home/zaqwes/opt/eclipse_gae/plugins/org.eclipse.wst.common.snippets_1.2.200.v201204260225.jar
9e5f2000-9e5fa000 rwxp 00000000 00:00 0 
9e5fa000-9e5fe000 r-xp 00000000 08:01 266972     /usr/lib/i386-linux-gnu/gio/modules/libgiognomeproxy.so
9e5fe000-9e5ff000 r--p 00003000 08:01 266972     /usr/lib/i386-linux-gnu/gio/modules/libgiognomeproxy.so
9e5ff000-9e600000 rw-p 00004000 08:01 266972     /usr/lib/i386-linux-gnu/gio/modules/libgiognomeproxy.so
9e600000-9e6fa000 rw-p 00000000 00:00 0 
9e6fa000-9e700000 ---p 00000000 00:00 0 
9e700000-9e707000 r-xp 00000000 08:01 267398     /usr/lib/i386-linux-gnu/libSM.so.6.0.1
9e707000-9e708000 rw-p 00006000 08:01 267398     /usr/lib/i386-linux-gnu/libSM.so.6.0.1
9e708000-9e719000 r-xp 00000000 08:06 10754150   /home/zaqwes/opt/eclipse_gae/configuration/org.eclipse.osgi/673/0/.cp/libswt-webkit-gtk-4430.so
9e719000-9e71a000 rw-p 00010000 08:06 10754150   /home/zaqwes/opt/eclipse_gae/configuration/org.eclipse.osgi/673/0/.cp/libswt-webkit-gtk-4430.so
9e71a000-9e736000 r--s 00144000 08:06 10623262   /home/zaqwes/opt/eclipse_gae/plugins/org.eclipse.team.ui_3.7.100.v20130710-1213.jar
9e736000-9e73c000 r-xp 00000000 08:01 266826     /usr/lib/i386-linux-gnu/gdk-pixbuf-2.0/2.10.0/loaders/libpixbufloader-gif.so
9e73c000-9e73d000 r--p 00005000 08:01 266826     /usr/lib/i386-linux-gnu/gdk-pixbuf-2.0/2.10.0/loaders/libpixbufloader-gif.so
9e73d000-9e73e000 rw-p 00006000 08:01 266826     /usr/lib/i386-linux-gnu/gdk-pixbuf-2.0/2.10.0/loaders/libpixbufloader-gif.so
9e73f000-9e743000 r--p 00000000 08:06 4588395    /home/zaqwes/.config/dconf/user
9e743000-9e74b000 r-xp 00000000 08:01 267698     /usr/lib/i386-linux-gnu/libgailutil-3.so.0.0.0
9e74b000-9e74c000 r--p 00007000 08:01 267698     /usr/lib/i386-linux-gnu/libgailutil-3.so.0.0.0
9e74c000-9e74d000 rw-p 00008000 08:01 267698     /usr/lib/i386-linux-gnu/libgailutil-3.so.0.0.0
9e74d000-9e76c000 r--s 001b3000 08:06 10623966   /home/zaqwes/opt/eclipse_gae/plugins/org.eclipse.jgit_3.4.1.201406201815-r.jar
9e76c000-9e785000 r--s 0013a000 08:06 10623548   /home/zaqwes/opt/eclipse_gae/plugins/org.eclipse.jdt.debug.ui_3.6.300.v20140512-1926.jar
9e785000-9e82a000 r--p 00000000 08:01 133484     /usr/share/fonts/truetype/ttf-dejavu/DejaVuSans-Bold.ttf
9e82a000-9e82e000 r-xp 00000000 08:01 266832     /usr/lib/i386-linux-gnu/gdk-pixbuf-2.0/2.10.0/loaders/libpixbufloader-png.so
9e82e000-9e82f000 r--p 00003000 08:01 266832     /usr/lib/i386-linux-gnu/gdk-pixbuf-2.0/2.10.0/loaders/libpixbufloader-png.so
9e82f000-9e830000 rw-p 00004000 08:01 266832     /usr/lib/i386-linux-gnu/gdk-pixbuf-2.0/2.10.0/loaders/libpixbufloader-png.so
9e831000-9e844000 r--p 00000000 08:01 133388     /usr/share/fonts/opentype/cantarell/Cantarell-Regular.otf
9e844000-9e846000 r-xp 00000000 08:01 268409     /usr/lib/i386-linux-gnu/pango/1.6.0/modules/pango-basic-fc.so
9e846000-9e847000 r--p 00001000 08:01 268409     /usr/lib/i386-linux-gnu/pango/1.6.0/modules/pango-basic-fc.so
9e847000-9e848000 rw-p 00002000 08:01 268409     /usr/lib/i386-linux-gnu/pango/1.6.0/modules/pango-basic-fc.so
9e848000-9e84e000 r--s 00000000 08:01 152731     /var/cache/fontconfig/945677eb7aeaf62f1d50efc3fb3ec7d8-le32d4.cache-3
9e84e000-9e852000 r--s 00000000 08:01 152730     /var/cache/fontconfig/6eb3985aa4124903f6ff08ba781cd364-le32d4.cache-3
9e852000-9e859000 r--s 00000000 08:01 152723     /var/cache/fontconfig/6d41288fd70b0be22e8c3a91e032eec0-le32d4.cache-3
9e859000-9e866000 r--s 00000000 08:01 164196     /var/cache/fontconfig/d52a8644073d54c13679302ca1180695-le32d4.cache-3
9e866000-9e86b000 r-xp 00000000 08:01 267447     /usr/lib/i386-linux-gnu/libXtst.so.6.1.0
9e86b000-9e86c000 rw-p 00004000 08:01 267447     /usr/lib/i386-linux-gnu/libXtst.so.6.1.0
9e86c000-9e86d000 r--s 00000000 08:01 152739     /var/cache/fontconfig/4794a0821666d79190d59a36cb4f44b5-le32d4.cache-3
9e86d000-9e86f000 r--s 00000000 08:01 152720     /var/cache/fontconfig/c57959a16110560c8d0fcea73374aeeb-le32d4.cache-3
9e86f000-9e873000 r--s 00000000 08:01 152745     /var/cache/fontconfig/3047814df9a2f067bd2d96a2b9c36e5a-le32d4.cache-3
9e873000-9e879000 r--s 00000000 08:01 152734     /var/cache/fontconfig/3f7329c5293ffd510edef78f73874cfd-le32d4.cache-3
9e879000-9e880000 r--s 00000000 08:01 152728     /var/cache/fontconfig/83bf95040141907cd45bb53cf7c1c148-le32d4.cache-3
9e880000-9e888000 r-xp 00000000 08:06 10754141   /home/zaqwes/opt/eclipse_gae/configuration/org.eclipse.osgi/673/0/.cp/libswt-cairo-gtk-4430.so
9e888000-9e889000 rw-p 00007000 08:06 10754141   /home/zaqwes/opt/eclipse_gae/configuration/org.eclipse.osgi/673/0/.cp/libswt-cairo-gtk-4430.so
9e889000-9e8fd000 r-xp 00000000 08:06 10754140   /home/zaqwes/opt/eclipse_gae/configuration/org.eclipse.osgi/673/0/.cp/libswt-pi3-gtk-4430.so
9e8fd000-9e8ff000 rw-p 00074000 08:06 10754140   /home/zaqwes/opt/eclipse_gae/configuration/org.eclipse.osgi/673/0/.cp/libswt-pi3-gtk-4430.so
9e8ff000-9e900000 rw-p 00000000 00:00 0 
9e900000-9e9f9000 rw-p 00000000 00:00 0 
9e9f9000-9ea00000 ---p 00000000 00:00 0 
9ea00000-9ea01000 r--s 00000000 08:01 152735     /var/cache/fontconfig/c05880de57d1f5e948fdfacc138775d9-le32d4.cache-3
9ea01000-9ea03000 r--s 00000000 08:01 152724     /var/cache/fontconfig/e49e89034d371f0f9de17aab02136486-le32d4.cache-3
9ea03000-9ea04000 r--s 00000000 08:01 152722     /var/cache/fontconfig/4b14b093aebc79c320de5e86ae1d3314-le32d4.cache-3
9ea04000-9ea05000 r--s 00000000 08:01 152719     /var/cache/fontconfig/62f91419b9ebdb6975e7e41ab6412357-le32d4.cache-3
9ea05000-9ea07000 r--s 00000000 08:01 152746     /var/cache/fontconfig/e13b20fdb08344e0e664864cc2ede53d-le32d4.cache-3
9ea07000-9ea0b000 rwxp 00000000 00:00 0 
9ea0b000-9ea0e000 r-xp 00000000 08:06 10754139   /home/zaqwes/opt/eclipse_gae/configuration/org.eclipse.osgi/673/0/.cp/libswt-gtk-4430.so
9ea0e000-9ea0f000 rw-p 00003000 08:06 10754139   /home/zaqwes/opt/eclipse_gae/configuration/org.eclipse.osgi/673/0/.cp/libswt-gtk-4430.so
9ea0f000-9ea10000 rw-p 00000000 00:00 0 
9ea12000-9ea15000 ---p 00000000 00:00 0 
9ea15000-9ea63000 rw-p 00000000 00:00 0 
9ea66000-9ea70000 r-xp 00000000 08:01 269333     /usr/lib/libenchant.so.1.6.0
9ea70000-9ea71000 r--p 00009000 08:01 269333     /usr/lib/libenchant.so.1.6.0
9ea71000-9ea72000 rw-p 0000a000 08:01 269333     /usr/lib/libenchant.so.1.6.0
9ea72000-9ea79000 r--s 00049000 08:06 10623810   /home/zaqwes/opt/eclipse_gae/plugins/org.eclipse.ltk.core.refactoring_3.6.101.v20140817-1500.jar
9ea79000-9ea84000 r--s 001fc000 08:06 10624201   /home/zaqwes/opt/eclipse_gae/plugins/com.google.gdt.eclipse.core_3.7.0.v201407290036-rel-r44.jar
9ea84000-9ea86000 r--s 00007000 08:06 10623689   /home/zaqwes/opt/eclipse_gae/plugins/org.eclipse.mylyn.ide.ui_3.13.0.v20140702-2225.jar
9ea86000-9ea89000 r-xp 00000000 08:01 303171     /usr/lib/tls/libnvidia-tls.so.319.37
9ea89000-9ea8a000 rw-p 00003000 08:01 303171     /usr/lib/tls/libnvidia-tls.so.319.37
9ea8a000-9ea92000 r--s 00051000 08:06 10623353   /home/zaqwes/opt/eclipse_gae/plugins/org.eclipse.wst.common.project.facet.core_1.4.300.v201111030423.jar
9ea92000-9eabd000 r--s 00274000 08:06 10624049   /home/zaqwes/opt/eclipse_gae/plugins/org.eclipse.jst.j2ee.core_1.3.100.v201404161600.jar
9eabd000-9eac8000 r--s 00082000 08:06 10623421   /home/zaqwes/opt/eclipse_gae/plugins/org.eclipse.ui.editors_3.8.200.v20140401-1310.jar
9eac8000-9eadd000 r--s 00107000 08:06 10623491   /home/zaqwes/opt/eclipse_gae/plugins/org.eclipse.jface_3.10.1.v20140813-1009.jar
9eadd000-9eae2000 r--s 00029000 08:06 10623560   /home/zaqwes/opt/eclipse_gae/plugins/org.eclipse.e4.ui.workbench.swt_0.12.100.v20140530-1436.jar
9eae2000-9eaf7000 r--s 00241000 08:06 10623320   /home/zaqwes/opt/eclipse_gae/plugins/org.eclipse.swt.gtk.linux.x86_3.103.1.v20140903-1947.jar
9eaf7000-9eb0a000 r--s 000e0000 08:06 10623852   /home/zaqwes/opt/eclipse_gae/plugins/org.eclipse.jface.text_3.9.1.v20140827-1810.jar
9eb0a000-9eb4e000 r--s 00390000 08:06 10623804   /home/zaqwes/opt/eclipse_gae/plugins/org.eclipse.ui.workbench_3.106.1.v20140827-1737.jar
9eb4e000-9eb52000 r--s 00028000 08:06 10623726   /home/zaqwes/opt/eclipse_gae/plugins/org.eclipse.ui.console_3.5.300.v20140424-1437.jar
9eb52000-9eb55000 ---p 00000000 00:00 0 
9eb55000-9eba3000 rw-p 00000000 00:00 0 
9eba3000-9eba4000 r--s 00003000 08:06 10489275   /home/zaqwes/workspace_tae/.metadata/.plugins/com.google.appengine.eclipse.core/appengine-sdk-proxy.jar
9eba4000-9eba6000 r--s 00007000 08:06 10624192   /home/zaqwes/opt/eclipse_gae/plugins/com.google.appengine.eclipse.wtp.jpa_3.7.0.v201407290036-rel-r44.jar
9eba6000-9eba8000 r--s 0000c000 08:06 10624199   /home/zaqwes/opt/eclipse_gae/plugins/com.google.gdt.eclipse.appengine.swarm_3.7.0.v201407290036-rel-r44.jar
9eba8000-9ebba000 r--s 000dc000 08:06 10623967   /home/zaqwes/opt/eclipse_gae/plugins/org.eclipse.wst.xml.ui_1.1.500.v201403122203.jar
9ebba000-9ebd1000 r--s 00130000 08:06 10623504   /home/zaqwes/opt/eclipse_gae/plugins/org.apache.xerces_2.9.0.v201101211617.jar
9ebd1000-9ebda000 r--s 00086000 08:06 10623281   /home/zaqwes/opt/eclipse_gae/plugins/org.eclipse.team.cvs.core_3.3.600.v20131112-1442.jar
9ebda000-9ebe1000 r--s 00057000 08:06 10623977   /home/zaqwes/opt/eclipse_gae/plugins/org.eclipse.egit.core_3.4.1.201406201815-r.jar
9ebe1000-9ec02000 r--s 0019b000 08:06 10624150   /home/zaqwes/opt/eclipse_gae/plugins/org.eclipse.jst.j2ee_1.1.800.v201405212200.jar
9ec02000-9ec03000 r--s 00003000 08:06 9049740    /home/zaqwes/opt/jre1.7.0_55/lib/ext/sunec.jar
9ec03000-9ec06000 r--s 00037000 08:06 9049736    /home/zaqwes/opt/jre1.7.0_55/lib/ext/sunpkcs11.jar
9ec06000-9ec11000 r--s 00084000 08:06 10623882   /home/zaqwes/opt/eclipse_gae/plugins/org.eclipse.ui.workbench.texteditor_3.9.0.v20140411-1521.jar
9ec11000-9ec14000 ---p 00000000 00:00 0 
9ec14000-9ec62000 rw-p 00000000 00:00 0 
9ec62000-9ec64000 r--s 0000c000 08:06 10624216   /home/zaqwes/opt/eclipse_gae/plugins/com.google.gdt.eclipse.suite.ext_3.7.0.v201407290036-rel-r44.jar
9ec64000-9ec6b000 r--s 0003f000 08:06 10623984   /home/zaqwes/opt/eclipse_gae/plugins/org.eclipse.e4.ui.workbench_1.2.1.v20140901-1244.jar
9ec6b000-9ec6e000 ---p 00000000 00:00 0 
9ec6e000-9ecbc000 rw-p 00000000 00:00 0 
9ecbc000-9ecbf000 ---p 00000000 00:00 0 
9ecbf000-9ed0d000 rw-p 00000000 00:00 0 
9ed0d000-9ed10000 ---p 00000000 00:00 0 
9ed10000-9ed5e000 rw-p 00000000 00:00 0 
9ed5e000-9ed61000 ---p 00000000 00:00 0 
9ed61000-9edaf000 rw-p 00000000 00:00 0 
9edaf000-9edb2000 ---p 00000000 00:00 0 
9edb2000-9ee00000 rw-p 00000000 00:00 0 
9ee00000-9ef00000 rw-p 00000000 00:00 0 
9ef01000-9ef08000 r--s 00050000 08:06 10623898   /home/zaqwes/opt/eclipse_gae/plugins/org.eclipse.emf.common_2.10.1.v20140901-1043.jar
9ef08000-9ef11000 r--s 00251000 08:06 6947849    /home/zaqwes/opt/jre1.7.0_55/lib/resources.jar
9ef12000-9ef17000 r--s 00026000 08:06 10623922   /home/zaqwes/opt/eclipse_gae/plugins/org.eclipse.jst.common.project.facet.core_1.4.400.v201403261418.jar
9ef17000-9ef1a000 r--s 00013000 08:06 10623478   /home/zaqwes/opt/eclipse_gae/plugins/org.eclipse.jdt.core.manipulation_1.5.0.v20130605-1748.jar
9ef1a000-9ef1c000 r--s 0000f000 08:06 10623521   /home/zaqwes/opt/eclipse_gae/plugins/org.eclipse.mylyn.resources.ui_3.13.0.v20140702-2225.jar
9ef1c000-9ef1f000 r--s 00025000 08:06 10623366   /home/zaqwes/opt/eclipse_gae/plugins/org.eclipse.jdt.compiler.apt_1.1.0.v20140509-1235.jar
9ef1f000-9ef22000 r--s 00019000 08:06 10623291   /home/zaqwes/opt/eclipse_gae/plugins/org.eclipse.core.filebuffers_3.5.400.v20140127-1516.jar
9ef27000-9ef2a000 r--s 00018000 08:06 10623899   /home/zaqwes/opt/eclipse_gae/plugins/org.eclipse.core.commands_3.6.100.v20140528-1422.jar
9ef2a000-9ef2f000 r--s 00038000 08:06 10623607   /home/zaqwes/opt/eclipse_gae/plugins/org.eclipse.text_3.5.300.v20130515-1451.jar
9ef2f000-9ef32000 ---p 00000000 00:00 0 
9ef32000-9ef80000 rw-p 00000000 00:00 0 
9ef80000-9ef8e000 r-xp 00000000 08:06 8793861    /home/zaqwes/opt/jre1.7.0_55/lib/i386/libnio.so
9ef8e000-9ef8f000 rw-p 0000e000 08:06 8793861    /home/zaqwes/opt/jre1.7.0_55/lib/i386/libnio.so
9ef8f000-9efa3000 r--s 00121000 08:06 10623829   /home/zaqwes/opt/eclipse_gae/plugins/org.eclipse.osgi_3.10.1.v20140909-1633.jar
9efa3000-9efa5000 r--s 0000d000 08:06 10623201   /home/zaqwes/opt/eclipse_gae/plugins/org.eclipse.jdt.compiler.tool_1.0.300.v20140311-1758.jar
9efa5000-9efa7000 r--s 00014000 08:06 10623965   /home/zaqwes/opt/eclipse_gae/plugins/org.eclipse.core.expressions_3.4.600.v20140128-0851.jar
9efa7000-9efae000 r--s 00053000 08:06 10623567   /home/zaqwes/opt/eclipse_gae/plugins/org.eclipse.jdt.apt.core_3.3.600.v20140311-1758.jar
9efae000-9efc0000 r--s 00111000 08:06 10623418   /home/zaqwes/opt/eclipse_gae/plugins/org.eclipse.emf.ecore_2.10.1.v20140901-1043.jar
9efc0000-9efc2000 r-xp 00000000 08:06 10754200   /home/zaqwes/opt/eclipse_gae/configuration/org.eclipse.osgi/79/0/.cp/os/linux/x86/libunixfile_1_0_0.so
9efc2000-9efc3000 rw-p 00001000 08:06 10754200   /home/zaqwes/opt/eclipse_gae/configuration/org.eclipse.osgi/79/0/.cp/os/linux/x86/libunixfile_1_0_0.so
9efc3000-9efc4000 rw-p 00000000 00:00 0 
9efc6000-9efc9000 r--s 0001c000 08:06 10623394   /home/zaqwes/opt/eclipse_gae/plugins/org.eclipse.mylyn.context.core_3.13.0.v20140702-2225.jar
9efc9000-9efcd000 r--s 00029000 08:06 10623808   /home/zaqwes/opt/eclipse_gae/plugins/org.eclipse.equinox.registry_3.5.400.v20140428-1507.jar
9efcd000-9efcf000 r--s 00002000 08:06 10623445   /home/zaqwes/opt/eclipse_gae/plugins/org.eclipse.core.runtime.compatibility.registry_3.5.300.v20140128-0851/runtime_registry_compatibility.jar
9efcf000-9efd2000 r--s 00018000 08:06 10623717   /home/zaqwes/opt/eclipse_gae/plugins/org.eclipse.equinox.common_3.6.200.v20130402-1505.jar
9efd2000-9efdc000 r-xp 00000000 08:06 10754148   /home/zaqwes/opt/eclipse_gae/configuration/org.eclipse.osgi/673/0/.cp/libswt-atk-gtk-4430.so
9efdc000-9efdd000 rw-p 00009000 08:06 10754148   /home/zaqwes/opt/eclipse_gae/configuration/org.eclipse.osgi/673/0/.cp/libswt-atk-gtk-4430.so
9efdd000-9efdf000 r--s 0000b000 08:06 10623778   /home/zaqwes/opt/eclipse_gae/plugins/org.eclipse.mylyn.monitor.ui_3.13.0.v20140702-2155.jar
9efdf000-9efea000 r--s 000c1000 08:06 10623354   /home/zaqwes/opt/eclipse_gae/plugins/org.eclipse.core.resources_3.9.1.v20140825-1431.jar
9efea000-9eff3000 r--s 0005a000 08:06 10623706   /home/zaqwes/opt/eclipse_gae/plugins/org.eclipse.team.core_3.7.0.v20130514-1224.jar
9eff3000-9effe000 r--s 00363000 08:06 6947851    /home/zaqwes/opt/jre1.7.0_55/lib/charsets.jar
9effe000-9f006000 r--s 00050000 08:06 10623625   /home/zaqwes/opt/eclipse_gae/plugins/org.eclipse.debug.core_3.9.1.v20140805-1629.jar
9f006000-9f007000 r--s 00000000 08:06 4588281    /home/zaqwes/.cache/dconf/user
9f007000-9f026000 r--s 00000000 08:01 430384     /usr/share/mime/mime.cache
9f026000-9f02f000 r-xp 00000000 08:01 70         /lib/i386-linux-gnu/i686/cmov/libcrypt-2.13.so
9f02f000-9f030000 r--p 00008000 08:01 70         /lib/i386-linux-gnu/i686/cmov/libcrypt-2.13.so
9f030000-9f031000 rw-p 00009000 08:01 70         /lib/i386-linux-gnu/i686/cmov/libcrypt-2.13.so
9f031000-9f058000 rw-p 00000000 00:00 0 
9f058000-9f061000 r-xp 00000000 08:01 267989     /usr/lib/i386-linux-gnu/libltdl.so.7.3.0
9f061000-9f062000 rw-p 00008000 08:01 267989     /usr/lib/i386-linux-gnu/libltdl.so.7.3.0
9f062000-9f073000 r-xp 00000000 08:01 268242     /usr/lib/i386-linux-gnu/libtdb.so.1.2.10
9f073000-9f074000 rw-p 00011000 08:01 268242     /usr/lib/i386-linux-gnu/libtdb.so.1.2.10
9f074000-9f07a000 r-xp 00000000 08:01 268053     /usr/lib/i386-linux-gnu/libogg.so.0.8.0
9f07a000-9f07b000 rw-p 00005000 08:01 268053     /usr/lib/i386-linux-gnu/libogg.so.0.8.0
9f07b000-9f0a5000 r-xp 00000000 08:01 268316     /usr/lib/i386-linux-gnu/libvorbis.so.0.4.5
9f0a5000-9f0a6000 r--p 00029000 08:01 268316     /usr/lib/i386-linux-gnu/libvorbis.so.0.4.5
9f0a6000-9f0a7000 rw-p 0002a000 08:01 268316     /usr/lib/i386-linux-gnu/libvorbis.so.0.4.5
9f0a7000-9f0af000 r-xp 00000000 08:01 268320     /usr/lib/i386-linux-gnu/libvorbisfile.so.3.3.4
9f0af000-9f0b0000 r--p 00007000 08:01 268320     /usr/lib/i386-linux-gnu/libvorbisfile.so.3.3.4
9f0b0000-9f0b1000 rw-p 00008000 08:01 268320     /usr/lib/i386-linux-gnu/libvorbisfile.so.3.3.4
9f0b1000-9f0d6000 r-xp 00000000 08:01 170        /lib/i386-linux-gnu/liblzma.so.5.0.0
9f0d6000-9f0d7000 r--p 00024000 08:01 170        /lib/i386-linux-gnu/liblzma.so.5.0.0
9f0d7000-9f0d8000 rw-p 00025000 08:01 170        /lib/i386-linux-gnu/liblzma.so.5.0.0
9f0d8000-9f225000 r-xp 00000000 08:01 361927     /usr/lib/i386-linux-gnu/libxml2.so.2.8.0
9f225000-9f226000 ---p 0014d000 08:01 361927     /usr/lib/i386-linux-gnu/libxml2.so.2.8.0
9f226000-9f22a000 r--p 0014d000 08:01 361927     /usr/lib/i386-linux-gnu/libxml2.so.2.8.0
9f22a000-9f22b000 rw-p 00151000 08:01 361927     /usr/lib/i386-linux-gnu/libxml2.so.2.8.0
9f22b000-9f22c000 rw-p 00000000 00:00 0 
9f22c000-9f265000 r-xp 00000000 08:01 267562     /usr/lib/i386-linux-gnu/libcroco-0.6.so.3.0.1
9f265000-9f267000 r--p 00039000 08:01 267562     /usr/lib/i386-linux-gnu/libcroco-0.6.so.3.0.1
9f267000-9f268000 rw-p 0003b000 08:01 267562     /usr/lib/i386-linux-gnu/libcroco-0.6.so.3.0.1
9f268000-9f2a0000 r-xp 00000000 08:01 268166     /usr/lib/i386-linux-gnu/librsvg-2.so.2.36.1
9f2a0000-9f2a1000 r--p 00037000 08:01 268166     /usr/lib/i386-linux-gnu/librsvg-2.so.2.36.1
9f2a1000-9f2a2000 rw-p 00038000 08:01 268166     /usr/lib/i386-linux-gnu/librsvg-2.so.2.36.1
9f2a4000-9f2b9000 r-xp 00000000 08:06 8793882    /home/zaqwes/opt/jre1.7.0_55/lib/i386/libnet.so
9f2b9000-9f2ba000 rw-p 00014000 08:06 8793882    /home/zaqwes/opt/jre1.7.0_55/lib/i386/libnet.so
9f2ba000-9f2bd000 r-xp 00000000 08:01 266825     /usr/lib/i386-linux-gnu/gdk-pixbuf-2.0/2.10.0/loaders/libpixbufloader-bmp.so
9f2bd000-9f2be000 r--p 00002000 08:01 266825     /usr/lib/i386-linux-gnu/gdk-pixbuf-2.0/2.10.0/loaders/libpixbufloader-bmp.so
9f2be000-9f2bf000 rw-p 00003000 08:01 266825     /usr/lib/i386-linux-gnu/gdk-pixbuf-2.0/2.10.0/loaders/libpixbufloader-bmp.so
9f2bf000-9f2c3000 r-xp 00000000 08:01 265477     /usr/lib/gtk-3.0/3.0.0/theming-engines/libadwaita.so
9f2c3000-9f2c4000 r--p 00003000 08:01 265477     /usr/lib/gtk-3.0/3.0.0/theming-engines/libadwaita.so
9f2c4000-9f2c5000 rw-p 00004000 08:01 265477     /usr/lib/gtk-3.0/3.0.0/theming-engines/libadwaita.so
9f2c7000-9f2cb000 r-xp 00000000 08:01 267528     /usr/lib/i386-linux-gnu/libcanberra-gtk3.so.0.1.8
9f2cb000-9f2cc000 r--p 00003000 08:01 267528     /usr/lib/i386-linux-gnu/libcanberra-gtk3.so.0.1.8
9f2cc000-9f2cd000 rw-p 00004000 08:01 267528     /usr/lib/i386-linux-gnu/libcanberra-gtk3.so.0.1.8
9f2cd000-9f2dd000 r-xp 00000000 08:01 267530     /usr/lib/i386-linux-gnu/libcanberra.so.0.2.5
9f2dd000-9f2de000 r--p 0000f000 08:01 267530     /usr/lib/i386-linux-gnu/libcanberra.so.0.2.5
9f2de000-9f2df000 rw-p 00010000 08:01 267530     /usr/lib/i386-linux-gnu/libcanberra.so.0.2.5
9f2df000-9f2e4000 r-xp 00000000 08:01 267324     /usr/lib/i386-linux-gnu/gtk-3.0/modules/libcanberra-gtk3-module.so
9f2e4000-9f2e5000 r--p 00004000 08:01 267324     /usr/lib/i386-linux-gnu/gtk-3.0/modules/libcanberra-gtk3-module.so
9f2e5000-9f2e6000 rw-p 00005000 08:01 267324     /usr/lib/i386-linux-gnu/gtk-3.0/modules/libcanberra-gtk3-module.so
9f2e6000-9f311000 r-xp 00000000 08:01 266976     /usr/lib/i386-linux-gnu/gio/modules/libgvfsdbus.so
9f311000-9f312000 r--p 0002a000 08:01 266976     /usr/lib/i386-linux-gnu/gio/modules/libgvfsdbus.so
9f312000-9f313000 rw-p 0002b000 08:01 266976     /usr/lib/i386-linux-gnu/gio/modules/libgvfsdbus.so
9f313000-9f342000 r-xp 00000000 08:01 267509     /usr/lib/i386-linux-gnu/libbluray.so.1.1.0
9f342000-9f343000 r--p 0002f000 08:01 267509     /usr/lib/i386-linux-gnu/libbluray.so.1.1.0
9f343000-9f344000 rw-p 00030000 08:01 267509     /usr/lib/i386-linux-gnu/libbluray.so.1.1.0
9f344000-9f35b000 r-xp 00000000 08:01 267347     /usr/lib/i386-linux-gnu/gvfs/libgvfscommon.so
9f35b000-9f35c000 r--p 00016000 08:01 267347     /usr/lib/i386-linux-gnu/gvfs/libgvfscommon.so
9f35c000-9f35d000 rw-p 00017000 08:01 267347     /usr/lib/i386-linux-gnu/gvfs/libgvfscommon.so
9f35d000-9f3a6000 r-xp 00000000 08:01 135        /lib/i386-linux-gnu/libdbus-1.so.3.7.2
9f3a6000-9f3a7000 ---p 00049000 08:01 135        /lib/i386-linux-gnu/libdbus-1.so.3.7.2
9f3a7000-9f3a8000 r--p 00049000 08:01 135        /lib/i386-linux-gnu/libdbus-1.so.3.7.2
9f3a8000-9f3a9000 rw-p 0004a000 08:01 135        /lib/i386-linux-gnu/libdbus-1.so.3.7.2
9f3a9000-9f3aa000 rw-p 00000000 00:00 0 
9f3ab000-9f3ad000 r--s 00008000 08:06 10623604   /home/zaqwes/opt/eclipse_gae/plugins/org.eclipse.mylyn.monitor.core_3.13.0.v20140702-2155.jar
9f3ad000-9f3bb000 r-xp 00000000 08:01 252        /lib/i386-linux-gnu/libudev.so.0.13.0
9f3bb000-9f3bc000 r--p 0000d000 08:01 252        /lib/i386-linux-gnu/libudev.so.0.13.0
9f3bc000-9f3bd000 rw-p 0000e000 08:01 252        /lib/i386-linux-gnu/libudev.so.0.13.0
9f3bd000-9f3c4000 r-xp 00000000 08:01 266971     /usr/lib/i386-linux-gnu/gio/modules/libdconfsettings.so
9f3c4000-9f3c5000 r--p 00006000 08:01 266971     /usr/lib/i386-linux-gnu/gio/modules/libdconfsettings.so
9f3c5000-9f3c6000 rw-p 00007000 08:01 266971     /usr/lib/i386-linux-gnu/gio/modules/libdconfsettings.so
9f3c6000-9f423000 r--p 00000000 08:01 21844      /usr/share/themes/Adwaita/gtk-3.0/gtk.gresource
9f423000-9f442000 r-xp 00000000 08:01 267477     /usr/lib/i386-linux-gnu/libatk-1.0.so.0.20409.1
9f442000-9f444000 r--p 0001e000 08:01 267477     /usr/lib/i386-linux-gnu/libatk-1.0.so.0.20409.1
9f444000-9f445000 rw-p 00020000 08:01 267477     /usr/lib/i386-linux-gnu/libatk-1.0.so.0.20409.1
9f445000-9f901000 r-xp 00000000 08:01 267900     /usr/lib/i386-linux-gnu/libgtk-3.so.0.400.2
9f901000-9f905000 r--p 004bc000 08:01 267900     /usr/lib/i386-linux-gnu/libgtk-3.so.0.400.2
9f905000-9f908000 rw-p 004c0000 08:01 267900     /usr/lib/i386-linux-gnu/libgtk-3.so.0.400.2
9f908000-9f909000 rw-p 00000000 00:00 0 
9f909000-9f90e000 r-xp 00000000 08:01 267421     /usr/lib/i386-linux-gnu/libXdmcp.so.6.0.0
9f90e000-9f90f000 rw-p 00004000 08:01 267421     /usr/lib/i386-linux-gnu/libXdmcp.so.6.0.0
9f90f000-9f911000 r-xp 00000000 08:01 267410     /usr/lib/i386-linux-gnu/libXau.so.6.0.0
9f911000-9f912000 rw-p 00001000 08:01 267410     /usr/lib/i386-linux-gnu/libXau.so.6.0.0
9f912000-9f94f000 r-xp 00000000 08:01 218        /lib/i386-linux-gnu/libpcre.so.3.13.1
9f94f000-9f950000 rw-p 0003c000 08:01 218        /lib/i386-linux-gnu/libpcre.so.3.13.1
9f950000-9f958000 r-xp 00000000 08:01 267645     /usr/lib/i386-linux-gnu/libffi.so.5.0.10
9f958000-9f959000 rw-p 00008000 08:01 267645     /usr/lib/i386-linux-gnu/libffi.so.5.0.10
9f959000-9f95a000 r-xp 00000000 08:01 267895     /usr/lib/i386-linux-gnu/libgthread-2.0.so.0.3200.4
9f95a000-9f95b000 r--p 00000000 08:01 267895     /usr/lib/i386-linux-gnu/libgthread-2.0.so.0.3200.4
9f95b000-9f95c000 rw-p 00001000 08:01 267895     /usr/lib/i386-linux-gnu/libgthread-2.0.so.0.3200.4
9f95c000-9f981000 r-xp 00000000 08:01 143        /lib/i386-linux-gnu/libexpat.so.1.6.0
9f981000-9f983000 r--p 00025000 08:01 143        /lib/i386-linux-gnu/libexpat.so.1.6.0
9f983000-9f984000 rw-p 00027000 08:01 143        /lib/i386-linux-gnu/libexpat.so.1.6.0
9f984000-9f9a5000 r-xp 00000000 08:01 268349     /usr/lib/i386-linux-gnu/libxcb.so.1.1.0
9f9a5000-9f9a6000 r--p 00020000 08:01 268349     /usr/lib/i386-linux-gnu/libxcb.so.1.1.0
9f9a6000-9f9a7000 rw-p 00021000 08:01 268349     /usr/lib/i386-linux-gnu/libxcb.so.1.1.0
9f9a7000-9f9b0000 r-xp 00000000 08:01 268341     /usr/lib/i386-linux-gnu/libxcb-render.so.0.0.0
9f9b0000-9f9b1000 r--p 00008000 08:01 268341     /usr/lib/i386-linux-gnu/libxcb-render.so.0.0.0
9f9b1000-9f9b2000 rw-p 00009000 08:01 268341     /usr/lib/i386-linux-gnu/libxcb-render.so.0.0.0
9f9b2000-9f9b4000 r-xp 00000000 08:01 268345     /usr/lib/i386-linux-gnu/libxcb-shm.so.0.0.0
9f9b4000-9f9b5000 r--p 00001000 08:01 268345     /usr/lib/i386-linux-gnu/libxcb-shm.so.0.0.0
9f9b5000-9f9b6000 rw-p 00002000 08:01 268345     /usr/lib/i386-linux-gnu/libxcb-shm.so.0.0.0
9f9b6000-9fa49000 r-xp 00000000 08:01 268099     /usr/lib/i386-linux-gnu/libpixman-1.so.0.26.0
9fa49000-9fa4d000 rw-p 00093000 08:01 268099     /usr/lib/i386-linux-gnu/libpixman-1.so.0.26.0
9fa4d000-9fa56000 r-xp 00000000 08:01 267441     /usr/lib/i386-linux-gnu/libXrender.so.1.3.0
9fa56000-9fa57000 rw-p 00008000 08:01 267441     /usr/lib/i386-linux-gnu/libXrender.so.1.3.0
9fa57000-9fa67000 r-xp 00000000 08:01 94         /lib/i386-linux-gnu/i686/cmov/libresolv-2.13.so
9fa67000-9fa68000 r--p 00010000 08:01 94         /lib/i386-linux-gnu/i686/cmov/libresolv-2.13.so
9fa68000-9fa69000 rw-p 00011000 08:01 94         /lib/i386-linux-gnu/i686/cmov/libresolv-2.13.so
9fa69000-9fa6b000 rw-p 00000000 00:00 0 
9fa6b000-9fa89000 r-xp 00000000 08:01 235        /lib/i386-linux-gnu/libselinux.so.1
9fa89000-9fa8a000 r--p 0001d000 08:01 235        /lib/i386-linux-gnu/libselinux.so.1
9fa8a000-9fa8b000 rw-p 0001e000 08:01 235        /lib/i386-linux-gnu/libselinux.so.1
9fa8b000-9faa2000 r-xp 00000000 08:01 267        /lib/i386-linux-gnu/libz.so.1.2.7
9faa2000-9faa3000 r--p 00016000 08:01 267        /lib/i386-linux-gnu/libz.so.1.2.7
9faa3000-9faa4000 rw-p 00017000 08:01 267        /lib/i386-linux-gnu/libz.so.1.2.7
9faa4000-9facc000 r-xp 00000000 08:01 220        /lib/i386-linux-gnu/libpng12.so.0.49.0
9facc000-9facd000 r--p 00027000 08:01 220        /lib/i386-linux-gnu/libpng12.so.0.49.0
9facd000-9face000 rw-p 00028000 08:01 220        /lib/i386-linux-gnu/libpng12.so.0.49.0
9face000-9fad1000 r-xp 00000000 08:01 267736     /usr/lib/i386-linux-gnu/libgmodule-2.0.so.0.3200.4
9fad1000-9fad2000 r--p 00002000 08:01 267736     /usr/lib/i386-linux-gnu/libgmodule-2.0.so.0.3200.4
9fad2000-9fad3000 rw-p 00003000 08:01 267736     /usr/lib/i386-linux-gnu/libgmodule-2.0.so.0.3200.4
9fad3000-9fbce000 r-xp 00000000 08:01 152        /lib/i386-linux-gnu/libglib-2.0.so.0.3200.4
9fbce000-9fbcf000 r--p 000fa000 08:01 152        /lib/i386-linux-gnu/libglib-2.0.so.0.3200.4
9fbcf000-9fbd0000 rw-p 000fb000 08:01 152        /lib/i386-linux-gnu/libglib-2.0.so.0.3200.4
9fbd0000-9fc20000 r-xp 00000000 08:01 267752     /usr/lib/i386-linux-gnu/libgobject-2.0.so.0.3200.4
9fc20000-9fc21000 r--p 00050000 08:01 267752     /usr/lib/i386-linux-gnu/libgobject-2.0.so.0.3200.4
9fc21000-9fc22000 rw-p 00051000 08:01 267752     /usr/lib/i386-linux-gnu/libgobject-2.0.so.0.3200.4
9fc22000-9fc56000 r-xp 00000000 08:01 267683     /usr/lib/i386-linux-gnu/libfontconfig.so.1.5.0
9fc56000-9fc57000 r--p 00033000 08:01 267683     /usr/lib/i386-linux-gnu/libfontconfig.so.1.5.0
9fc57000-9fc58000 rw-p 00034000 08:01 267683     /usr/lib/i386-linux-gnu/libfontconfig.so.1.5.0
9fc58000-9fcef000 r-xp 00000000 08:01 267691     /usr/lib/i386-linux-gnu/libfreetype.so.6.8.1
9fcef000-9fcf3000 r--p 00096000 08:01 267691     /usr/lib/i386-linux-gnu/libfreetype.so.6.8.1
9fcf3000-9fcf4000 rw-p 0009a000 08:01 267691     /usr/lib/i386-linux-gnu/libfreetype.so.6.8.1
9fcf4000-9fd3e000 r-xp 00000000 08:01 268077     /usr/lib/i386-linux-gnu/libpango-1.0.so.0.3000.0
9fd3e000-9fd3f000 r--p 0004a000 08:01 268077     /usr/lib/i386-linux-gnu/libpango-1.0.so.0.3000.0
9fd3f000-9fd40000 rw-p 0004b000 08:01 268077     /usr/lib/i386-linux-gnu/libpango-1.0.so.0.3000.0
9fd40000-9fd6c000 r-xp 00000000 08:01 268081     /usr/lib/i386-linux-gnu/libpangoft2-1.0.so.0.3000.0
9fd6c000-9fd6d000 r--p 0002b000 08:01 268081     /usr/lib/i386-linux-gnu/libpangoft2-1.0.so.0.3000.0
9fd6d000-9fd6e000 rw-p 0002c000 08:01 268081     /usr/lib/i386-linux-gnu/libpangoft2-1.0.so.0.3000.0
9fd6e000-9fea2000 r-xp 00000000 08:01 267406     /usr/lib/i386-linux-gnu/libX11.so.6.3.0
9fea2000-9fea6000 rw-p 00133000 08:01 267406     /usr/lib/i386-linux-gnu/libX11.so.6.3.0
9fea6000-9ffb0000 r-xp 00000000 08:01 267521     /usr/lib/i386-linux-gnu/libcairo.so.2.11200.2
9ffb0000-9ffb2000 r--p 00109000 08:01 267521     /usr/lib/i386-linux-gnu/libcairo.so.2.11200.2
9ffb2000-9ffb3000 rw-p 0010b000 08:01 267521     /usr/lib/i386-linux-gnu/libcairo.so.2.11200.2
9ffb3000-9ffb4000 rw-p 00000000 00:00 0 
9ffb4000-9ffb8000 r-xp 00000000 08:01 267425     /usr/lib/i386-linux-gnu/libXfixes.so.3.1.0
9ffb8000-9ffb9000 r--p 00003000 08:01 267425     /usr/lib/i386-linux-gnu/libXfixes.so.3.1.0
9ffb9000-9ffba000 rw-p 00004000 08:01 267425     /usr/lib/i386-linux-gnu/libXfixes.so.3.1.0
9ffba000-9ffbc000 r-xp 00000000 08:01 267419     /usr/lib/i386-linux-gnu/libXdamage.so.1.1.0
9ffbc000-9ffbd000 rw-p 00001000 08:01 267419     /usr/lib/i386-linux-gnu/libXdamage.so.1.1.0
9ffbd000-9ffbf000 r-xp 00000000 08:01 267415     /usr/lib/i386-linux-gnu/libXcomposite.so.1.0.0
9ffbf000-9ffc0000 rw-p 00001000 08:01 267415     /usr/lib/i386-linux-gnu/libXcomposite.so.1.0.0
9ffc0000-9ffc9000 r-xp 00000000 08:01 267417     /usr/lib/i386-linux-gnu/libXcursor.so.1.0.2
9ffc9000-9ffca000 rw-p 00009000 08:01 267417     /usr/lib/i386-linux-gnu/libXcursor.so.1.0.2
9ffca000-9ffd1000 r-xp 00000000 08:01 267439     /usr/lib/i386-linux-gnu/libXrandr.so.2.2.0
9ffd1000-9ffd2000 rw-p 00006000 08:01 267439     /usr/lib/i386-linux-gnu/libXrandr.so.2.2.0
9ffd2000-9ffe0000 r-xp 00000000 08:01 267429     /usr/lib/i386-linux-gnu/libXi.so.6.1.0
9ffe0000-9ffe1000 rw-p 0000e000 08:01 267429     /usr/lib/i386-linux-gnu/libXi.so.6.1.0
9ffe1000-9fff2000 r-xp 00000000 08:01 267423     /usr/lib/i386-linux-gnu/libXext.so.6.4.0
9fff2000-9fff3000 rw-p 00010000 08:01 267423     /usr/lib/i386-linux-gnu/libXext.so.6.4.0
9fff3000-a014e000 r-xp 00000000 08:01 267726     /usr/lib/i386-linux-gnu/libgio-2.0.so.0.3200.4
a014e000-a014f000 ---p 0015b000 08:01 267726     /usr/lib/i386-linux-gnu/libgio-2.0.so.0.3200.4
a014f000-a0151000 r--p 0015b000 08:01 267726     /usr/lib/i386-linux-gnu/libgio-2.0.so.0.3200.4
a0151000-a0152000 rw-p 0015d000 08:01 267726     /usr/lib/i386-linux-gnu/libgio-2.0.so.0.3200.4
a0152000-a0153000 rw-p 00000000 00:00 0 
a0153000-a0173000 r-xp 00000000 08:01 267714     /usr/lib/i386-linux-gnu/libgdk_pixbuf-2.0.so.0.2600.1
a0173000-a0174000 r--p 0001f000 08:01 267714     /usr/lib/i386-linux-gnu/libgdk_pixbuf-2.0.so.0.2600.1
a0174000-a0175000 rw-p 00020000 08:01 267714     /usr/lib/i386-linux-gnu/libgdk_pixbuf-2.0.so.0.2600.1
a0175000-a0180000 r-xp 00000000 08:01 268079     /usr/lib/i386-linux-gnu/libpangocairo-1.0.so.0.3000.0
a0180000-a0181000 r--p 0000b000 08:01 268079     /usr/lib/i386-linux-gnu/libpangocairo-1.0.so.0.3000.0
a0181000-a0182000 rw-p 0000c000 08:01 268079     /usr/lib/i386-linux-gnu/libpangocairo-1.0.so.0.3000.0
a0182000-a01fc000 r-xp 00000000 08:01 267710     /usr/lib/i386-linux-gnu/libgdk-3.so.0.400.2
a01fc000-a01fd000 ---p 0007a000 08:01 267710     /usr/lib/i386-linux-gnu/libgdk-3.so.0.400.2
a01fd000-a01ff000 r--p 0007a000 08:01 267710     /usr/lib/i386-linux-gnu/libgdk-3.so.0.400.2
a01ff000-a0200000 rw-p 0007c000 08:01 267710     /usr/lib/i386-linux-gnu/libgdk-3.so.0.400.2
a0200000-a02fa000 rw-p 00000000 00:00 0 
a02fa000-a0300000 ---p 00000000 00:00 0 
a0300000-a0302000 r--s 00016000 08:06 10623481   /home/zaqwes/opt/eclipse_gae/plugins/org.eclipse.core.jobs_3.6.0.v20140424-0053.jar
a0304000-a0306000 r-xp 00000000 08:01 100        /lib/i386-linux-gnu/i686/cmov/libutil-2.13.so
a0306000-a0307000 r--p 00001000 08:01 100        /lib/i386-linux-gnu/i686/cmov/libutil-2.13.so
a0307000-a0308000 rw-p 00002000 08:01 100        /lib/i386-linux-gnu/i686/cmov/libutil-2.13.so
a0308000-a0319000 r-xp 00000000 08:01 266975     /usr/lib/i386-linux-gnu/gio/modules/libgioremote-volume-monitor.so
a0319000-a031a000 r--p 00010000 08:01 266975     /usr/lib/i386-linux-gnu/gio/modules/libgioremote-volume-monitor.so
a031a000-a031b000 rw-p 00011000 08:01 266975     /usr/lib/i386-linux-gnu/gio/modules/libgioremote-volume-monitor.so
a031b000-a031c000 r--p 00000000 08:01 532529     /usr/share/locale/en/LC_MESSAGES/gtk30-properties.mo
a031c000-a031d000 r--p 00000000 08:01 532530     /usr/share/locale/en/LC_MESSAGES/gtk30.mo
a031d000-a031e000 ---p 00000000 00:00 0 
a031e000-a039e000 rw-p 00000000 00:00 0 
a039e000-a03a1000 ---p 00000000 00:00 0 
a03a1000-a03ef000 rw-p 00000000 00:00 0 
a03ef000-a03f2000 ---p 00000000 00:00 0 
a03f2000-a0470000 rw-p 00000000 00:00 0 
a0470000-a0473000 ---p 00000000 00:00 0 
a0473000-a04c1000 rw-p 00000000 00:00 0 
a04c1000-a04c4000 ---p 00000000 00:00 0 
a04c4000-a0512000 rw-p 00000000 00:00 0 
a0512000-a0515000 ---p 00000000 00:00 0 
a0515000-a0563000 rw-p 00000000 00:00 0 
a0563000-a0564000 ---p 00000000 00:00 0 
a0564000-a062f000 rw-p 00000000 00:00 0 
a062f000-a07ed000 r--s 031b1000 08:06 6947810    /home/zaqwes/opt/jre1.7.0_55/lib/rt.jar
a07ed000-a0868000 rw-p 00000000 00:00 0 
a0868000-a0869000 rw-p 00000000 00:00 0 
a0869000-a08bf000 rw-p 00000000 00:00 0 
a08bf000-a08e9000 rw-p 00000000 00:00 0 
a08e9000-a093f000 rw-p 00000000 00:00 0 
a093f000-a095f000 rw-p 00000000 00:00 0 
a095f000-a5eb0000 rw-p 00000000 00:00 0 
a5eb0000-b0960000 rw-p 00000000 00:00 0 
b0960000-b48e0000 rw-p 00000000 00:00 0 
b48e0000-b4960000 rw-p 00000000 00:00 0 
b4960000-b4962000 r-xp 00000000 08:01 267431     /usr/lib/i386-linux-gnu/libXinerama.so.1.0.0
b4962000-b4963000 rw-p 00001000 08:01 267431     /usr/lib/i386-linux-gnu/libXinerama.so.1.0.0
b4963000-b4968000 r-xp 00000000 08:01 267519     /usr/lib/i386-linux-gnu/libcairo-gobject.so.2.11200.2
b4968000-b4969000 r--p 00005000 08:01 267519     /usr/lib/i386-linux-gnu/libcairo-gobject.so.2.11200.2
b4969000-b496a000 rw-p 00006000 08:01 267519     /usr/lib/i386-linux-gnu/libcairo-gobject.so.2.11200.2
b496a000-b496d000 r--s 00039000 08:06 10623400   /home/zaqwes/opt/eclipse_gae/plugins/org.eclipse.osgi.compatibility.state_1.0.1.v20140709-1414.jar
b496d000-b49a4000 rw-p 00000000 00:00 0 
b49a4000-b49ed000 rw-p 00000000 00:00 0 
b49ed000-b5775000 rwxp 00000000 00:00 0 
b5775000-b69ed000 rw-p 00000000 00:00 0 
b69ed000-b69f7000 r-xp 00000000 08:01 83         /lib/i386-linux-gnu/i686/cmov/libnss_files-2.13.so
b69f7000-b69f8000 r--p 00009000 08:01 83         /lib/i386-linux-gnu/i686/cmov/libnss_files-2.13.so
b69f8000-b69f9000 rw-p 0000a000 08:01 83         /lib/i386-linux-gnu/i686/cmov/libnss_files-2.13.so
b69f9000-b6a02000 r-xp 00000000 08:01 87         /lib/i386-linux-gnu/i686/cmov/libnss_nis-2.13.so
b6a02000-b6a03000 r--p 00008000 08:01 87         /lib/i386-linux-gnu/i686/cmov/libnss_nis-2.13.so
b6a03000-b6a04000 rw-p 00009000 08:01 87         /lib/i386-linux-gnu/i686/cmov/libnss_nis-2.13.so
b6a04000-b6a17000 r-xp 00000000 08:01 77         /lib/i386-linux-gnu/i686/cmov/libnsl-2.13.so
b6a17000-b6a18000 r--p 00012000 08:01 77         /lib/i386-linux-gnu/i686/cmov/libnsl-2.13.so
b6a18000-b6a19000 rw-p 00013000 08:01 77         /lib/i386-linux-gnu/i686/cmov/libnsl-2.13.so
b6a19000-b6a1b000 rw-p 00000000 00:00 0 
b6a1b000-b6a1c000 r--s 00000000 08:06 4720669    /home/zaqwes/.local/share/mime/mime.cache
b6a1c000-b6a20000 r--s 0007d000 08:06 6947820    /home/zaqwes/opt/jre1.7.0_55/lib/jsse.jar
b6a20000-b6a37000 r-xp 00000000 08:06 8793875    /home/zaqwes/opt/jre1.7.0_55/lib/i386/libzip.so
b6a37000-b6a38000 rw-p 00017000 08:06 8793875    /home/zaqwes/opt/jre1.7.0_55/lib/i386/libzip.so
b6a38000-b6a5b000 r-xp 00000000 08:06 8793852    /home/zaqwes/opt/jre1.7.0_55/lib/i386/libjava.so
b6a5b000-b6a5c000 rw-p 00022000 08:06 8793852    /home/zaqwes/opt/jre1.7.0_55/lib/i386/libjava.so
b6a5c000-b6a80000 r-xp 00000000 08:01 74         /lib/i386-linux-gnu/i686/cmov/libm-2.13.so
b6a80000-b6a81000 r--p 00023000 08:01 74         /lib/i386-linux-gnu/i686/cmov/libm-2.13.so
b6a81000-b6a82000 rw-p 00024000 08:01 74         /lib/i386-linux-gnu/i686/cmov/libm-2.13.so
b6a82000-b6a83000 r--s 00004000 08:06 10623840   /home/zaqwes/opt/eclipse_gae/plugins/org.eclipse.swt_3.103.1.v20140903-1938.jar
b6a83000-b6a8b000 rw-s 00000000 08:01 313856     /tmp/hsperfdata_zaqwes/5613
b6a8b000-b6a91000 r-xp 00000000 08:01 79         /lib/i386-linux-gnu/i686/cmov/libnss_compat-2.13.so
b6a91000-b6a92000 r--p 00005000 08:01 79         /lib/i386-linux-gnu/i686/cmov/libnss_compat-2.13.so
b6a92000-b6a93000 rw-p 00006000 08:01 79         /lib/i386-linux-gnu/i686/cmov/libnss_compat-2.13.so
b6a93000-b6a9e000 r-xp 00000000 08:06 8793891    /home/zaqwes/opt/jre1.7.0_55/lib/i386/libverify.so
b6a9e000-b6a9f000 rw-p 0000b000 08:06 8793891    /home/zaqwes/opt/jre1.7.0_55/lib/i386/libverify.so
b6a9f000-b7025000 r-xp 00000000 08:06 8922781    /home/zaqwes/opt/jre1.7.0_55/lib/i386/client/libjvm.so
b7025000-b7046000 rw-p 00586000 08:06 8922781    /home/zaqwes/opt/jre1.7.0_55/lib/i386/client/libjvm.so
b7046000-b7466000 rw-p 00000000 00:00 0 
b7466000-b75dd000 r--p 00000000 08:01 272484     /usr/lib/locale/locale-archive
b75dd000-b75de000 rw-p 00000000 00:00 0 
b75de000-b773b000 r-xp 00000000 08:01 66         /lib/i386-linux-gnu/i686/cmov/libc-2.13.so
b773b000-b773c000 ---p 0015d000 08:01 66         /lib/i386-linux-gnu/i686/cmov/libc-2.13.so
b773c000-b773e000 r--p 0015d000 08:01 66         /lib/i386-linux-gnu/i686/cmov/libc-2.13.so
b773e000-b773f000 rw-p 0015f000 08:01 66         /lib/i386-linux-gnu/i686/cmov/libc-2.13.so
b773f000-b7742000 rw-p 00000000 00:00 0 
b7742000-b7744000 r-xp 00000000 08:01 72         /lib/i386-linux-gnu/i686/cmov/libdl-2.13.so
b7744000-b7745000 r--p 00001000 08:01 72         /lib/i386-linux-gnu/i686/cmov/libdl-2.13.so
b7745000-b7746000 rw-p 00002000 08:01 72         /lib/i386-linux-gnu/i686/cmov/libdl-2.13.so
b7746000-b7747000 rw-p 00000000 00:00 0 
b7747000-b775c000 r-xp 00000000 08:01 92         /lib/i386-linux-gnu/i686/cmov/libpthread-2.13.so
b775c000-b775d000 r--p 00014000 08:01 92         /lib/i386-linux-gnu/i686/cmov/libpthread-2.13.so
b775d000-b775e000 rw-p 00015000 08:01 92         /lib/i386-linux-gnu/i686/cmov/libpthread-2.13.so
b775e000-b7760000 rw-p 00000000 00:00 0 
b7760000-b7762000 r--s 00019000 08:06 6947825    /home/zaqwes/opt/jre1.7.0_55/lib/jce.jar
b7762000-b7764000 r--s 0000b000 08:06 10624014   /home/zaqwes/opt/eclipse_gae/plugins/org.eclipse.equinox.launcher_1.3.0.v20140415-2008.jar
b7764000-b7765000 rw-p 00000000 00:00 0 
b7765000-b7766000 r--p 00000000 00:00 0 
b7766000-b776d000 r-xp 00000000 08:01 96         /lib/i386-linux-gnu/i686/cmov/librt-2.13.so
b776d000-b776e000 r--p 00006000 08:01 96         /lib/i386-linux-gnu/i686/cmov/librt-2.13.so
b776e000-b776f000 rw-p 00007000 08:01 96         /lib/i386-linux-gnu/i686/cmov/librt-2.13.so
b776f000-b777c000 r-xp 00000000 08:06 10753908   /home/zaqwes/opt/eclipse_gae/plugins/org.eclipse.equinox.launcher.gtk.linux.x86_1.1.200.v20140603-1326/eclipse_1605.so
b777c000-b777d000 rw-p 0000c000 08:06 10753908   /home/zaqwes/opt/eclipse_gae/plugins/org.eclipse.equinox.launcher.gtk.linux.x86_1.1.200.v20140603-1326/eclipse_1605.so
b777d000-b777f000 rw-p 00000000 00:00 0 
b777f000-b7780000 r-xp 00000000 00:00 0          [vdso]
b7780000-b779c000 r-xp 00000000 08:01 102        /lib/i386-linux-gnu/ld-2.13.so
b779c000-b779d000 r--p 0001b000 08:01 102        /lib/i386-linux-gnu/ld-2.13.so
b779d000-b779e000 rw-p 0001c000 08:01 102        /lib/i386-linux-gnu/ld-2.13.so
bf9f5000-bf9f8000 ---p 00000000 00:00 0 
bf9f9000-bfa45000 rw-p 00000000 00:00 0          [stack]

VM Arguments:
java_command: <unknown>
Launcher Type: generic

Environment Variables:
JAVA_HOME=/home/zaqwes/opt/jdks/jdk1.7.0_55
PATH=/home/zaqwes/work/bin:/home/zaqwes/opt/eclipse_gae:/home/zaqwes/work-analyse/depot_tools:/home/zaqwes/opt/pycharm-community-3.4/bin:/home/zaqwes/opt/eclipse:/home/zaqwes/opt/jre1.7.0_55/bin:/home/zaqwes/work/third_party/node-v0.10.28-linux-x86/bin:/home/zaqwes/opt/idea-IC-135.480/bin:/home/zaqwes/opt/altera/13.1/modelsim_ase/bin:/home/zaqwes/opt/jdks/jdk1.7.0_55/bin:/usr/local/cuda-5.5/bin:/usr/local/bin:/usr/bin:/bin:/usr/local/games:/usr/games
USERNAME=zaqwes
LD_LIBRARY_PATH=/home/zaqwes/opt/jre1.7.0_55/lib/i386/client:/home/zaqwes/opt/jre1.7.0_55/lib/i386:/home/zaqwes/work/opencv_2.3.1/lib:/usr/local/cuda-5.5/lib:
SHELL=/bin/bash
DISPLAY=:0.0

Signal Handlers:
SIGSEGV: [libjvm.so+0x504880], sa_mask[0]=0x7ffbfeff, sa_flags=0x10000004
SIGBUS: [libjvm.so+0x504880], sa_mask[0]=0x7ffbfeff, sa_flags=0x10000004
SIGFPE: [libjvm.so+0x3fc8f0], sa_mask[0]=0x7ffbfeff, sa_flags=0x10000004
SIGPIPE: SIG_IGN, sa_mask[0]=0x00001000, sa_flags=0x10000000
SIGXFSZ: [libjvm.so+0x3fc8f0], sa_mask[0]=0x7ffbfeff, sa_flags=0x10000004
SIGILL: [libjvm.so+0x3fc8f0], sa_mask[0]=0x7ffbfeff, sa_flags=0x10000004
SIGUSR1: SIG_DFL, sa_mask[0]=0x00000000, sa_flags=0x00000000
SIGUSR2: [libjvm.so+0x3fdde0], sa_mask[0]=0x00000000, sa_flags=0x10000004
SIGHUP: [libjvm.so+0x3fef30], sa_mask[0]=0x7ffbfeff, sa_flags=0x10000004
SIGINT: [libjvm.so+0x3fef30], sa_mask[0]=0x7ffbfeff, sa_flags=0x10000004
SIGTERM: [libjvm.so+0x3fef30], sa_mask[0]=0x7ffbfeff, sa_flags=0x10000004
SIGQUIT: [libjvm.so+0x3fef30], sa_mask[0]=0x7ffbfeff, sa_flags=0x10000004


---------------  S Y S T E M  ---------------

OS:7.4

uname:Linux 3.2.0-4-686-pae #1 SMP Debian 3.2.54-2 i686
libc:glibc 2.13 NPTL 2.13 
rlimit: STACK 8192k, CORE 0k, NPROC 31421, NOFILE 4096, AS infinity
load average:1.36 1.33 1.21

/proc/meminfo:
MemTotal:        4032224 kB
MemFree:         1559036 kB
Buffers:          104352 kB
Cached:          1045776 kB
SwapCached:            0 kB
Active:          1571848 kB
Inactive:         782364 kB
Active(anon):    1205704 kB
Inactive(anon):    89672 kB
Active(file):     366144 kB
Inactive(file):   692692 kB
Unevictable:          16 kB
Mlocked:              16 kB
HighTotal:       3168116 kB
HighFree:         893336 kB
LowTotal:         864108 kB
LowFree:          665700 kB
SwapTotal:       8151036 kB
SwapFree:        8151036 kB
Dirty:                56 kB
Writeback:             0 kB
AnonPages:       1203944 kB
Mapped:           184936 kB
Shmem:             91300 kB
Slab:              72416 kB
SReclaimable:      48220 kB
SUnreclaim:        24196 kB
KernelStack:        4544 kB
PageTables:        14320 kB
NFS_Unstable:          0 kB
Bounce:                0 kB
WritebackTmp:          0 kB
CommitLimit:    10167148 kB
Committed_AS:    3871604 kB
VmallocTotal:     122880 kB
VmallocUsed:       30048 kB
VmallocChunk:      90532 kB
HardwareCorrupted:     0 kB
AnonHugePages:         0 kB
HugePages_Total:       0
HugePages_Free:        0
HugePages_Rsvd:        0
HugePages_Surp:        0
Hugepagesize:       2048 kB
DirectMap4k:       10232 kB
DirectMap2M:      901120 kB


CPU:total 4 (2 cores per cpu, 2 threads per core) family 6 model 58 stepping 9, cmov, cx8, fxsr, mmx, sse, sse2, sse3, ssse3, sse4.1, sse4.2, popcnt, avx, aes, erms, ht, tsc, tscinvbit, tscinv

/proc/cpuinfo:
processor	: 0
vendor_id	: GenuineIntel
cpu family	: 6
model		: 58
model name	: Intel(R) Core(TM) i5-3317U CPU @ 1.70GHz
stepping	: 9
microcode	: 0x12
cpu MHz		: 1701.000
cache size	: 3072 KB
physical id	: 0
siblings	: 4
core id		: 0
cpu cores	: 2
apicid		: 0
initial apicid	: 0
fdiv_bug	: no
hlt_bug		: no
f00f_bug	: no
coma_bug	: no
fpu		: yes
fpu_exception	: yes
cpuid level	: 13
wp		: yes
flags		: fpu vme de pse tsc msr pae mce cx8 apic sep mtrr pge mca cmov pat pse36 clflush dts acpi mmx fxsr sse sse2 ss ht tm pbe nx rdtscp lm constant_tsc arch_perfmon pebs bts xtopology nonstop_tsc aperfmperf pni pclmulqdq dtes64 monitor ds_cpl vmx est tm2 ssse3 cx16 xtpr pdcm pcid sse4_1 sse4_2 x2apic popcnt tsc_deadline_timer aes xsave avx f16c rdrand lahf_lm ida arat epb xsaveopt pln pts dtherm tpr_shadow vnmi flexpriority ept vpid fsgsbase smep erms
bogomips	: 3392.54
clflush size	: 64
cache_alignment	: 64
address sizes	: 36 bits physical, 48 bits virtual
power management:

processor	: 1
vendor_id	: GenuineIntel
cpu family	: 6
model		: 58
model name	: Intel(R) Core(TM) i5-3317U CPU @ 1.70GHz
stepping	: 9
microcode	: 0x12
cpu MHz		: 800.000
cache size	: 3072 KB
physical id	: 0
siblings	: 4
core id		: 1
cpu cores	: 2
apicid		: 2
initial apicid	: 2
fdiv_bug	: no
hlt_bug		: no
f00f_bug	: no
coma_bug	: no
fpu		: yes
fpu_exception	: yes
cpuid level	: 13
wp		: yes
flags		: fpu vme de pse tsc msr pae mce cx8 apic sep mtrr pge mca cmov pat pse36 clflush dts acpi mmx fxsr sse sse2 ss ht tm pbe nx rdtscp lm constant_tsc arch_perfmon pebs bts xtopology nonstop_tsc aperfmperf pni pclmulqdq dtes64 monitor ds_cpl vmx est tm2 ssse3 cx16 xtpr pdcm pcid sse4_1 sse4_2 x2apic popcnt tsc_deadline_timer aes xsave avx f16c rdrand lahf_lm ida arat epb xsaveopt pln pts dtherm tpr_shadow vnmi flexpriority ept vpid fsgsbase smep erms
bogomips	: 3392.16
clflush size	: 64
cache_alignment	: 64
address sizes	: 36 bits physical, 48 bits virtual
power management:

processor	: 2
vendor_id	: GenuineIntel
cpu family	: 6
model		: 58
model name	: Intel(R) Core(TM) i5-3317U CPU @ 1.70GHz
stepping	: 9
microcode	: 0x12
cpu MHz		: 800.000
cache size	: 3072 KB
physical id	: 0
siblings	: 4
core id		: 0
cpu cores	: 2
apicid		: 1
initial apicid	: 1
fdiv_bug	: no
hlt_bug		: no
f00f_bug	: no
coma_bug	: no
fpu		: yes
fpu_exception	: yes
cpuid level	: 13
wp		: yes
flags		: fpu vme de pse tsc msr pae mce cx8 apic sep mtrr pge mca cmov pat pse36 clflush dts acpi mmx fxsr sse sse2 ss ht tm pbe nx rdtscp lm constant_tsc arch_perfmon pebs bts xtopology nonstop_tsc aperfmperf pni pclmulqdq dtes64 monitor ds_cpl vmx est tm2 ssse3 cx16 xtpr pdcm pcid sse4_1 sse4_2 x2apic popcnt tsc_deadline_timer aes xsave avx f16c rdrand lahf_lm ida arat epb xsaveopt pln pts dtherm tpr_shadow vnmi flexpriority ept vpid fsgsbase smep erms
bogomips	: 3392.15
clflush size	: 64
cache_alignment	: 64
address sizes	: 36 bits physical, 48 bits virtual
power management:

processor	: 3
vendor_id	: GenuineIntel
cpu family	: 6
model		: 58
model name	: Intel(R) Core(TM) i5-3317U CPU @ 1.70GHz
stepping	: 9
microcode	: 0x12
cpu MHz		: 800.000
cache size	: 3072 KB
physical id	: 0
siblings	: 4
core id		: 1
cpu cores	: 2
apicid		: 3
initial apicid	: 3
fdiv_bug	: no
hlt_bug		: no
f00f_bug	: no
coma_bug	: no
fpu		: yes
fpu_exception	: yes
cpuid level	: 13
wp		: yes
flags		: fpu vme de pse tsc msr pae mce cx8 apic sep mtrr pge mca cmov pat pse36 clflush dts acpi mmx fxsr sse sse2 ss ht tm pbe nx rdtscp lm constant_tsc arch_perfmon pebs bts xtopology nonstop_tsc aperfmperf pni pclmulqdq dtes64 monitor ds_cpl vmx est tm2 ssse3 cx16 xtpr pdcm pcid sse4_1 sse4_2 x2apic popcnt tsc_deadline_timer aes xsave avx f16c rdrand lahf_lm ida arat epb xsaveopt pln pts dtherm tpr_shadow vnmi flexpriority ept vpid fsgsbase smep erms
bogomips	: 3392.16
clflush size	: 64
cache_alignment	: 64
address sizes	: 36 bits physical, 48 bits virtual
power management:



Memory: 4k page, physical 4032224k(1559036k free), swap 8151036k(8151036k free)

vm_info: Java HotSpot(TM) Client VM (24.55-b03) for linux-x86 JRE (1.7.0_55-b13), built on Mar 17 2014 19:43:32 by "java_re" with gcc 4.3.0 20080428 (Red Hat 4.3.0-8)

time: Wed Oct 15 13:42:00 2014
elapsed time: 75 seconds

