#
# A fatal error has been detected by the Java Runtime Environment:
#
#  SIGSEGV (0xb) at pc=0x9ff28c21, pid=5409, tid=3076495040
#
# JRE version: Java(TM) SE Runtime Environment (7.0_55-b13) (build 1.7.0_55-b13)
# Java VM: Java HotSpot(TM) Client VM (24.55-b03 mixed mode linux-x86 )
# Problematic frame:
# C  [libcairo.so.2+0x68c21]  cairo_surface_set_user_data+0x11
#
# Failed to write core dump. Core dumps have been disabled. To enable core dumping, try "ulimit -c unlimited" before starting Java again
#
# If you would like to submit a bug report, please visit:
#   http://bugreport.sun.com/bugreport/crash.jsp
# The crash happened outside the Java Virtual Machine in native code.
# See problematic frame for where to report the bug.
#

---------------  T H R E A D  ---------------

Current thread (0x084b0c00):  JavaThread "main" [_thread_in_native, id=5409, stack(0xbfd9f000,0xbfdef000)]

siginfo:si_signo=SIGSEGV: si_errno=0, si_code=1 (SEGV_MAPERR), si_addr=0x00000010

Registers:
EAX=0x00000000, EBX=0xa020fff4, ECX=0x00000000, EDX=0xa0210a84
ESP=0xbfdeb4b8, EBP=0x00000000, ESI=0x00000000, EDI=0x00000000
EIP=0x9ff28c21, EFLAGS=0x00210282, CR2=0x00000010

Top of Stack: (sp=0xbfdeb4b8)
0xbfdeb4b8:   9e26f950 a01ba282 00000000 a0210a84
0xbfdeb4c8:   00000000 00000000 9e26f950 a020fff4
0xbfdeb4d8:   9e26f950 a01bfc44 00000000 09ca3ae0
0xbfdeb4e8:   00000000 9fa2a4cc 0984bd38 00000001
0xbfdeb4f8:   09d9bfd8 09b311d0 00000000 00000000
0xbfdeb508:   00000399 000001ec 0984c588 0984c588
0xbfdeb518:   0984c588 a020fff4 9c0adbf0 00000000
0xbfdeb528:   00000000 a01bfc2a 00000000 00000000 

Instructions: (pc=0x9ff28c21)
0x9ff28c01:   44 24 04 83 c0 28 89 44 24 04 e9 c0 79 fa ff 56
0x9ff28c11:   8b 44 24 08 8b 54 24 0c 8b 4c 24 10 8b 74 24 14
0x9ff28c21:   83 78 10 ff 74 19 83 c0 28 89 74 24 14 89 4c 24
0x9ff28c31:   10 89 54 24 0c 89 44 24 08 5e e9 00 7a fa ff 8b 

Register to memory mapping:

EAX=0x00000000 is an unknown value
EBX=0xa020fff4: <offset 0x7cff4> in /usr/lib/i386-linux-gnu/libgdk-3.so.0 at 0xa0193000
ECX=0x00000000 is an unknown value
EDX=0xa0210a84: <offset 0x7da84> in /usr/lib/i386-linux-gnu/libgdk-3.so.0 at 0xa0193000
ESP=0xbfdeb4b8 is pointing into the stack for thread: 0x084b0c00
EBP=0x00000000 is an unknown value
ESI=0x00000000 is an unknown value
EDI=0x00000000 is an unknown value


Stack: [0xbfd9f000,0xbfdef000],  sp=0xbfdeb4b8,  free space=305k
Native frames: (J=compiled Java code, j=interpreted, Vv=VM code, C=native code)
C  [libcairo.so.2+0x68c21]  cairo_surface_set_user_data+0x11

[error occurred during error reporting (printing native stack), id 0xb]

Java frames: (J=compiled Java code, j=interpreted, Vv=VM code)
j  org.eclipse.swt.internal.gtk.OS._gtk_container_add(II)V+0
j  org.eclipse.swt.internal.gtk.OS.gtk_container_add(II)V+9
j  org.eclipse.swt.widgets.Control.showWidget()V+35
j  org.eclipse.swt.widgets.Label.showWidget()V+1
j  org.eclipse.swt.widgets.Control.createWidget(I)V+53
j  org.eclipse.swt.widgets.Label.createWidget(I)V+2
j  org.eclipse.swt.widgets.Control.<init>(Lorg/eclipse/swt/widgets/Composite;I)V+13
j  org.eclipse.swt.widgets.Label.<init>(Lorg/eclipse/swt/widgets/Composite;I)V+6
j  org.eclipse.jdt.internal.ui.refactoring.reorg.RenameLinkedMode.doRename(Z)V+167
j  org.eclipse.jdt.internal.ui.refactoring.reorg.RenameLinkedMode$EditorSynchronizer.left(Lorg/eclipse/jface/text/link/LinkedModeModel;I)V+24
j  org.eclipse.jface.text.link.LinkedModeModel.exit(I)V+148
j  org.eclipse.jface.text.link.LinkedModeUI$4.run()V+159
J  org.eclipse.swt.widgets.Synchronizer.runAsyncMessages(Z)Z
J  org.eclipse.swt.widgets.Display.readAndDispatch()Z
j  org.eclipse.e4.ui.internal.workbench.swt.PartRenderingEngine$9.run()V+638
j  org.eclipse.core.databinding.observable.Realm.runWithDefault(Lorg/eclipse/core/databinding/observable/Realm;Ljava/lang/Runnable;)V+12
j  org.eclipse.e4.ui.internal.workbench.swt.PartRenderingEngine.run(Lorg/eclipse/e4/ui/model/application/MApplicationElement;Lorg/eclipse/e4/core/contexts/IEclipseContext;)Ljava/lang/Object;+57
j  org.eclipse.e4.ui.internal.workbench.E4Workbench.createAndRunUI(Lorg/eclipse/e4/ui/model/application/MApplicationElement;)V+20
j  org.eclipse.ui.internal.Workbench$5.run()V+310
j  org.eclipse.core.databinding.observable.Realm.runWithDefault(Lorg/eclipse/core/databinding/observable/Realm;Ljava/lang/Runnable;)V+12
j  org.eclipse.ui.internal.Workbench.createAndRunWorkbench(Lorg/eclipse/swt/widgets/Display;Lorg/eclipse/ui/application/WorkbenchAdvisor;)I+18
j  org.eclipse.ui.PlatformUI.createAndRunWorkbench(Lorg/eclipse/swt/widgets/Display;Lorg/eclipse/ui/application/WorkbenchAdvisor;)I+2
j  org.eclipse.ui.internal.ide.application.IDEApplication.start(Lorg/eclipse/equinox/app/IApplicationContext;)Ljava/lang/Object;+111
j  org.eclipse.equinox.internal.app.EclipseAppHandle.run(Ljava/lang/Object;)Ljava/lang/Object;+135
j  org.eclipse.core.runtime.internal.adaptor.EclipseAppLauncher.runApplication(Ljava/lang/Object;)Ljava/lang/Object;+85
j  org.eclipse.core.runtime.internal.adaptor.EclipseAppLauncher.start(Ljava/lang/Object;)Ljava/lang/Object;+82
j  org.eclipse.core.runtime.adaptor.EclipseStarter.run(Ljava/lang/Object;)Ljava/lang/Object;+109
j  org.eclipse.core.runtime.adaptor.EclipseStarter.run([Ljava/lang/String;Ljava/lang/Runnable;)Ljava/lang/Object;+132
v  ~StubRoutines::call_stub
j  sun.reflect.NativeMethodAccessorImpl.invoke0(Ljava/lang/reflect/Method;Ljava/lang/Object;[Ljava/lang/Object;)Ljava/lang/Object;+0
j  sun.reflect.NativeMethodAccessorImpl.invoke(Ljava/lang/Object;[Ljava/lang/Object;)Ljava/lang/Object;+87
j  sun.reflect.DelegatingMethodAccessorImpl.invoke(Ljava/lang/Object;[Ljava/lang/Object;)Ljava/lang/Object;+6
j  java.lang.reflect.Method.invoke(Ljava/lang/Object;[Ljava/lang/Object;)Ljava/lang/Object;+57
j  org.eclipse.equinox.launcher.Main.invokeFramework([Ljava/lang/String;[Ljava/net/URL;)V+211
j  org.eclipse.equinox.launcher.Main.basicRun([Ljava/lang/String;)V+160
j  org.eclipse.equinox.launcher.Main.run([Ljava/lang/String;)I+4
v  ~StubRoutines::call_stub

---------------  P R O C E S S  ---------------

Java Threads: ( => current thread )
  0x9ccfa800 JavaThread "process reaper" daemon [_thread_blocked, id=5557, stack(0x9d0bc000,0x9d10d000)]
  0x9daba400 JavaThread "org.eclipse.wst.sse.ui.internal.reconcile.StructuredRegionProcessor" daemon [_thread_blocked, id=5489, stack(0x9dfb3000,0x9e004000)]
  0x0969bc00 JavaThread "org.eclipse.jdt.internal.ui.text.JavaReconciler" daemon [_thread_blocked, id=5483, stack(0x9d3ae000,0x9d3ff000)]
  0x09d26400 JavaThread "org.eclipse.jdt.internal.ui.text.JavaReconciler" daemon [_thread_blocked, id=5480, stack(0x9e004000,0x9e055000)]
  0x0902d000 JavaThread "org.eclipse.jdt.internal.ui.text.JavaReconciler" daemon [_thread_blocked, id=5468, stack(0x9d4af000,0x9d500000)]
  0x9d211c00 JavaThread "Worker-7" [_thread_blocked, id=5458, stack(0x9b36e000,0x9b3bf000)]
  0x086ed000 JavaThread "[ThreadPool Manager] - Idle Thread" daemon [_thread_blocked, id=5449, stack(0x9d624000,0x9d675000)]
  0x088f7800 JavaThread "Worker-5" [_thread_blocked, id=5442, stack(0x9c507000,0x9c558000)]
  0x9d235800 JavaThread "Timer-0" daemon [_thread_blocked, id=5441, stack(0x9d1af000,0x9d200000)]
  0x9d7f8c00 JavaThread "org.eclipse.jdt.internal.ui.text.JavaReconciler" daemon [_thread_blocked, id=5440, stack(0x9d675000,0x9d6c6000)]
  0x09291000 JavaThread "Worker-4" [_thread_blocked, id=5438, stack(0x9e12c000,0x9e17d000)]
  0x08c55400 JavaThread "Worker-3" [_thread_blocked, id=5437, stack(0x9dd40000,0x9dd91000)]
  0x9e94f400 JavaThread "Worker-2" [_thread_blocked, id=5436, stack(0x9de1b000,0x9de6c000)]
  0x9e256000 JavaThread "EventAdmin Async Event Dispatcher Thread" daemon [_thread_blocked, id=5433, stack(0x9ec1a000,0x9ec6b000)]
  0x08c49c00 JavaThread "Worker-1" [_thread_blocked, id=5431, stack(0x9dec7000,0x9df18000)]
  0x08c48c00 JavaThread "Java indexing" daemon [_thread_blocked, id=5430, stack(0x9df18000,0x9df69000)]
  0x9e269c00 JavaThread "Bundle File Closer" daemon [_thread_blocked, id=5429, stack(0x9e055000,0x9e0a6000)]
  0x08664800 JavaThread "Worker-0" [_thread_blocked, id=5427, stack(0x9ed0d000,0x9ed5e000)]
  0x9e9ce400 JavaThread "EMF Reference Cleaner" daemon [_thread_blocked, id=5425, stack(0x9ea45000,0x9ea96000)]
  0x9eb22000 JavaThread "Worker-JM" [_thread_blocked, id=5422, stack(0x9ec6b000,0x9ecbc000)]
  0x9eec6c00 JavaThread "[Timer] - Main Queue Handler" daemon [_thread_blocked, id=5421, stack(0x9ecbc000,0x9ed0d000)]
  0x9ee9b000 JavaThread "Start Level: Equinox Container: 00d55a8d-4e54-0014-16b4-8d62d9fa17b9" daemon [_thread_blocked, id=5419, stack(0x9ed5e000,0x9edaf000)]
  0x9ee92c00 JavaThread "Framework Event Dispatcher: Equinox Container: 00d55a8d-4e54-0014-16b4-8d62d9fa17b9" daemon [_thread_blocked, id=5418, stack(0x9edaf000,0x9ee00000)]
  0x9ee5e000 JavaThread "Active Thread: Equinox Container: 00d55a8d-4e54-0014-16b4-8d62d9fa17b9" [_thread_blocked, id=5417, stack(0x9ef49000,0x9ef9a000)]
  0xa0302800 JavaThread "Service Thread" daemon [_thread_blocked, id=5415, stack(0xa02af000,0xa0300000)]
  0xa0300800 JavaThread "C1 CompilerThread0" daemon [_thread_blocked, id=5414, stack(0xa040f000,0xa0490000)]
  0x08516800 JavaThread "Signal Dispatcher" daemon [_thread_blocked, id=5413, stack(0xa0490000,0xa04e1000)]
  0x08507400 JavaThread "Finalizer" daemon [_thread_blocked, id=5412, stack(0xa04e1000,0xa0532000)]
  0x08502800 JavaThread "Reference Handler" daemon [_thread_blocked, id=5411, stack(0xa0532000,0xa0583000)]
=>0x084b0c00 JavaThread "main" [_thread_in_native, id=5409, stack(0xbfd9f000,0xbfdef000)]

Other Threads:
  0x08500c00 VMThread [stack: 0xa0583000,0xa0604000] [id=5410]
  0xa030d000 WatcherThread [stack: 0xa022e000,0xa02af000] [id=5416]

VM state:not at safepoint (normal execution)

VM Mutex/Monitor currently owned by a thread: None

Heap
 def new generation   total 77184K, used 11732K [0xa0980000, 0xa5d30000, 0xa5ed0000)
  eden space 68672K,  17% used [0xa0980000, 0xa14f51f8, 0xa4c90000)
  from space 8512K,   0% used [0xa4c90000, 0xa4c90000, 0xa54e0000)
  to   space 8512K,   0% used [0xa54e0000, 0xa54e0000, 0xa5d30000)
 tenured generation   total 171204K, used 102720K [0xa5ed0000, 0xb0601000, 0xb0980000)
   the space 171204K,  59% used [0xa5ed0000, 0xac3203c8, 0xac320400, 0xb0601000)
 compacting perm gen  total 65280K, used 65109K [0xb0980000, 0xb4940000, 0xb4980000)
   the space 65280K,  99% used [0xb0980000, 0xb4915478, 0xb4915600, 0xb4940000)
No shared spaces configured.

Card table byte_map: [0xa08df000,0xa0980000] byte_map_base: 0xa03da400

Polling page: 0xb7781000

Code Cache  [0xb4a09000, 0xb59f1000, 0xb6a09000)
 total_blobs=7667 nmethods=7436 adapters=163 free_code_cache=16506Kb largest_free_block=16882496

Compilation events (10 events):
Event: 322.783 Thread 0xa0300800 7594             org.eclipse.e4.ui.bindings.internal.BindingTableManager::getPerfectMatch (128 bytes)
Event: 322.786 Thread 0xa0300800 nmethod 7594 0xb5142588 code [0xb5142770, 0xb5142c90]
Event: 323.850 Thread 0xa0300800 7596             org.eclipse.swt.graphics.TextLayout::_getOffset (439 bytes)
Event: 323.853 Thread 0xa0300800 nmethod 7596 0xb59eda88 code [0xb59edd70, 0xb59ee7b8]
Event: 324.244 Thread 0xa0300800 7597             org.eclipse.swt.widgets.Display::timerExec (252 bytes)
Event: 324.248 Thread 0xa0300800 nmethod 7597 0xb5687148 code [0xb5687360, 0xb5687b60]
Event: 324.251 Thread 0xa0300800 7598             org.eclipse.e4.ui.internal.di.UIEventObjectSupplier::getTopic (25 bytes)
Event: 324.252 Thread 0xa0300800 nmethod 7598 0xb5141e88 code [0xb5141fe0, 0xb5142274]
Event: 324.255 Thread 0xa0300800 7599   !         org.eclipse.swt.internal.gtk.OS::pango_layout_set_text (32 bytes)
Event: 324.255 Thread 0xa0300800 nmethod 7599 0xb577d108 code [0xb577d230, 0xb577d340]

GC Heap History (10 events):
Event: 287.269 GC heap before
{Heap before GC invocations=57 (full 15):
 def new generation   total 71424K, used 66793K [0xa0980000, 0xa56f0000, 0xa5ed0000)
  eden space 63552K, 100% used [0xa0980000, 0xa4790000, 0xa4790000)
  from space 7872K,  41% used [0xa4f40000, 0xa526a618, 0xa56f0000)
  to   space 7872K,   0% used [0xa4790000, 0xa4790000, 0xa4f40000)
 tenured generation   total 158512K, used 117936K [0xa5ed0000, 0xaf99c000, 0xb0980000)
   the space 158512K,  74% used [0xa5ed0000, 0xad1fc298, 0xad1fc400, 0xaf99c000)
 compacting perm gen  total 62976K, used 62740K [0xb0980000, 0xb4700000, 0xb4980000)
   the space 62976K,  99% used [0xb0980000, 0xb46c50b0, 0xb46c5200, 0xb4700000)
No shared spaces configured.
Event: 287.293 GC heap after
Heap after GC invocations=58 (full 15):
 def new generation   total 71424K, used 4374K [0xa0980000, 0xa56f0000, 0xa5ed0000)
  eden space 63552K,   0% used [0xa0980000, 0xa0980000, 0xa4790000)
  from space 7872K,  55% used [0xa4790000, 0xa4bd5910, 0xa4f40000)
  to   space 7872K,   0% used [0xa4f40000, 0xa4f40000, 0xa56f0000)
 tenured generation   total 158512K, used 117936K [0xa5ed0000, 0xaf99c000, 0xb0980000)
   the space 158512K,  74% used [0xa5ed0000, 0xad1fc298, 0xad1fc400, 0xaf99c000)
 compacting perm gen  total 62976K, used 62740K [0xb0980000, 0xb4700000, 0xb4980000)
   the space 62976K,  99% used [0xb0980000, 0xb46c50b0, 0xb46c5200, 0xb4700000)
No shared spaces configured.
}
Event: 287.552 GC heap before
{Heap before GC invocations=58 (full 15):
 def new generation   total 71424K, used 67926K [0xa0980000, 0xa56f0000, 0xa5ed0000)
  eden space 63552K, 100% used [0xa0980000, 0xa4790000, 0xa4790000)
  from space 7872K,  55% used [0xa4790000, 0xa4bd5910, 0xa4f40000)
  to   space 7872K,   0% used [0xa4f40000, 0xa4f40000, 0xa56f0000)
 tenured generation   total 158512K, used 117936K [0xa5ed0000, 0xaf99c000, 0xb0980000)
   the space 158512K,  74% used [0xa5ed0000, 0xad1fc298, 0xad1fc400, 0xaf99c000)
 compacting perm gen  total 62976K, used 62740K [0xb0980000, 0xb4700000, 0xb4980000)
   the space 62976K,  99% used [0xb0980000, 0xb46c5170, 0xb46c5200, 0xb4700000)
No shared spaces configured.
Event: 287.563 GC heap after
Heap after GC invocations=59 (full 15):
 def new generation   total 71424K, used 3934K [0xa0980000, 0xa56f0000, 0xa5ed0000)
  eden space 63552K,   0% used [0xa0980000, 0xa0980000, 0xa4790000)
  from space 7872K,  49% used [0xa4f40000, 0xa5317880, 0xa56f0000)
  to   space 7872K,   0% used [0xa4790000, 0xa4790000, 0xa4f40000)
 tenured generation   total 158512K, used 118424K [0xa5ed0000, 0xaf99c000, 0xb0980000)
   the space 158512K,  74% used [0xa5ed0000, 0xad276380, 0xad276400, 0xaf99c000)
 compacting perm gen  total 62976K, used 62740K [0xb0980000, 0xb4700000, 0xb4980000)
   the space 62976K,  99% used [0xb0980000, 0xb46c5170, 0xb46c5200, 0xb4700000)
No shared spaces configured.
}
Event: 289.457 GC heap before
{Heap before GC invocations=59 (full 15):
 def new generation   total 71424K, used 66516K [0xa0980000, 0xa56f0000, 0xa5ed0000)
  eden space 63552K,  98% used [0xa0980000, 0xa469da90, 0xa4790000)
  from space 7872K,  49% used [0xa4f40000, 0xa5317880, 0xa56f0000)
  to   space 7872K,   0% used [0xa4790000, 0xa4790000, 0xa4f40000)
 tenured generation   total 158512K, used 118424K [0xa5ed0000, 0xaf99c000, 0xb0980000)
   the space 158512K,  74% used [0xa5ed0000, 0xad276380, 0xad276400, 0xaf99c000)
 compacting perm gen  total 62976K, used 62975K [0xb0980000, 0xb4700000, 0xb4980000)
   the space 62976K,  99% used [0xb0980000, 0xb46fff70, 0xb4700000, 0xb4700000)
No shared spaces configured.
Event: 289.907 GC heap after
Heap after GC invocations=60 (full 16):
 def new generation   total 72832K, used 0K [0xa0980000, 0xa5880000, 0xa5ed0000)
  eden space 64768K,   0% used [0xa0980000, 0xa0980000, 0xa48c0000)
  from space 8064K,   0% used [0xa48c0000, 0xa48c0000, 0xa50a0000)
  to   space 8064K,   0% used [0xa50a0000, 0xa50a0000, 0xa5880000)
 tenured generation   total 161708K, used 97022K [0xa5ed0000, 0xafcbb000, 0xb0980000)
   the space 161708K,  59% used [0xa5ed0000, 0xabd8fa28, 0xabd8fc00, 0xafcbb000)
 compacting perm gen  total 62976K, used 62918K [0xb0980000, 0xb4700000, 0xb4980000)
   the space 62976K,  99% used [0xb0980000, 0xb46f1910, 0xb46f1a00, 0xb4700000)
No shared spaces configured.
}
Event: 292.633 GC heap before
{Heap before GC invocations=60 (full 16):
 def new generation   total 72832K, used 64768K [0xa0980000, 0xa5880000, 0xa5ed0000)
  eden space 64768K, 100% used [0xa0980000, 0xa48c0000, 0xa48c0000)
  from space 8064K,   0% used [0xa48c0000, 0xa48c0000, 0xa50a0000)
  to   space 8064K,   0% used [0xa50a0000, 0xa50a0000, 0xa5880000)
 tenured generation   total 161708K, used 97022K [0xa5ed0000, 0xafcbb000, 0xb0980000)
   the space 161708K,  59% used [0xa5ed0000, 0xabd8fa28, 0xabd8fc00, 0xafcbb000)
 compacting perm gen  total 63232K, used 62980K [0xb0980000, 0xb4740000, 0xb4980000)
   the space 63232K,  99% used [0xb0980000, 0xb4701000, 0xb4701000, 0xb4740000)
No shared spaces configured.
Event: 292.647 GC heap after
Heap after GC invocations=61 (full 16):
 def new generation   total 72832K, used 2098K [0xa0980000, 0xa5880000, 0xa5ed0000)
  eden space 64768K,   0% used [0xa0980000, 0xa0980000, 0xa48c0000)
  from space 8064K,  26% used [0xa50a0000, 0xa52aca78, 0xa5880000)
  to   space 8064K,   0% used [0xa48c0000, 0xa48c0000, 0xa50a0000)
 tenured generation   total 161708K, used 97022K [0xa5ed0000, 0xafcbb000, 0xb0980000)
   the space 161708K,  59% used [0xa5ed0000, 0xabd8fa28, 0xabd8fc00, 0xafcbb000)
 compacting perm gen  total 63232K, used 62980K [0xb0980000, 0xb4740000, 0xb4980000)
   the space 63232K,  99% used [0xb0980000, 0xb4701000, 0xb4701000, 0xb4740000)
No shared spaces configured.
}
Event: 313.755 GC heap before
{Heap before GC invocations=61 (full 16):
 def new generation   total 72832K, used 60126K [0xa0980000, 0xa5880000, 0xa5ed0000)
  eden space 64768K,  89% used [0xa0980000, 0xa422afd8, 0xa48c0000)
  from space 8064K,  26% used [0xa50a0000, 0xa52aca78, 0xa5880000)
  to   space 8064K,   0% used [0xa48c0000, 0xa48c0000, 0xa50a0000)
 tenured generation   total 161708K, used 97022K [0xa5ed0000, 0xafcbb000, 0xb0980000)
   the space 161708K,  59% used [0xa5ed0000, 0xabd8fa28, 0xabd8fc00, 0xafcbb000)
 compacting perm gen  total 64768K, used 64530K [0xb0980000, 0xb48c0000, 0xb4980000)
   the space 64768K,  99% used [0xb0980000, 0xb4884bd8, 0xb4884c00, 0xb48c0000)
No shared spaces configured.
Event: 314.126 GC heap after
Heap after GC invocations=62 (full 17):
 def new generation   total 77184K, used 0K [0xa0980000, 0xa5d30000, 0xa5ed0000)
  eden space 68672K,   0% used [0xa0980000, 0xa0980000, 0xa4c90000)
  from space 8512K,   0% used [0xa4c90000, 0xa4c90000, 0xa54e0000)
  to   space 8512K,   0% used [0xa54e0000, 0xa54e0000, 0xa5d30000)
 tenured generation   total 171204K, used 102720K [0xa5ed0000, 0xb0601000, 0xb0980000)
   the space 171204K,  59% used [0xa5ed0000, 0xac3203c8, 0xac320400, 0xb0601000)
 compacting perm gen  total 64768K, used 64530K [0xb0980000, 0xb48c0000, 0xb4980000)
   the space 64768K,  99% used [0xb0980000, 0xb4884bd8, 0xb4884c00, 0xb48c0000)
No shared spaces configured.
}

Deoptimization events (0 events):
No events

Internal exceptions (10 events):
Event: 290.427 Thread 0x0969bc00 Threw 0xa2ece810 at /HUDSON/workspace/7u-2-build-linux-i586/jdk7u55/869/hotspot/src/share/vm/runtime/sharedRuntime.cpp:591
Event: 306.073 Thread 0x088f7800 Threw 0xa2170f60 at /HUDSON/workspace/7u-2-build-linux-i586/jdk7u55/869/hotspot/src/share/vm/runtime/sharedRuntime.cpp:591
Event: 306.914 Thread 0x9d7f8c00 Threw 0xa25fcd20 at /HUDSON/workspace/7u-2-build-linux-i586/jdk7u55/869/hotspot/src/share/vm/runtime/sharedRuntime.cpp:591
Event: 306.924 Thread 0x9d7f8c00 Threw 0xa26a0c60 at /HUDSON/workspace/7u-2-build-linux-i586/jdk7u55/869/hotspot/src/share/vm/runtime/sharedRuntime.cpp:591
Event: 312.156 Thread 0x084b0c00 Threw 0xa38393e8 at /HUDSON/workspace/7u-2-build-linux-i586/jdk7u55/869/hotspot/src/share/vm/interpreter/interpreterRuntime.cpp:347
Event: 312.862 Thread 0x084b0c00 Threw 0xa394c630 at /HUDSON/workspace/7u-2-build-linux-i586/jdk7u55/869/hotspot/src/share/vm/interpreter/interpreterRuntime.cpp:347
Event: 312.863 Thread 0x084b0c00 Threw 0xa3971e48 at /HUDSON/workspace/7u-2-build-linux-i586/jdk7u55/869/hotspot/src/share/vm/interpreter/interpreterRuntime.cpp:347
Event: 315.173 Thread 0x0902ac00 Threw 0xa0b2e078 at /HUDSON/workspace/7u-2-build-linux-i586/jdk7u55/869/hotspot/src/share/vm/runtime/sharedRuntime.cpp:591
Event: 322.404 Thread 0x9d7f8c00 Threw 0xa0fa18e0 at /HUDSON/workspace/7u-2-build-linux-i586/jdk7u55/869/hotspot/src/share/vm/runtime/sharedRuntime.cpp:591
Event: 322.412 Thread 0x9d7f8c00 Threw 0xa1090c00 at /HUDSON/workspace/7u-2-build-linux-i586/jdk7u55/869/hotspot/src/share/vm/runtime/sharedRuntime.cpp:591

Events (10 events):
Event: 322.435 Executing VM operation: RevokeBias done
Event: 322.435 Thread 0x9cd34c00 Thread exited: 0x9cd34c00
Event: 322.435 Thread 0x9cd34c00 Thread added: 0x9cd34c00
Event: 322.435 Thread 0x9cd34c00 Thread exited: 0x9cd34c00
Event: 322.436 Executing VM operation: RevokeBias
Event: 322.436 Executing VM operation: RevokeBias done
Event: 322.787 Thread 0xa0300800 flushing nmethod 0xb566be48
Event: 322.787 Thread 0xa0300800 flushing nmethod 0xb5686d88
Event: 323.855 Thread 0xa0300800 flushing nmethod 0xb577d0c8
Event: 324.248 Thread 0xa0300800 flushing nmethod 0xb57ea788


Dynamic libraries:
08048000-0804c000 r-xp 00000000 08:06 10361476   /home/zaqwes/opt/eclipse_gae/eclipse_gae
0804c000-0804d000 rw-p 00003000 08:06 10361476   /home/zaqwes/opt/eclipse_gae/eclipse_gae
084a6000-09e01000 rw-p 00000000 00:00 0          [heap]
91b00000-91ba8000 rw-p 00000000 00:00 0 
91ba8000-91c00000 ---p 00000000 00:00 0 
91d27000-91d28000 ---p 00000000 00:00 0 
91d28000-92528000 rw-p 00000000 00:00 0 
92528000-92928000 rw-p 00000000 00:00 0 
92928000-92929000 ---p 00000000 00:00 0 
92929000-93129000 rw-p 00000000 00:00 0 
93129000-9312a000 ---p 00000000 00:00 0 
9312a000-9392a000 rw-p 00000000 00:00 0 
9392a000-9392b000 ---p 00000000 00:00 0 
9392b000-94253000 rw-p 00000000 00:00 0 
94253000-94254000 ---p 00000000 00:00 0 
94254000-94a54000 rw-p 00000000 00:00 0 
94a54000-969af000 r-xp 00000000 08:01 302010     /usr/lib/libnvidia-glcore.so.319.37
969af000-96a0d000 rwxp 01f5a000 08:01 302010     /usr/lib/libnvidia-glcore.so.319.37
96a0d000-96a1f000 rwxp 00000000 00:00 0 
96a1f000-97b8e000 r-xp 00000000 08:01 267923     /usr/lib/i386-linux-gnu/libicudata.so.48.1.1
97b8e000-97b8f000 r--p 0116e000 08:01 267923     /usr/lib/i386-linux-gnu/libicudata.so.48.1.1
97b8f000-97b90000 rw-p 0116f000 08:01 267923     /usr/lib/i386-linux-gnu/libicudata.so.48.1.1
97b90000-97d62000 r-xp 00000000 08:01 267925     /usr/lib/i386-linux-gnu/libicui18n.so.48.1.1
97d62000-97d69000 r--p 001d1000 08:01 267925     /usr/lib/i386-linux-gnu/libicui18n.so.48.1.1
97d69000-97d6a000 rw-p 001d8000 08:01 267925     /usr/lib/i386-linux-gnu/libicui18n.so.48.1.1
97d6a000-98113000 r-xp 00000000 08:01 269537     /usr/lib/libjavascriptcoregtk-3.0.so.0.13.2
98113000-98114000 ---p 003a9000 08:01 269537     /usr/lib/libjavascriptcoregtk-3.0.so.0.13.2
98114000-9811b000 r--p 003a9000 08:01 269537     /usr/lib/libjavascriptcoregtk-3.0.so.0.13.2
9811b000-9811f000 rw-p 003b0000 08:01 269537     /usr/lib/libjavascriptcoregtk-3.0.so.0.13.2
9811f000-98130000 rw-p 00000000 00:00 0 
98130000-996f9000 r-xp 00000000 08:01 272134     /usr/lib/libwebkitgtk-3.0.so.0.13.2
996f9000-997b9000 r--p 015c8000 08:01 272134     /usr/lib/libwebkitgtk-3.0.so.0.13.2
997b9000-997c2000 rw-p 01688000 08:01 272134     /usr/lib/libwebkitgtk-3.0.so.0.13.2
997c2000-997c9000 rw-p 00000000 00:00 0 
997c9000-9b200000 r--p 00000000 08:01 430614     /usr/share/icons/hicolor/icon-theme.cache
9b200000-9b292000 rw-p 00000000 00:00 0 
9b292000-9b300000 ---p 00000000 00:00 0 
9b36e000-9b371000 ---p 00000000 00:00 0 
9b371000-9b3bf000 rw-p 00000000 00:00 0 
9b400000-9b4ff000 rw-p 00000000 00:00 0 
9b4ff000-9b500000 ---p 00000000 00:00 0 
9b52f000-9b56d000 rw-p 00000000 00:00 0 
9b56d000-9b57c000 r--s 000ae000 08:06 10624183   /home/zaqwes/opt/eclipse_gae/plugins/org.eclipse.wst.xml.core_1.1.900.v201404240330.jar
9b594000-9b6ef000 r-xp 00000000 08:01 267937     /usr/lib/i386-linux-gnu/libicuuc.so.48.1.1
9b6ef000-9b6f9000 r--p 0015a000 08:01 267937     /usr/lib/i386-linux-gnu/libicuuc.so.48.1.1
9b6f9000-9b6fa000 rw-p 00164000 08:01 267937     /usr/lib/i386-linux-gnu/libicuuc.so.48.1.1
9b6fa000-9b6fe000 rw-p 00000000 00:00 0 
9b6fe000-9b7d0000 r-xp 00000000 08:01 302297     /usr/lib/libGL.so.319.37
9b7d0000-9b7f1000 rwxp 000d1000 08:01 302297     /usr/lib/libGL.so.319.37
9b7f1000-9b800000 rwxp 00000000 00:00 0 
9b800000-9b900000 rw-p 00000000 00:00 0 
9b900000-9ba00000 rw-p 00000000 00:00 0 
9ba12000-9ba6f000 rw-p 00000000 00:00 0 
9ba6f000-9bafb000 r-xp 00000000 08:01 268065     /usr/lib/i386-linux-gnu/liborc-0.4.so.0.16.0
9bafb000-9bafc000 r--p 0008b000 08:01 268065     /usr/lib/i386-linux-gnu/liborc-0.4.so.0.16.0
9bafc000-9bb00000 rw-p 0008c000 08:01 268065     /usr/lib/i386-linux-gnu/liborc-0.4.so.0.16.0
9bb00000-9bbfe000 rw-p 00000000 00:00 0 
9bbfe000-9bc00000 ---p 00000000 00:00 0 
9bc14000-9bcf4000 r-xp 00000000 08:01 268232     /usr/lib/i386-linux-gnu/libstdc++.so.6.0.17
9bcf4000-9bcf8000 r--p 000e0000 08:01 268232     /usr/lib/i386-linux-gnu/libstdc++.so.6.0.17
9bcf8000-9bcf9000 rw-p 000e4000 08:01 268232     /usr/lib/i386-linux-gnu/libstdc++.so.6.0.17
9bcf9000-9bd00000 rw-p 00000000 00:00 0 
9bd00000-9bf00000 rw-p 00000000 00:00 0 
9bf08000-9bf27000 rw-p 00000000 00:00 0 
9bf27000-9bf52000 r--p 00000000 08:01 162971     /usr/share/glib-2.0/schemas/gschemas.compiled
9bf52000-9bfab000 r-xp 00000000 08:01 267445     /usr/lib/i386-linux-gnu/libXt.so.6.0.0
9bfab000-9bfac000 r--p 00059000 08:01 267445     /usr/lib/i386-linux-gnu/libXt.so.6.0.0
9bfac000-9bfaf000 rw-p 0005a000 08:01 267445     /usr/lib/i386-linux-gnu/libXt.so.6.0.0
9bfaf000-9bfb2000 ---p 00000000 00:00 0 
9bfb2000-9c000000 rw-p 00000000 00:00 0 
9c000000-9c0fe000 rw-p 00000000 00:00 0 
9c0fe000-9c100000 ---p 00000000 00:00 0 
9c100000-9c1fa000 rw-p 00000000 00:00 0 
9c1fa000-9c200000 ---p 00000000 00:00 0 
9c200000-9c2ff000 rw-p 00000000 00:00 0 
9c2ff000-9c300000 ---p 00000000 00:00 0 
9c300000-9c400000 rw-p 00000000 00:00 0 
9c419000-9c4c5000 r-xp 00000000 08:01 268225     /usr/lib/i386-linux-gnu/libsqlite3.so.0.8.6
9c4c5000-9c4c6000 ---p 000ac000 08:01 268225     /usr/lib/i386-linux-gnu/libsqlite3.so.0.8.6
9c4c6000-9c4c7000 r--p 000ac000 08:01 268225     /usr/lib/i386-linux-gnu/libsqlite3.so.0.8.6
9c4c7000-9c4c8000 rw-p 000ad000 08:01 268225     /usr/lib/i386-linux-gnu/libsqlite3.so.0.8.6
9c4c8000-9c4c9000 rw-p 00000000 00:00 0 
9c4c9000-9c505000 r-xp 00000000 08:01 268355     /usr/lib/i386-linux-gnu/libxslt.so.1.1.26
9c505000-9c506000 r--p 0003b000 08:01 268355     /usr/lib/i386-linux-gnu/libxslt.so.1.1.26
9c506000-9c507000 rw-p 0003c000 08:01 268355     /usr/lib/i386-linux-gnu/libxslt.so.1.1.26
9c507000-9c50a000 ---p 00000000 00:00 0 
9c50a000-9c558000 rw-p 00000000 00:00 0 
9c55d000-9c5c4000 r-xp 00000000 08:01 268215     /usr/lib/i386-linux-gnu/libsoup-2.4.so.1.5.0
9c5c4000-9c5c5000 r--p 00066000 08:01 268215     /usr/lib/i386-linux-gnu/libsoup-2.4.so.1.5.0
9c5c5000-9c5c6000 rw-p 00067000 08:01 268215     /usr/lib/i386-linux-gnu/libsoup-2.4.so.1.5.0
9c5c6000-9c5c7000 rw-p 00000000 00:00 0 
9c5c7000-9c5ff000 r-xp 00000000 08:01 267958     /usr/lib/i386-linux-gnu/libjpeg.so.8.4.0
9c5ff000-9c600000 rw-p 00037000 08:01 267958     /usr/lib/i386-linux-gnu/libjpeg.so.8.4.0
9c600000-9c6fd000 rw-p 00000000 00:00 0 
9c6fd000-9c700000 ---p 00000000 00:00 0 
9c700000-9c7fc000 rw-p 00000000 00:00 0 
9c7fc000-9c800000 ---p 00000000 00:00 0 
9c816000-9c8fb000 r-xp 00000000 08:01 267879     /usr/lib/i386-linux-gnu/libgstreamer-0.10.so.0.30.0
9c8fb000-9c8fe000 r--p 000e4000 08:01 267879     /usr/lib/i386-linux-gnu/libgstreamer-0.10.so.0.30.0
9c8fe000-9c8ff000 rw-p 000e7000 08:01 267879     /usr/lib/i386-linux-gnu/libgstreamer-0.10.so.0.30.0
9c8ff000-9c900000 rw-p 00000000 00:00 0 
9c900000-9cb00000 rw-p 00000000 00:00 0 
9cb00000-9cbfe000 rw-p 00000000 00:00 0 
9cbfe000-9cc00000 ---p 00000000 00:00 0 
9cc00000-9ccfd000 rw-p 00000000 00:00 0 
9ccfd000-9cd00000 ---p 00000000 00:00 0 
9cd00000-9ce00000 rw-p 00000000 00:00 0 
9ce16000-9ce2c000 r-xp 00000000 08:01 267388     /usr/lib/i386-linux-gnu/libICE.so.6.3.0
9ce2c000-9ce2e000 rw-p 00015000 08:01 267388     /usr/lib/i386-linux-gnu/libICE.so.6.3.0
9ce2e000-9ce2f000 rw-p 00000000 00:00 0 
9ce2f000-9ce90000 r-xp 00000000 08:01 267851     /usr/lib/i386-linux-gnu/libgstbase-0.10.so.0.30.0
9ce90000-9ce91000 r--p 00060000 08:01 267851     /usr/lib/i386-linux-gnu/libgstbase-0.10.so.0.30.0
9ce91000-9ce92000 rw-p 00061000 08:01 267851     /usr/lib/i386-linux-gnu/libgstbase-0.10.so.0.30.0
9ce92000-9cecf000 r-xp 00000000 08:01 267849     /usr/lib/i386-linux-gnu/libgstaudio-0.10.so.0.25.0
9cecf000-9ced0000 r--p 0003d000 08:01 267849     /usr/lib/i386-linux-gnu/libgstaudio-0.10.so.0.25.0
9ced0000-9ced1000 rw-p 0003e000 08:01 267849     /usr/lib/i386-linux-gnu/libgstaudio-0.10.so.0.25.0
9ced1000-9cf00000 r--s 00245000 08:06 10623562   /home/zaqwes/opt/eclipse_gae/plugins/org.eclipse.egit.ui_3.4.1.201406201815-r.jar
9cf00000-9d000000 rw-p 00000000 00:00 0 
9d001000-9d01d000 r-xp 00000000 08:01 267893     /usr/lib/i386-linux-gnu/libgstvideo-0.10.so.0.25.0
9d01d000-9d01e000 r--p 0001c000 08:01 267893     /usr/lib/i386-linux-gnu/libgstvideo-0.10.so.0.25.0
9d01e000-9d01f000 rw-p 0001d000 08:01 267893     /usr/lib/i386-linux-gnu/libgstvideo-0.10.so.0.25.0
9d01f000-9d06b000 r--s 00405000 08:06 10623905   /home/zaqwes/opt/eclipse_gae/plugins/org.eclipse.pde.ui_3.8.101.v20140902-1534.jar
9d06b000-9d06e000 ---p 00000000 00:00 0 
9d06e000-9d0bc000 rw-p 00000000 00:00 0 
9d0bc000-9d0bf000 ---p 00000000 00:00 0 
9d0bf000-9d10d000 rw-p 00000000 00:00 0 
9d10d000-9d110000 ---p 00000000 00:00 0 
9d110000-9d15e000 rw-p 00000000 00:00 0 
9d15e000-9d161000 ---p 00000000 00:00 0 
9d161000-9d1af000 rw-p 00000000 00:00 0 
9d1af000-9d1b2000 ---p 00000000 00:00 0 
9d1b2000-9d200000 rw-p 00000000 00:00 0 
9d200000-9d2f5000 rw-p 00000000 00:00 0 
9d2f5000-9d300000 ---p 00000000 00:00 0 
9d307000-9d328000 r-xp 00000000 08:01 267875     /usr/lib/i386-linux-gnu/libgstpbutils-0.10.so.0.25.0
9d328000-9d329000 ---p 00021000 08:01 267875     /usr/lib/i386-linux-gnu/libgstpbutils-0.10.so.0.25.0
9d329000-9d32a000 r--p 00021000 08:01 267875     /usr/lib/i386-linux-gnu/libgstpbutils-0.10.so.0.25.0
9d32a000-9d32b000 rw-p 00022000 08:01 267875     /usr/lib/i386-linux-gnu/libgstpbutils-0.10.so.0.25.0
9d32b000-9d32e000 ---p 00000000 00:00 0 
9d32e000-9d37c000 rw-p 00000000 00:00 0 
9d37c000-9d3ae000 r--s 001d9000 08:06 10624044   /home/zaqwes/opt/eclipse_gae/plugins/org.eclipse.jpt.jpa.ui_3.4.0.v201312050012.jar
9d3ae000-9d3b1000 ---p 00000000 00:00 0 
9d3b1000-9d3ff000 rw-p 00000000 00:00 0 
9d3ff000-9d4af000 r--p 00000000 08:01 133488     /usr/share/fonts/truetype/ttf-dejavu/DejaVuSans.ttf
9d4af000-9d4b2000 ---p 00000000 00:00 0 
9d4b2000-9d500000 rw-p 00000000 00:00 0 
9d500000-9d600000 rw-p 00000000 00:00 0 
9d604000-9d614000 r-xp 00000000 08:01 267869     /usr/lib/i386-linux-gnu/libgstinterfaces-0.10.so.0.25.0
9d614000-9d615000 r--p 0000f000 08:01 267869     /usr/lib/i386-linux-gnu/libgstinterfaces-0.10.so.0.25.0
9d615000-9d616000 rw-p 00010000 08:01 267869     /usr/lib/i386-linux-gnu/libgstinterfaces-0.10.so.0.25.0
9d616000-9d622000 r-xp 00000000 08:01 267847     /usr/lib/i386-linux-gnu/libgstapp-0.10.so.0.25.0
9d622000-9d623000 r--p 0000b000 08:01 267847     /usr/lib/i386-linux-gnu/libgstapp-0.10.so.0.25.0
9d623000-9d624000 rw-p 0000c000 08:01 267847     /usr/lib/i386-linux-gnu/libgstapp-0.10.so.0.25.0
9d624000-9d627000 ---p 00000000 00:00 0 
9d627000-9d675000 rw-p 00000000 00:00 0 
9d675000-9d678000 ---p 00000000 00:00 0 
9d678000-9d6c6000 rw-p 00000000 00:00 0 
9d6c6000-9d700000 r--p 00000000 08:01 133494     /usr/share/fonts/truetype/ttf-dejavu/DejaVuSansMono-BoldOblique.ttf
9d700000-9d800000 rw-p 00000000 00:00 0 
9d801000-9d80b000 r-xp 00000000 08:01 267867     /usr/lib/i386-linux-gnu/libgstfft-0.10.so.0.25.0
9d80b000-9d80c000 r--p 00009000 08:01 267867     /usr/lib/i386-linux-gnu/libgstfft-0.10.so.0.25.0
9d80c000-9d80d000 rw-p 0000a000 08:01 267867     /usr/lib/i386-linux-gnu/libgstfft-0.10.so.0.25.0
9d80d000-9d849000 r--p 00000000 08:01 133495     /usr/share/fonts/truetype/ttf-dejavu/DejaVuSansMono-Oblique.ttf
9d849000-9d896000 r--p 00000000 08:01 133493     /usr/share/fonts/truetype/ttf-dejavu/DejaVuSansMono-Bold.ttf
9d896000-9d89a000 r-xp 00000000 08:01 81         /lib/i386-linux-gnu/i686/cmov/libnss_dns-2.13.so
9d89a000-9d89b000 r--p 00004000 08:01 81         /lib/i386-linux-gnu/i686/cmov/libnss_dns-2.13.so
9d89b000-9d89c000 rw-p 00005000 08:01 81         /lib/i386-linux-gnu/i686/cmov/libnss_dns-2.13.so
9d89c000-9d89e000 r-xp 00000000 08:01 343        /lib/libnss_mdns4_minimal.so.2
9d89e000-9d89f000 rw-p 00001000 08:01 343        /lib/libnss_mdns4_minimal.so.2
9d8a8000-9d8c1000 r--s 0013a000 08:06 10623548   /home/zaqwes/opt/eclipse_gae/plugins/org.eclipse.jdt.debug.ui_3.6.300.v20140512-1926.jar
9d8c6000-9d8eb000 r-xp 00000000 08:01 267586     /usr/lib/i386-linux-gnu/libdbus-glib-1.so.2.2.2
9d8eb000-9d8ec000 rw-p 00024000 08:01 267586     /usr/lib/i386-linux-gnu/libdbus-glib-1.so.2.2.2
9d8ec000-9d8ff000 r-xp 00000000 08:01 269380     /usr/lib/libgeoclue.so.0.0.0
9d8ff000-9d900000 rw-p 00013000 08:01 269380     /usr/lib/libgeoclue.so.0.0.0
9d900000-9d9ff000 rw-p 00000000 00:00 0 
9d9ff000-9da00000 ---p 00000000 00:00 0 
9da00000-9dafb000 rw-p 00000000 00:00 0 
9dafb000-9db00000 ---p 00000000 00:00 0 
9db01000-9db08000 r-xp 00000000 08:01 267398     /usr/lib/i386-linux-gnu/libSM.so.6.0.1
9db08000-9db09000 rw-p 00006000 08:01 267398     /usr/lib/i386-linux-gnu/libSM.so.6.0.1
9db09000-9db27000 r--s 00180000 08:06 10623892   /home/zaqwes/opt/eclipse_gae/plugins/org.eclipse.team.cvs.ui_3.3.600.v20130514-1224.jar
9db27000-9db69000 r--s 0043d000 08:06 10886506   /home/zaqwes/opt/eclipse_gae/configuration/org.eclipse.osgi/869/0/.cp/libs/gwt-dev-tools.jar
9db69000-9dc00000 r--s 00697000 08:06 7472176    /home/zaqwes/opt/appengine-java-sdk-1.9.3/lib/appengine-tools-api.jar
9dc00000-9dcff000 rw-p 00000000 00:00 0 
9dcff000-9dd00000 ---p 00000000 00:00 0 
9dd05000-9dd0d000 r-xp 00000000 08:01 267698     /usr/lib/i386-linux-gnu/libgailutil-3.so.0.0.0
9dd0d000-9dd0e000 r--p 00007000 08:01 267698     /usr/lib/i386-linux-gnu/libgailutil-3.so.0.0.0
9dd0e000-9dd0f000 rw-p 00008000 08:01 267698     /usr/lib/i386-linux-gnu/libgailutil-3.so.0.0.0
9dd0f000-9dd2b000 r--s 00144000 08:06 10623262   /home/zaqwes/opt/eclipse_gae/plugins/org.eclipse.team.ui_3.7.100.v20130710-1213.jar
9dd2b000-9dd2e000 r--s 000f5000 08:06 9049738    /home/zaqwes/opt/jre1.7.0_55/lib/ext/localedata.jar
9dd3c000-9dd40000 r--s 0002d000 08:06 9049741    /home/zaqwes/opt/jre1.7.0_55/lib/ext/sunjce_provider.jar
9dd40000-9dd43000 ---p 00000000 00:00 0 
9dd43000-9dd91000 rw-p 00000000 00:00 0 
9dd91000-9dd98000 r--s 00287000 08:06 10624189   /home/zaqwes/opt/eclipse_gae/plugins/com.google.appengine.eclipse.core_3.7.0.v201407290036-rel-r44.jar
9ddaa000-9ddae000 r-xp 00000000 08:01 266972     /usr/lib/i386-linux-gnu/gio/modules/libgiognomeproxy.so
9ddae000-9ddaf000 r--p 00003000 08:01 266972     /usr/lib/i386-linux-gnu/gio/modules/libgiognomeproxy.so
9ddaf000-9ddb0000 rw-p 00004000 08:01 266972     /usr/lib/i386-linux-gnu/gio/modules/libgiognomeproxy.so
9ddb0000-9ddb8000 rw-p 00000000 00:00 0 
9ddb8000-9ddcc000 r--s 000e5000 08:06 10624178   /home/zaqwes/opt/eclipse_gae/plugins/org.eclipse.wst.sse.ui_1.3.300.v201404240319.jar
9ddcd000-9ddd7000 r-xp 00000000 08:01 269333     /usr/lib/libenchant.so.1.6.0
9ddd7000-9ddd8000 r--p 00009000 08:01 269333     /usr/lib/libenchant.so.1.6.0
9ddd8000-9ddd9000 rw-p 0000a000 08:01 269333     /usr/lib/libenchant.so.1.6.0
9ddd9000-9ddf0000 r--s 00130000 08:06 10623504   /home/zaqwes/opt/eclipse_gae/plugins/org.apache.xerces_2.9.0.v201101211617.jar
9ddf0000-9de1b000 r--s 00274000 08:06 10624049   /home/zaqwes/opt/eclipse_gae/plugins/org.eclipse.jst.j2ee.core_1.3.100.v201404161600.jar
9de1b000-9de1e000 ---p 00000000 00:00 0 
9de1e000-9de6c000 rw-p 00000000 00:00 0 
9de6c000-9dec7000 r--s 009e2000 08:06 10623691   /home/zaqwes/opt/eclipse_gae/plugins/com.ibm.icu_52.1.0.v201404241930.jar
9dec7000-9deca000 ---p 00000000 00:00 0 
9deca000-9df18000 rw-p 00000000 00:00 0 
9df18000-9df1b000 ---p 00000000 00:00 0 
9df1b000-9df69000 rw-p 00000000 00:00 0 
9df69000-9df96000 r--s 00522000 08:06 10623298   /home/zaqwes/opt/eclipse_gae/plugins/org.eclipse.jdt.core_3.10.0.v20140902-0626.jar
9df9a000-9df9d000 r--s 0006e000 08:06 10623711   /home/zaqwes/opt/eclipse_gae/plugins/org.eclipse.jst.standard.schemas_1.2.200.v201402052029.jar
9df9d000-9dfa1000 rwxp 00000000 00:00 0 
9dfa1000-9dfb3000 r--s 000dc000 08:06 10623967   /home/zaqwes/opt/eclipse_gae/plugins/org.eclipse.wst.xml.ui_1.1.500.v201403122203.jar
9dfb3000-9dfb6000 ---p 00000000 00:00 0 
9dfb6000-9e004000 rw-p 00000000 00:00 0 
9e004000-9e007000 ---p 00000000 00:00 0 
9e007000-9e055000 rw-p 00000000 00:00 0 
9e055000-9e058000 ---p 00000000 00:00 0 
9e058000-9e0a6000 rw-p 00000000 00:00 0 
9e0a7000-9e0aa000 r--s 0001a000 08:06 10623205   /home/zaqwes/opt/eclipse_gae/plugins/org.eclipse.wst.xsl.core_1.1.301.v201405151730.jar
9e0aa000-9e0ad000 r--s 00015000 08:06 10623367   /home/zaqwes/opt/eclipse_gae/plugins/org.eclipse.ui.views_3.7.0.v20140408-0703.jar
9e0ad000-9e0bc000 r--s 000a1000 08:06 10624096   /home/zaqwes/opt/eclipse_gae/plugins/org.eclipse.wst.html.core_1.1.800.v201405291913.jar
9e0bc000-9e0bf000 r--s 00019000 08:06 10624034   /home/zaqwes/opt/eclipse_gae/plugins/org.eclipse.jem.util_2.1.200.v201404021815.jar
9e0bf000-9e0e0000 r--s 0019b000 08:06 10624150   /home/zaqwes/opt/eclipse_gae/plugins/org.eclipse.jst.j2ee_1.1.800.v201405212200.jar
9e0e3000-9e0f4000 r-xp 00000000 08:06 10754150   /home/zaqwes/opt/eclipse_gae/configuration/org.eclipse.osgi/673/0/.cp/libswt-webkit-gtk-4430.so
9e0f4000-9e0f5000 rw-p 00010000 08:06 10754150   /home/zaqwes/opt/eclipse_gae/configuration/org.eclipse.osgi/673/0/.cp/libswt-webkit-gtk-4430.so
9e0f5000-9e103000 r--s 000ab000 08:06 10623379   /home/zaqwes/opt/eclipse_gae/plugins/org.eclipse.compare_3.5.501.v20140817-1445.jar
9e103000-9e10a000 r--s 00057000 08:06 10623977   /home/zaqwes/opt/eclipse_gae/plugins/org.eclipse.egit.core_3.4.1.201406201815-r.jar
9e10a000-9e12c000 r--s 00194000 08:06 10623682   /home/zaqwes/opt/eclipse_gae/plugins/org.eclipse.mylyn.tasks.ui_3.13.0.v20140826-1734.jar
9e12c000-9e12f000 ---p 00000000 00:00 0 
9e12f000-9e17d000 rw-p 00000000 00:00 0 
9e17d000-9e184000 r--s 00050000 08:06 10623898   /home/zaqwes/opt/eclipse_gae/plugins/org.eclipse.emf.common_2.10.1.v20140901-1043.jar
9e184000-9e188000 rwxp 00000000 00:00 0 
9e188000-9e1a8000 r--s 00173000 08:06 10886493   /home/zaqwes/opt/eclipse_gae/configuration/org.eclipse.osgi/852/0/.cp/lib/guava-11.0.1.jar
9e1a8000-9e1c4000 r-xp 00000000 08:01 148        /lib/i386-linux-gnu/libgcc_s.so.1
9e1c4000-9e1c5000 rw-p 0001b000 08:01 148        /lib/i386-linux-gnu/libgcc_s.so.1
9e1c5000-9e1f8000 r-xp 00000000 08:06 8793866    /home/zaqwes/opt/jre1.7.0_55/lib/i386/libsunec.so
9e1f8000-9e1fc000 rw-p 00032000 08:06 8793866    /home/zaqwes/opt/jre1.7.0_55/lib/i386/libsunec.so
9e1fc000-9e200000 rw-p 00000000 00:00 0 
9e200000-9e2ff000 rw-p 00000000 00:00 0 
9e2ff000-9e300000 ---p 00000000 00:00 0 
9e300000-9e302000 r--s 00009000 08:06 10624092   /home/zaqwes/opt/eclipse_gae/plugins/org.eclipse.wst.common.uriresolver_1.2.100.v201305141800.jar
9e302000-9e30c000 r--s 00064000 08:06 10624119   /home/zaqwes/opt/eclipse_gae/plugins/org.eclipse.wst.sse.core_1.1.900.v201401101615.jar
9e30c000-9e313000 r--s 00040000 08:06 10624173   /home/zaqwes/opt/eclipse_gae/plugins/org.eclipse.wst.html.ui_1.0.900.v201403122151.jar
9e313000-9e31c000 r--s 00057000 08:06 10624167   /home/zaqwes/opt/eclipse_gae/plugins/org.eclipse.wst.common.modulecore_1.2.400.v201402071700.jar
9e31c000-9e3b3000 r--s 00964000 08:06 10623624   /home/zaqwes/opt/eclipse_gae/plugins/org.eclipse.jdt.ui_3.10.1.v20140817-1500.jar
9e3b3000-9e3dd000 r--s 00240000 08:06 10623456   /home/zaqwes/opt/eclipse_gae/plugins/org.eclipse.ui.ide_3.10.1.v20140828-0944.jar
9e3dd000-9e3ef000 r--s 004fd000 08:06 10624218   /home/zaqwes/opt/eclipse_gae/plugins/com.google.gwt.eclipse.core_3.7.0.v201407290036-rel-r44.jar
9e3ef000-9e3f1000 r--s 00019000 08:06 10623601   /home/zaqwes/opt/eclipse_gae/plugins/org.eclipse.ant.core_3.3.0.v20140518-0042.jar
9e3f1000-9e400000 r--s 000bc000 08:06 10624055   /home/zaqwes/opt/eclipse_gae/plugins/org.eclipse.jst.j2ee.ui_1.1.800.v201312231745.jar
9e400000-9e4ff000 rw-p 00000000 00:00 0 
9e4ff000-9e500000 ---p 00000000 00:00 0 
9e500000-9e50d000 r--s 000cb000 08:06 10753911   /home/zaqwes/opt/eclipse_gae/plugins/org.eclipse.jdt.debug_3.8.101.v20140902-1548/jdimodel.jar
9e50d000-9e51d000 r--p 00000000 08:01 133387     /usr/share/fonts/opentype/cantarell/Cantarell-Bold.otf
9e520000-9e523000 r--s 00006000 08:06 10886492   /home/zaqwes/opt/eclipse_gae/configuration/org.eclipse.osgi/852/0/.cp/lib/jsr305-1.3.9.jar
9e523000-9e52b000 r--s 00000000 08:06 4597323    /home/zaqwes/.local/share/gvfs-metadata/root-d150cf6d.log
9e52b000-9e532000 r--s 00000000 08:01 266812     /usr/lib/i386-linux-gnu/gconv/gconv-modules.cache
9e532000-9e53a000 r--s 0003a000 08:06 10624024   /home/zaqwes/opt/eclipse_gae/plugins/org.eclipse.ui_3.106.0.v20140812-1751.jar
9e53a000-9e53e000 r-xp 00000000 08:01 262        /lib/i386-linux-gnu/libuuid.so.1.3.0
9e53e000-9e53f000 r--p 00003000 08:01 262        /lib/i386-linux-gnu/libuuid.so.1.3.0
9e53f000-9e540000 rw-p 00004000 08:01 262        /lib/i386-linux-gnu/libuuid.so.1.3.0
9e540000-9e544000 r--s 0001c000 08:06 10623500   /home/zaqwes/opt/eclipse_gae/plugins/org.eclipse.ui.navigator.resources_3.4.700.v20140407-1004.jar
9e544000-9e54d000 r--s 0005a000 08:06 10623358   /home/zaqwes/opt/eclipse_gae/plugins/org.eclipse.ui.navigator_3.5.401.v20140724-1117.jar
9e54d000-9e59f000 r--p 00000000 08:01 133496     /usr/share/fonts/truetype/ttf-dejavu/DejaVuSansMono.ttf
9e59f000-9e5a3000 r--p 00000000 08:06 4588395    /home/zaqwes/.config/dconf/user
9e5a3000-9e5a9000 r-xp 00000000 08:01 266826     /usr/lib/i386-linux-gnu/gdk-pixbuf-2.0/2.10.0/loaders/libpixbufloader-gif.so
9e5a9000-9e5aa000 r--p 00005000 08:01 266826     /usr/lib/i386-linux-gnu/gdk-pixbuf-2.0/2.10.0/loaders/libpixbufloader-gif.so
9e5aa000-9e5ab000 rw-p 00006000 08:01 266826     /usr/lib/i386-linux-gnu/gdk-pixbuf-2.0/2.10.0/loaders/libpixbufloader-gif.so
9e5ad000-9e5b0000 r-xp 00000000 08:01 303171     /usr/lib/tls/libnvidia-tls.so.319.37
9e5b0000-9e5b1000 rw-p 00003000 08:01 303171     /usr/lib/tls/libnvidia-tls.so.319.37
9e5b1000-9e5bc000 r--s 00082000 08:06 10623421   /home/zaqwes/opt/eclipse_gae/plugins/org.eclipse.ui.editors_3.8.200.v20140401-1310.jar
9e5bc000-9e5be000 r--s 00000000 08:06 4597322    /home/zaqwes/.local/share/gvfs-metadata/root
9e5c1000-9e5c5000 r--s 0000e000 08:06 10753914   /home/zaqwes/opt/eclipse_gae/plugins/org.eclipse.jdt.debug_3.8.101.v20140902-1548/jdi.jar
9e5c5000-9e5e4000 r--s 001b3000 08:06 10623966   /home/zaqwes/opt/eclipse_gae/plugins/org.eclipse.jgit_3.4.1.201406201815-r.jar
9e5e4000-9e689000 r--p 00000000 08:01 133484     /usr/share/fonts/truetype/ttf-dejavu/DejaVuSans-Bold.ttf
9e689000-9e6fd000 r-xp 00000000 08:06 10754140   /home/zaqwes/opt/eclipse_gae/configuration/org.eclipse.osgi/673/0/.cp/libswt-pi3-gtk-4430.so
9e6fd000-9e6ff000 rw-p 00074000 08:06 10754140   /home/zaqwes/opt/eclipse_gae/configuration/org.eclipse.osgi/673/0/.cp/libswt-pi3-gtk-4430.so
9e6ff000-9e700000 rw-p 00000000 00:00 0 
9e700000-9e7ff000 rw-p 00000000 00:00 0 
9e7ff000-9e800000 ---p 00000000 00:00 0 
9e801000-9e803000 r--s 00015000 08:06 10623850   /home/zaqwes/opt/eclipse_gae/plugins/org.eclipse.core.contenttype_3.4.200.v20140207-1251.jar
9e803000-9e816000 r--p 00000000 08:01 133388     /usr/share/fonts/opentype/cantarell/Cantarell-Regular.otf
9e816000-9e818000 r-xp 00000000 08:01 268409     /usr/lib/i386-linux-gnu/pango/1.6.0/modules/pango-basic-fc.so
9e818000-9e819000 r--p 00001000 08:01 268409     /usr/lib/i386-linux-gnu/pango/1.6.0/modules/pango-basic-fc.so
9e819000-9e81a000 rw-p 00002000 08:01 268409     /usr/lib/i386-linux-gnu/pango/1.6.0/modules/pango-basic-fc.so
9e81a000-9e81b000 r--s 00000000 08:01 152735     /var/cache/fontconfig/c05880de57d1f5e948fdfacc138775d9-le32d4.cache-3
9e81b000-9e821000 r--s 00000000 08:01 152731     /var/cache/fontconfig/945677eb7aeaf62f1d50efc3fb3ec7d8-le32d4.cache-3
9e821000-9e825000 r--s 00000000 08:01 152730     /var/cache/fontconfig/6eb3985aa4124903f6ff08ba781cd364-le32d4.cache-3
9e825000-9e82c000 r--s 00000000 08:01 152723     /var/cache/fontconfig/6d41288fd70b0be22e8c3a91e032eec0-le32d4.cache-3
9e82c000-9e82d000 r--s 00000000 08:01 152739     /var/cache/fontconfig/4794a0821666d79190d59a36cb4f44b5-le32d4.cache-3
9e82d000-9e82f000 r--s 00000000 08:01 152720     /var/cache/fontconfig/c57959a16110560c8d0fcea73374aeeb-le32d4.cache-3
9e82f000-9e833000 r--s 00000000 08:01 152745     /var/cache/fontconfig/3047814df9a2f067bd2d96a2b9c36e5a-le32d4.cache-3
9e833000-9e835000 r--s 00000000 08:01 152724     /var/cache/fontconfig/e49e89034d371f0f9de17aab02136486-le32d4.cache-3
9e835000-9e836000 r--s 00000000 08:01 152722     /var/cache/fontconfig/4b14b093aebc79c320de5e86ae1d3314-le32d4.cache-3
9e836000-9e843000 r--s 00000000 08:01 164196     /var/cache/fontconfig/d52a8644073d54c13679302ca1180695-le32d4.cache-3
9e843000-9e849000 r--s 00000000 08:01 152734     /var/cache/fontconfig/3f7329c5293ffd510edef78f73874cfd-le32d4.cache-3
9e849000-9e850000 r--s 00000000 08:01 152728     /var/cache/fontconfig/83bf95040141907cd45bb53cf7c1c148-le32d4.cache-3
9e850000-9e851000 r--s 00000000 08:01 152719     /var/cache/fontconfig/62f91419b9ebdb6975e7e41ab6412357-le32d4.cache-3
9e851000-9e853000 r--s 00000000 08:01 152746     /var/cache/fontconfig/e13b20fdb08344e0e664864cc2ede53d-le32d4.cache-3
9e853000-9e858000 r-xp 00000000 08:01 267447     /usr/lib/i386-linux-gnu/libXtst.so.6.1.0
9e858000-9e859000 rw-p 00004000 08:01 267447     /usr/lib/i386-linux-gnu/libXtst.so.6.1.0
9e859000-9e85c000 r--s 00018000 08:06 10623899   /home/zaqwes/opt/eclipse_gae/plugins/org.eclipse.core.commands_3.6.100.v20140528-1422.jar
9e85c000-9e863000 r--s 00051000 08:06 10623266   /home/zaqwes/opt/eclipse_gae/plugins/org.eclipse.e4.ui.workbench.renderers.swt_0.12.1.v20140903-1023.jar
9e863000-9e867000 r-xp 00000000 08:01 266832     /usr/lib/i386-linux-gnu/gdk-pixbuf-2.0/2.10.0/loaders/libpixbufloader-png.so
9e867000-9e868000 r--p 00003000 08:01 266832     /usr/lib/i386-linux-gnu/gdk-pixbuf-2.0/2.10.0/loaders/libpixbufloader-png.so
9e868000-9e869000 rw-p 00004000 08:01 266832     /usr/lib/i386-linux-gnu/gdk-pixbuf-2.0/2.10.0/loaders/libpixbufloader-png.so
9e869000-9e86d000 rwxp 00000000 00:00 0 
9e86d000-9e875000 r-xp 00000000 08:06 10754141   /home/zaqwes/opt/eclipse_gae/configuration/org.eclipse.osgi/673/0/.cp/libswt-cairo-gtk-4430.so
9e875000-9e876000 rw-p 00007000 08:06 10754141   /home/zaqwes/opt/eclipse_gae/configuration/org.eclipse.osgi/673/0/.cp/libswt-cairo-gtk-4430.so
9e876000-9e879000 r-xp 00000000 08:06 10754139   /home/zaqwes/opt/eclipse_gae/configuration/org.eclipse.osgi/673/0/.cp/libswt-gtk-4430.so
9e879000-9e87a000 rw-p 00003000 08:06 10754139   /home/zaqwes/opt/eclipse_gae/configuration/org.eclipse.osgi/673/0/.cp/libswt-gtk-4430.so
9e87a000-9e87b000 rw-p 00000000 00:00 0 
9e87c000-9e87f000 r--s 00019000 08:06 10623291   /home/zaqwes/opt/eclipse_gae/plugins/org.eclipse.core.filebuffers_3.5.400.v20140127-1516.jar
9e87f000-9e885000 r--s 0003d000 08:06 10624168   /home/zaqwes/opt/eclipse_gae/plugins/org.eclipse.wst.common.snippets_1.2.200.v201204260225.jar
9e885000-9e887000 r--s 0000b000 08:06 10623623   /home/zaqwes/opt/eclipse_gae/plugins/org.eclipse.e4.ui.bindings_0.10.200.v20140424-2042.jar
9e887000-9e88b000 r--s 00035000 08:06 10623786   /home/zaqwes/opt/eclipse_gae/plugins/org.eclipse.emf.ecore.xmi_2.10.1.v20140901-1043.jar
9e88b000-9e893000 r--s 00071000 08:06 10623914   /home/zaqwes/opt/eclipse_gae/plugins/org.eclipse.rse.files.ui_3.2.200.201403211850.jar
9e893000-9e89c000 r--s 00086000 08:06 10623281   /home/zaqwes/opt/eclipse_gae/plugins/org.eclipse.team.cvs.core_3.3.600.v20131112-1442.jar
9e89c000-9e8a7000 r--s 0009a000 08:06 10624159   /home/zaqwes/opt/eclipse_gae/plugins/org.eclipse.jst.jsp.core_1.2.700.v201405221842.jar
9e8a7000-9e8aa000 r--s 00013000 08:06 10623478   /home/zaqwes/opt/eclipse_gae/plugins/org.eclipse.jdt.core.manipulation_1.5.0.v20130605-1748.jar
9e8aa000-9e8ac000 r--s 0000f000 08:06 10623521   /home/zaqwes/opt/eclipse_gae/plugins/org.eclipse.mylyn.resources.ui_3.13.0.v20140702-2225.jar
9e8ac000-9e8b0000 r--s 00024000 08:06 10623650   /home/zaqwes/opt/eclipse_gae/plugins/org.eclipse.mylyn.java.ui_3.13.0.v20140702-2225.jar
9e8b0000-9e8e7000 r--s 0027d000 08:06 10623600   /home/zaqwes/opt/eclipse_gae/plugins/org.eclipse.debug.ui_3.10.1.v20140822-1408.jar
9e8e7000-9e8ec000 r--s 0004a000 08:06 10623631   /home/zaqwes/opt/eclipse_gae/plugins/org.eclipse.jdt.launching_3.7.101.v20140825-1922.jar
9e8ec000-9e8f3000 r--s 00049000 08:06 10623810   /home/zaqwes/opt/eclipse_gae/plugins/org.eclipse.ltk.core.refactoring_3.6.101.v20140817-1500.jar
9e8f3000-9e8f7000 r--s 00028000 08:06 10886494   /home/zaqwes/opt/eclipse_gae/configuration/org.eclipse.osgi/852/0/.cp/lib/gson-2.1.jar
9e8f7000-9e8fb000 r--s 00035000 08:06 10624155   /home/zaqwes/opt/eclipse_gae/plugins/org.eclipse.jst.j2ee.navigator.ui_1.1.600.v201203142300.jar
9e8fb000-9e900000 r--s 00028000 08:06 10624158   /home/zaqwes/opt/eclipse_gae/plugins/org.eclipse.jst.jee.ui_1.0.700.v201401151049.jar
9e900000-9ea00000 rw-p 00000000 00:00 0 
9ea00000-9ea01000 r--s 00003000 08:06 10489275   /home/zaqwes/workspace_tae/.metadata/.plugins/com.google.appengine.eclipse.core/appengine-sdk-proxy.jar
9ea01000-9ea45000 r--s 00390000 08:06 10623804   /home/zaqwes/opt/eclipse_gae/plugins/org.eclipse.ui.workbench_3.106.1.v20140827-1737.jar
9ea45000-9ea48000 ---p 00000000 00:00 0 
9ea48000-9ea96000 rw-p 00000000 00:00 0 
9ea97000-9eaa0000 r--s 0005a000 08:06 10623706   /home/zaqwes/opt/eclipse_gae/plugins/org.eclipse.team.core_3.7.0.v20130514-1224.jar
9eaa0000-9eaa5000 r--s 0003f000 08:06 10624140   /home/zaqwes/opt/eclipse_gae/plugins/org.eclipse.jem_2.0.600.v201201051400.jar
9eaa5000-9eaac000 r--s 00034000 08:06 10624095   /home/zaqwes/opt/eclipse_gae/plugins/org.eclipse.wst.dtd.ui_1.0.801.v201308100603.jar
9eaac000-9eac1000 r--s 00107000 08:06 10623491   /home/zaqwes/opt/eclipse_gae/plugins/org.eclipse.jface_3.10.1.v20140813-1009.jar
9eac1000-9eac3000 r--s 00005000 08:06 10623973   /home/zaqwes/opt/eclipse_gae/plugins/org.eclipse.e4.core.commands_0.10.2.v20140424-2344.jar
9eac3000-9eacb000 r--s 0005d000 08:06 10624121   /home/zaqwes/opt/eclipse_gae/plugins/org.eclipse.wst.validation_1.2.501.v201311151800.jar
9eacb000-9eadd000 r--s 00111000 08:06 10623418   /home/zaqwes/opt/eclipse_gae/plugins/org.eclipse.emf.ecore_2.10.1.v20140901-1043.jar
9eadd000-9eae3000 r--s 0002e000 08:06 10624113   /home/zaqwes/opt/eclipse_gae/plugins/org.eclipse.wst.jsdt.web.ui_1.0.800.v201403281809.jar
9eae3000-9eaeb000 r--s 000ec000 08:06 10623719   /home/zaqwes/opt/eclipse_gae/plugins/org.eclipse.xsd_2.10.0.v20140901-1055.jar
9eaeb000-9eaf0000 r--s 0005c000 08:06 10623292   /home/zaqwes/opt/eclipse_gae/plugins/org.eclipse.m2e.model.edit_1.5.0.20140606-0033.jar
9eaf0000-9eaf3000 r--s 00037000 08:06 9049736    /home/zaqwes/opt/jre1.7.0_55/lib/ext/sunpkcs11.jar
9eaf3000-9eaf8000 r--s 00026000 08:06 10623922   /home/zaqwes/opt/eclipse_gae/plugins/org.eclipse.jst.common.project.facet.core_1.4.400.v201403261418.jar
9eaf8000-9eb00000 r--s 00051000 08:06 10623353   /home/zaqwes/opt/eclipse_gae/plugins/org.eclipse.wst.common.project.facet.core_1.4.300.v201111030423.jar
9eb00000-9ec00000 rw-p 00000000 00:00 0 
9ec01000-9ec07000 r--s 00039000 08:06 10623501   /home/zaqwes/opt/eclipse_gae/plugins/org.eclipse.wst.xsl.ui_1.1.301.v201304222136.jar
9ec07000-9ec1a000 r--s 000e0000 08:06 10623852   /home/zaqwes/opt/eclipse_gae/plugins/org.eclipse.jface.text_3.9.1.v20140827-1810.jar
9ec1a000-9ec1d000 ---p 00000000 00:00 0 
9ec1d000-9ec6b000 rw-p 00000000 00:00 0 
9ec6b000-9ec6e000 ---p 00000000 00:00 0 
9ec6e000-9ecbc000 rw-p 00000000 00:00 0 
9ecbc000-9ecbf000 ---p 00000000 00:00 0 
9ecbf000-9ed0d000 rw-p 00000000 00:00 0 
9ed0d000-9ed10000 ---p 00000000 00:00 0 
9ed10000-9ed5e000 rw-p 00000000 00:00 0 
9ed5e000-9ed61000 ---p 00000000 00:00 0 
9ed61000-9edaf000 rw-p 00000000 00:00 0 
9edaf000-9edb2000 ---p 00000000 00:00 0 
9edb2000-9ee00000 rw-p 00000000 00:00 0 
9ee00000-9eeff000 rw-p 00000000 00:00 0 
9eeff000-9ef00000 ---p 00000000 00:00 0 
9ef00000-9ef02000 r--s 0000c000 08:06 10624199   /home/zaqwes/opt/eclipse_gae/plugins/com.google.gdt.eclipse.appengine.swarm_3.7.0.v201407290036-rel-r44.jar
9ef02000-9ef0d000 r--s 000c1000 08:06 10623354   /home/zaqwes/opt/eclipse_gae/plugins/org.eclipse.core.resources_3.9.1.v20140825-1431.jar
9ef0d000-9ef22000 r--s 00241000 08:06 10623320   /home/zaqwes/opt/eclipse_gae/plugins/org.eclipse.swt.gtk.linux.x86_3.103.1.v20140903-1947.jar
9ef22000-9ef2b000 r--s 00251000 08:06 6947849    /home/zaqwes/opt/jre1.7.0_55/lib/resources.jar
9ef2c000-9ef30000 r--s 0001b000 08:06 10624149   /home/zaqwes/opt/eclipse_gae/plugins/org.eclipse.jst.common.frameworks_1.1.601.v201208160700.jar
9ef30000-9ef31000 r--s 00004000 08:06 10623840   /home/zaqwes/opt/eclipse_gae/plugins/org.eclipse.swt_3.103.1.v20140903-1938.jar
9ef31000-9ef33000 r--s 0000d000 08:06 10623201   /home/zaqwes/opt/eclipse_gae/plugins/org.eclipse.jdt.compiler.tool_1.0.300.v20140311-1758.jar
9ef33000-9ef38000 r--s 000c7000 08:06 10624209   /home/zaqwes/opt/eclipse_gae/plugins/com.google.gdt.eclipse.managedapis_3.7.0.v201407290036-rel-r44.jar
9ef38000-9ef3a000 r--s 0000c000 08:06 10624216   /home/zaqwes/opt/eclipse_gae/plugins/com.google.gdt.eclipse.suite.ext_3.7.0.v201407290036-rel-r44.jar
9ef3b000-9ef42000 r--s 00053000 08:06 10623567   /home/zaqwes/opt/eclipse_gae/plugins/org.eclipse.jdt.apt.core_3.3.600.v20140311-1758.jar
9ef43000-9ef45000 r--s 00007000 08:06 10624192   /home/zaqwes/opt/eclipse_gae/plugins/com.google.appengine.eclipse.wtp.jpa_3.7.0.v201407290036-rel-r44.jar
9ef45000-9ef49000 r--s 00028000 08:06 10623726   /home/zaqwes/opt/eclipse_gae/plugins/org.eclipse.ui.console_3.5.300.v20140424-1437.jar
9ef49000-9ef4c000 ---p 00000000 00:00 0 
9ef4c000-9ef9a000 rw-p 00000000 00:00 0 
9ef9a000-9efa8000 r-xp 00000000 08:06 8793861    /home/zaqwes/opt/jre1.7.0_55/lib/i386/libnio.so
9efa8000-9efa9000 rw-p 0000e000 08:06 8793861    /home/zaqwes/opt/jre1.7.0_55/lib/i386/libnio.so
9efa9000-9efbd000 r--s 00121000 08:06 10623829   /home/zaqwes/opt/eclipse_gae/plugins/org.eclipse.osgi_3.10.1.v20140909-1633.jar
9efbd000-9efbf000 r--s 00016000 08:06 10623481   /home/zaqwes/opt/eclipse_gae/plugins/org.eclipse.core.jobs_3.6.0.v20140424-0053.jar
9efbf000-9efc0000 r--s 00003000 08:06 9049740    /home/zaqwes/opt/jre1.7.0_55/lib/ext/sunec.jar
9efc1000-9efc3000 r--s 00004000 08:06 10623816   /home/zaqwes/opt/eclipse_gae/plugins/org.eclipse.mylyn.java.tasks_3.13.0.v20140819-2236.jar
9efc3000-9efca000 r--s 00044000 08:06 10624094   /home/zaqwes/opt/eclipse_gae/plugins/org.eclipse.wst.css.ui_1.0.900.v201401131445.jar
9efca000-9efd5000 r--s 00076000 08:06 10624062   /home/zaqwes/opt/eclipse_gae/plugins/org.eclipse.jst.jsp.ui_1.1.900.v201311142216.jar
9efd5000-9efda000 r--s 00038000 08:06 10623607   /home/zaqwes/opt/eclipse_gae/plugins/org.eclipse.text_3.5.300.v20130515-1451.jar
9efda000-9efdc000 r-xp 00000000 08:06 10754200   /home/zaqwes/opt/eclipse_gae/configuration/org.eclipse.osgi/79/0/.cp/os/linux/x86/libunixfile_1_0_0.so
9efdc000-9efdd000 rw-p 00001000 08:06 10754200   /home/zaqwes/opt/eclipse_gae/configuration/org.eclipse.osgi/79/0/.cp/os/linux/x86/libunixfile_1_0_0.so
9efde000-9efe1000 r--s 00025000 08:06 10623366   /home/zaqwes/opt/eclipse_gae/plugins/org.eclipse.jdt.compiler.apt_1.1.0.v20140509-1235.jar
9efe1000-9efe3000 r--s 00011000 08:06 10624145   /home/zaqwes/opt/eclipse_gae/plugins/org.eclipse.jem.workbench_2.0.400.v201104251400.jar
9efe3000-9efe6000 r--s 00019000 08:06 10624165   /home/zaqwes/opt/eclipse_gae/plugins/org.eclipse.wst.common.frameworks_1.2.200.v201203141800.jar
9efe6000-9efe8000 r-xp 00000000 08:01 342        /lib/libnss_mdns4.so.2
9efe8000-9efe9000 rw-p 00001000 08:01 342        /lib/libnss_mdns4.so.2
9efea000-9efec000 r--s 00010000 08:06 10624139   /home/zaqwes/opt/eclipse_gae/plugins/org.eclipse.wst.xsd.core_1.1.900.v201401141907.jar
9efec000-9eff6000 r-xp 00000000 08:06 10754148   /home/zaqwes/opt/eclipse_gae/configuration/org.eclipse.osgi/673/0/.cp/libswt-atk-gtk-4430.so
9eff6000-9eff7000 rw-p 00009000 08:06 10754148   /home/zaqwes/opt/eclipse_gae/configuration/org.eclipse.osgi/673/0/.cp/libswt-atk-gtk-4430.so
9eff7000-9eff8000 rw-p 00000000 00:00 0 
9eff8000-9f003000 r--s 00363000 08:06 6947851    /home/zaqwes/opt/jre1.7.0_55/lib/charsets.jar
9f003000-9f00e000 r--s 00084000 08:06 10623882   /home/zaqwes/opt/eclipse_gae/plugins/org.eclipse.ui.workbench.texteditor_3.9.0.v20140411-1521.jar
9f00e000-9f016000 r--s 00050000 08:06 10623625   /home/zaqwes/opt/eclipse_gae/plugins/org.eclipse.debug.core_3.9.1.v20140805-1629.jar
9f016000-9f021000 r--s 001fc000 08:06 10624201   /home/zaqwes/opt/eclipse_gae/plugins/com.google.gdt.eclipse.core_3.7.0.v201407290036-rel-r44.jar
9f021000-9f040000 r--s 00000000 08:01 430384     /usr/share/mime/mime.cache
9f040000-9f049000 r-xp 00000000 08:01 70         /lib/i386-linux-gnu/i686/cmov/libcrypt-2.13.so
9f049000-9f04a000 r--p 00008000 08:01 70         /lib/i386-linux-gnu/i686/cmov/libcrypt-2.13.so
9f04a000-9f04b000 rw-p 00009000 08:01 70         /lib/i386-linux-gnu/i686/cmov/libcrypt-2.13.so
9f04b000-9f072000 rw-p 00000000 00:00 0 
9f072000-9f07b000 r-xp 00000000 08:01 267989     /usr/lib/i386-linux-gnu/libltdl.so.7.3.0
9f07b000-9f07c000 rw-p 00008000 08:01 267989     /usr/lib/i386-linux-gnu/libltdl.so.7.3.0
9f07c000-9f08d000 r-xp 00000000 08:01 268242     /usr/lib/i386-linux-gnu/libtdb.so.1.2.10
9f08d000-9f08e000 rw-p 00011000 08:01 268242     /usr/lib/i386-linux-gnu/libtdb.so.1.2.10
9f08e000-9f094000 r-xp 00000000 08:01 268053     /usr/lib/i386-linux-gnu/libogg.so.0.8.0
9f094000-9f095000 rw-p 00005000 08:01 268053     /usr/lib/i386-linux-gnu/libogg.so.0.8.0
9f095000-9f0bf000 r-xp 00000000 08:01 268316     /usr/lib/i386-linux-gnu/libvorbis.so.0.4.5
9f0bf000-9f0c0000 r--p 00029000 08:01 268316     /usr/lib/i386-linux-gnu/libvorbis.so.0.4.5
9f0c0000-9f0c1000 rw-p 0002a000 08:01 268316     /usr/lib/i386-linux-gnu/libvorbis.so.0.4.5
9f0c1000-9f0c9000 r-xp 00000000 08:01 268320     /usr/lib/i386-linux-gnu/libvorbisfile.so.3.3.4
9f0c9000-9f0ca000 r--p 00007000 08:01 268320     /usr/lib/i386-linux-gnu/libvorbisfile.so.3.3.4
9f0ca000-9f0cb000 rw-p 00008000 08:01 268320     /usr/lib/i386-linux-gnu/libvorbisfile.so.3.3.4
9f0cb000-9f0f0000 r-xp 00000000 08:01 170        /lib/i386-linux-gnu/liblzma.so.5.0.0
9f0f0000-9f0f1000 r--p 00024000 08:01 170        /lib/i386-linux-gnu/liblzma.so.5.0.0
9f0f1000-9f0f2000 rw-p 00025000 08:01 170        /lib/i386-linux-gnu/liblzma.so.5.0.0
9f0f2000-9f23f000 r-xp 00000000 08:01 361927     /usr/lib/i386-linux-gnu/libxml2.so.2.8.0
9f23f000-9f240000 ---p 0014d000 08:01 361927     /usr/lib/i386-linux-gnu/libxml2.so.2.8.0
9f240000-9f244000 r--p 0014d000 08:01 361927     /usr/lib/i386-linux-gnu/libxml2.so.2.8.0
9f244000-9f245000 rw-p 00151000 08:01 361927     /usr/lib/i386-linux-gnu/libxml2.so.2.8.0
9f245000-9f246000 rw-p 00000000 00:00 0 
9f246000-9f27f000 r-xp 00000000 08:01 267562     /usr/lib/i386-linux-gnu/libcroco-0.6.so.3.0.1
9f27f000-9f281000 r--p 00039000 08:01 267562     /usr/lib/i386-linux-gnu/libcroco-0.6.so.3.0.1
9f281000-9f282000 rw-p 0003b000 08:01 267562     /usr/lib/i386-linux-gnu/libcroco-0.6.so.3.0.1
9f282000-9f2ba000 r-xp 00000000 08:01 268166     /usr/lib/i386-linux-gnu/librsvg-2.so.2.36.1
9f2ba000-9f2bb000 r--p 00037000 08:01 268166     /usr/lib/i386-linux-gnu/librsvg-2.so.2.36.1
9f2bb000-9f2bc000 rw-p 00038000 08:01 268166     /usr/lib/i386-linux-gnu/librsvg-2.so.2.36.1
9f2bc000-9f2be000 r--s 00009000 08:06 10624175   /home/zaqwes/opt/eclipse_gae/plugins/org.eclipse.wst.internet.cache_1.0.600.v201203071939.jar
9f2be000-9f2d3000 r-xp 00000000 08:06 8793882    /home/zaqwes/opt/jre1.7.0_55/lib/i386/libnet.so
9f2d3000-9f2d4000 rw-p 00014000 08:06 8793882    /home/zaqwes/opt/jre1.7.0_55/lib/i386/libnet.so
9f2d4000-9f2d7000 r-xp 00000000 08:01 266825     /usr/lib/i386-linux-gnu/gdk-pixbuf-2.0/2.10.0/loaders/libpixbufloader-bmp.so
9f2d7000-9f2d8000 r--p 00002000 08:01 266825     /usr/lib/i386-linux-gnu/gdk-pixbuf-2.0/2.10.0/loaders/libpixbufloader-bmp.so
9f2d8000-9f2d9000 rw-p 00003000 08:01 266825     /usr/lib/i386-linux-gnu/gdk-pixbuf-2.0/2.10.0/loaders/libpixbufloader-bmp.so
9f2d9000-9f2dd000 r-xp 00000000 08:01 265477     /usr/lib/gtk-3.0/3.0.0/theming-engines/libadwaita.so
9f2dd000-9f2de000 r--p 00003000 08:01 265477     /usr/lib/gtk-3.0/3.0.0/theming-engines/libadwaita.so
9f2de000-9f2df000 rw-p 00004000 08:01 265477     /usr/lib/gtk-3.0/3.0.0/theming-engines/libadwaita.so
9f2df000-9f2e1000 r--s 00027000 08:06 10624120   /home/zaqwes/opt/eclipse_gae/plugins/org.eclipse.wst.standard.schemas_1.0.700.v201304171716.jar
9f2e1000-9f2e5000 r-xp 00000000 08:01 267528     /usr/lib/i386-linux-gnu/libcanberra-gtk3.so.0.1.8
9f2e5000-9f2e6000 r--p 00003000 08:01 267528     /usr/lib/i386-linux-gnu/libcanberra-gtk3.so.0.1.8
9f2e6000-9f2e7000 rw-p 00004000 08:01 267528     /usr/lib/i386-linux-gnu/libcanberra-gtk3.so.0.1.8
9f2e7000-9f2f7000 r-xp 00000000 08:01 267530     /usr/lib/i386-linux-gnu/libcanberra.so.0.2.5
9f2f7000-9f2f8000 r--p 0000f000 08:01 267530     /usr/lib/i386-linux-gnu/libcanberra.so.0.2.5
9f2f8000-9f2f9000 rw-p 00010000 08:01 267530     /usr/lib/i386-linux-gnu/libcanberra.so.0.2.5
9f2f9000-9f2fe000 r-xp 00000000 08:01 267324     /usr/lib/i386-linux-gnu/gtk-3.0/modules/libcanberra-gtk3-module.so
9f2fe000-9f2ff000 r--p 00004000 08:01 267324     /usr/lib/i386-linux-gnu/gtk-3.0/modules/libcanberra-gtk3-module.so
9f2ff000-9f300000 rw-p 00005000 08:01 267324     /usr/lib/i386-linux-gnu/gtk-3.0/modules/libcanberra-gtk3-module.so
9f300000-9f32b000 r-xp 00000000 08:01 266976     /usr/lib/i386-linux-gnu/gio/modules/libgvfsdbus.so
9f32b000-9f32c000 r--p 0002a000 08:01 266976     /usr/lib/i386-linux-gnu/gio/modules/libgvfsdbus.so
9f32c000-9f32d000 rw-p 0002b000 08:01 266976     /usr/lib/i386-linux-gnu/gio/modules/libgvfsdbus.so
9f32d000-9f35c000 r-xp 00000000 08:01 267509     /usr/lib/i386-linux-gnu/libbluray.so.1.1.0
9f35c000-9f35d000 r--p 0002f000 08:01 267509     /usr/lib/i386-linux-gnu/libbluray.so.1.1.0
9f35d000-9f35e000 rw-p 00030000 08:01 267509     /usr/lib/i386-linux-gnu/libbluray.so.1.1.0
9f35e000-9f375000 r-xp 00000000 08:01 267347     /usr/lib/i386-linux-gnu/gvfs/libgvfscommon.so
9f375000-9f376000 r--p 00016000 08:01 267347     /usr/lib/i386-linux-gnu/gvfs/libgvfscommon.so
9f376000-9f377000 rw-p 00017000 08:01 267347     /usr/lib/i386-linux-gnu/gvfs/libgvfscommon.so
9f377000-9f3c0000 r-xp 00000000 08:01 135        /lib/i386-linux-gnu/libdbus-1.so.3.7.2
9f3c0000-9f3c1000 ---p 00049000 08:01 135        /lib/i386-linux-gnu/libdbus-1.so.3.7.2
9f3c1000-9f3c2000 r--p 00049000 08:01 135        /lib/i386-linux-gnu/libdbus-1.so.3.7.2
9f3c2000-9f3c3000 rw-p 0004a000 08:01 135        /lib/i386-linux-gnu/libdbus-1.so.3.7.2
9f3c3000-9f3c7000 r--s 00029000 08:06 10623808   /home/zaqwes/opt/eclipse_gae/plugins/org.eclipse.equinox.registry_3.5.400.v20140428-1507.jar
9f3c7000-9f3d5000 r-xp 00000000 08:01 252        /lib/i386-linux-gnu/libudev.so.0.13.0
9f3d5000-9f3d6000 r--p 0000d000 08:01 252        /lib/i386-linux-gnu/libudev.so.0.13.0
9f3d6000-9f3d7000 rw-p 0000e000 08:01 252        /lib/i386-linux-gnu/libudev.so.0.13.0
9f3d7000-9f3de000 r-xp 00000000 08:01 266971     /usr/lib/i386-linux-gnu/gio/modules/libdconfsettings.so
9f3de000-9f3df000 r--p 00006000 08:01 266971     /usr/lib/i386-linux-gnu/gio/modules/libdconfsettings.so
9f3df000-9f3e0000 rw-p 00007000 08:01 266971     /usr/lib/i386-linux-gnu/gio/modules/libdconfsettings.so
9f3e0000-9f43d000 r--p 00000000 08:01 21844      /usr/share/themes/Adwaita/gtk-3.0/gtk.gresource
9f43d000-9f45c000 r-xp 00000000 08:01 267477     /usr/lib/i386-linux-gnu/libatk-1.0.so.0.20409.1
9f45c000-9f45e000 r--p 0001e000 08:01 267477     /usr/lib/i386-linux-gnu/libatk-1.0.so.0.20409.1
9f45e000-9f45f000 rw-p 00020000 08:01 267477     /usr/lib/i386-linux-gnu/libatk-1.0.so.0.20409.1
9f45f000-9f91b000 r-xp 00000000 08:01 267900     /usr/lib/i386-linux-gnu/libgtk-3.so.0.400.2
9f91b000-9f91f000 r--p 004bc000 08:01 267900     /usr/lib/i386-linux-gnu/libgtk-3.so.0.400.2
9f91f000-9f922000 rw-p 004c0000 08:01 267900     /usr/lib/i386-linux-gnu/libgtk-3.so.0.400.2
9f922000-9f923000 rw-p 00000000 00:00 0 
9f923000-9f928000 r-xp 00000000 08:01 267421     /usr/lib/i386-linux-gnu/libXdmcp.so.6.0.0
9f928000-9f929000 rw-p 00004000 08:01 267421     /usr/lib/i386-linux-gnu/libXdmcp.so.6.0.0
9f929000-9f92b000 r-xp 00000000 08:01 267410     /usr/lib/i386-linux-gnu/libXau.so.6.0.0
9f92b000-9f92c000 rw-p 00001000 08:01 267410     /usr/lib/i386-linux-gnu/libXau.so.6.0.0
9f92c000-9f969000 r-xp 00000000 08:01 218        /lib/i386-linux-gnu/libpcre.so.3.13.1
9f969000-9f96a000 rw-p 0003c000 08:01 218        /lib/i386-linux-gnu/libpcre.so.3.13.1
9f96a000-9f972000 r-xp 00000000 08:01 267645     /usr/lib/i386-linux-gnu/libffi.so.5.0.10
9f972000-9f973000 rw-p 00008000 08:01 267645     /usr/lib/i386-linux-gnu/libffi.so.5.0.10
9f973000-9f974000 r-xp 00000000 08:01 267895     /usr/lib/i386-linux-gnu/libgthread-2.0.so.0.3200.4
9f974000-9f975000 r--p 00000000 08:01 267895     /usr/lib/i386-linux-gnu/libgthread-2.0.so.0.3200.4
9f975000-9f976000 rw-p 00001000 08:01 267895     /usr/lib/i386-linux-gnu/libgthread-2.0.so.0.3200.4
9f976000-9f99b000 r-xp 00000000 08:01 143        /lib/i386-linux-gnu/libexpat.so.1.6.0
9f99b000-9f99d000 r--p 00025000 08:01 143        /lib/i386-linux-gnu/libexpat.so.1.6.0
9f99d000-9f99e000 rw-p 00027000 08:01 143        /lib/i386-linux-gnu/libexpat.so.1.6.0
9f99e000-9f9bf000 r-xp 00000000 08:01 268349     /usr/lib/i386-linux-gnu/libxcb.so.1.1.0
9f9bf000-9f9c0000 r--p 00020000 08:01 268349     /usr/lib/i386-linux-gnu/libxcb.so.1.1.0
9f9c0000-9f9c1000 rw-p 00021000 08:01 268349     /usr/lib/i386-linux-gnu/libxcb.so.1.1.0
9f9c1000-9f9ca000 r-xp 00000000 08:01 268341     /usr/lib/i386-linux-gnu/libxcb-render.so.0.0.0
9f9ca000-9f9cb000 r--p 00008000 08:01 268341     /usr/lib/i386-linux-gnu/libxcb-render.so.0.0.0
9f9cb000-9f9cc000 rw-p 00009000 08:01 268341     /usr/lib/i386-linux-gnu/libxcb-render.so.0.0.0
9f9cc000-9f9ce000 r-xp 00000000 08:01 268345     /usr/lib/i386-linux-gnu/libxcb-shm.so.0.0.0
9f9ce000-9f9cf000 r--p 00001000 08:01 268345     /usr/lib/i386-linux-gnu/libxcb-shm.so.0.0.0
9f9cf000-9f9d0000 rw-p 00002000 08:01 268345     /usr/lib/i386-linux-gnu/libxcb-shm.so.0.0.0
9f9d0000-9fa63000 r-xp 00000000 08:01 268099     /usr/lib/i386-linux-gnu/libpixman-1.so.0.26.0
9fa63000-9fa67000 rw-p 00093000 08:01 268099     /usr/lib/i386-linux-gnu/libpixman-1.so.0.26.0
9fa67000-9fa70000 r-xp 00000000 08:01 267441     /usr/lib/i386-linux-gnu/libXrender.so.1.3.0
9fa70000-9fa71000 rw-p 00008000 08:01 267441     /usr/lib/i386-linux-gnu/libXrender.so.1.3.0
9fa71000-9fa81000 r-xp 00000000 08:01 94         /lib/i386-linux-gnu/i686/cmov/libresolv-2.13.so
9fa81000-9fa82000 r--p 00010000 08:01 94         /lib/i386-linux-gnu/i686/cmov/libresolv-2.13.so
9fa82000-9fa83000 rw-p 00011000 08:01 94         /lib/i386-linux-gnu/i686/cmov/libresolv-2.13.so
9fa83000-9fa85000 rw-p 00000000 00:00 0 
9fa85000-9faa3000 r-xp 00000000 08:01 235        /lib/i386-linux-gnu/libselinux.so.1
9faa3000-9faa4000 r--p 0001d000 08:01 235        /lib/i386-linux-gnu/libselinux.so.1
9faa4000-9faa5000 rw-p 0001e000 08:01 235        /lib/i386-linux-gnu/libselinux.so.1
9faa5000-9fabc000 r-xp 00000000 08:01 267        /lib/i386-linux-gnu/libz.so.1.2.7
9fabc000-9fabd000 r--p 00016000 08:01 267        /lib/i386-linux-gnu/libz.so.1.2.7
9fabd000-9fabe000 rw-p 00017000 08:01 267        /lib/i386-linux-gnu/libz.so.1.2.7
9fabe000-9fae6000 r-xp 00000000 08:01 220        /lib/i386-linux-gnu/libpng12.so.0.49.0
9fae6000-9fae7000 r--p 00027000 08:01 220        /lib/i386-linux-gnu/libpng12.so.0.49.0
9fae7000-9fae8000 rw-p 00028000 08:01 220        /lib/i386-linux-gnu/libpng12.so.0.49.0
9fae8000-9faeb000 r-xp 00000000 08:01 267736     /usr/lib/i386-linux-gnu/libgmodule-2.0.so.0.3200.4
9faeb000-9faec000 r--p 00002000 08:01 267736     /usr/lib/i386-linux-gnu/libgmodule-2.0.so.0.3200.4
9faec000-9faed000 rw-p 00003000 08:01 267736     /usr/lib/i386-linux-gnu/libgmodule-2.0.so.0.3200.4
9faed000-9fbe8000 r-xp 00000000 08:01 152        /lib/i386-linux-gnu/libglib-2.0.so.0.3200.4
9fbe8000-9fbe9000 r--p 000fa000 08:01 152        /lib/i386-linux-gnu/libglib-2.0.so.0.3200.4
9fbe9000-9fbea000 rw-p 000fb000 08:01 152        /lib/i386-linux-gnu/libglib-2.0.so.0.3200.4
9fbea000-9fc3a000 r-xp 00000000 08:01 267752     /usr/lib/i386-linux-gnu/libgobject-2.0.so.0.3200.4
9fc3a000-9fc3b000 r--p 00050000 08:01 267752     /usr/lib/i386-linux-gnu/libgobject-2.0.so.0.3200.4
9fc3b000-9fc3c000 rw-p 00051000 08:01 267752     /usr/lib/i386-linux-gnu/libgobject-2.0.so.0.3200.4
9fc3c000-9fc70000 r-xp 00000000 08:01 267683     /usr/lib/i386-linux-gnu/libfontconfig.so.1.5.0
9fc70000-9fc71000 r--p 00033000 08:01 267683     /usr/lib/i386-linux-gnu/libfontconfig.so.1.5.0
9fc71000-9fc72000 rw-p 00034000 08:01 267683     /usr/lib/i386-linux-gnu/libfontconfig.so.1.5.0
9fc72000-9fd09000 r-xp 00000000 08:01 267691     /usr/lib/i386-linux-gnu/libfreetype.so.6.8.1
9fd09000-9fd0d000 r--p 00096000 08:01 267691     /usr/lib/i386-linux-gnu/libfreetype.so.6.8.1
9fd0d000-9fd0e000 rw-p 0009a000 08:01 267691     /usr/lib/i386-linux-gnu/libfreetype.so.6.8.1
9fd0e000-9fd58000 r-xp 00000000 08:01 268077     /usr/lib/i386-linux-gnu/libpango-1.0.so.0.3000.0
9fd58000-9fd59000 r--p 0004a000 08:01 268077     /usr/lib/i386-linux-gnu/libpango-1.0.so.0.3000.0
9fd59000-9fd5a000 rw-p 0004b000 08:01 268077     /usr/lib/i386-linux-gnu/libpango-1.0.so.0.3000.0
9fd5a000-9fd86000 r-xp 00000000 08:01 268081     /usr/lib/i386-linux-gnu/libpangoft2-1.0.so.0.3000.0
9fd86000-9fd87000 r--p 0002b000 08:01 268081     /usr/lib/i386-linux-gnu/libpangoft2-1.0.so.0.3000.0
9fd87000-9fd88000 rw-p 0002c000 08:01 268081     /usr/lib/i386-linux-gnu/libpangoft2-1.0.so.0.3000.0
9fd88000-9febc000 r-xp 00000000 08:01 267406     /usr/lib/i386-linux-gnu/libX11.so.6.3.0
9febc000-9fec0000 rw-p 00133000 08:01 267406     /usr/lib/i386-linux-gnu/libX11.so.6.3.0
9fec0000-9ffca000 r-xp 00000000 08:01 267521     /usr/lib/i386-linux-gnu/libcairo.so.2.11200.2
9ffca000-9ffcc000 r--p 00109000 08:01 267521     /usr/lib/i386-linux-gnu/libcairo.so.2.11200.2
9ffcc000-9ffcd000 rw-p 0010b000 08:01 267521     /usr/lib/i386-linux-gnu/libcairo.so.2.11200.2
9ffcd000-9ffce000 rw-p 00000000 00:00 0 
9ffce000-9ffd2000 r-xp 00000000 08:01 267425     /usr/lib/i386-linux-gnu/libXfixes.so.3.1.0
9ffd2000-9ffd3000 r--p 00003000 08:01 267425     /usr/lib/i386-linux-gnu/libXfixes.so.3.1.0
9ffd3000-9ffd4000 rw-p 00004000 08:01 267425     /usr/lib/i386-linux-gnu/libXfixes.so.3.1.0
9ffd4000-9ffd6000 r-xp 00000000 08:01 267419     /usr/lib/i386-linux-gnu/libXdamage.so.1.1.0
9ffd6000-9ffd7000 rw-p 00001000 08:01 267419     /usr/lib/i386-linux-gnu/libXdamage.so.1.1.0
9ffd7000-9ffe0000 r-xp 00000000 08:01 267417     /usr/lib/i386-linux-gnu/libXcursor.so.1.0.2
9ffe0000-9ffe1000 rw-p 00009000 08:01 267417     /usr/lib/i386-linux-gnu/libXcursor.so.1.0.2
9ffe1000-9ffe8000 r-xp 00000000 08:01 267439     /usr/lib/i386-linux-gnu/libXrandr.so.2.2.0
9ffe8000-9ffe9000 rw-p 00006000 08:01 267439     /usr/lib/i386-linux-gnu/libXrandr.so.2.2.0
9ffe9000-9fff7000 r-xp 00000000 08:01 267429     /usr/lib/i386-linux-gnu/libXi.so.6.1.0
9fff7000-9fff8000 rw-p 0000e000 08:01 267429     /usr/lib/i386-linux-gnu/libXi.so.6.1.0
9fff8000-a0009000 r-xp 00000000 08:01 267423     /usr/lib/i386-linux-gnu/libXext.so.6.4.0
a0009000-a000a000 rw-p 00010000 08:01 267423     /usr/lib/i386-linux-gnu/libXext.so.6.4.0
a000a000-a0165000 r-xp 00000000 08:01 267726     /usr/lib/i386-linux-gnu/libgio-2.0.so.0.3200.4
a0165000-a0166000 ---p 0015b000 08:01 267726     /usr/lib/i386-linux-gnu/libgio-2.0.so.0.3200.4
a0166000-a0168000 r--p 0015b000 08:01 267726     /usr/lib/i386-linux-gnu/libgio-2.0.so.0.3200.4
a0168000-a0169000 rw-p 0015d000 08:01 267726     /usr/lib/i386-linux-gnu/libgio-2.0.so.0.3200.4
a0169000-a016a000 rw-p 00000000 00:00 0 
a016a000-a016f000 r-xp 00000000 08:01 267519     /usr/lib/i386-linux-gnu/libcairo-gobject.so.2.11200.2
a016f000-a0170000 r--p 00005000 08:01 267519     /usr/lib/i386-linux-gnu/libcairo-gobject.so.2.11200.2
a0170000-a0171000 rw-p 00006000 08:01 267519     /usr/lib/i386-linux-gnu/libcairo-gobject.so.2.11200.2
a0171000-a0191000 r-xp 00000000 08:01 267714     /usr/lib/i386-linux-gnu/libgdk_pixbuf-2.0.so.0.2600.1
a0191000-a0192000 r--p 0001f000 08:01 267714     /usr/lib/i386-linux-gnu/libgdk_pixbuf-2.0.so.0.2600.1
a0192000-a0193000 rw-p 00020000 08:01 267714     /usr/lib/i386-linux-gnu/libgdk_pixbuf-2.0.so.0.2600.1
a0193000-a020d000 r-xp 00000000 08:01 267710     /usr/lib/i386-linux-gnu/libgdk-3.so.0.400.2
a020d000-a020e000 ---p 0007a000 08:01 267710     /usr/lib/i386-linux-gnu/libgdk-3.so.0.400.2
a020e000-a0210000 r--p 0007a000 08:01 267710     /usr/lib/i386-linux-gnu/libgdk-3.so.0.400.2
a0210000-a0211000 rw-p 0007c000 08:01 267710     /usr/lib/i386-linux-gnu/libgdk-3.so.0.400.2
a0211000-a0212000 rw-p 00000000 00:00 0 
a0212000-a0215000 r--s 00018000 08:06 10623717   /home/zaqwes/opt/eclipse_gae/plugins/org.eclipse.equinox.common_3.6.200.v20130402-1505.jar
a0215000-a0217000 r-xp 00000000 08:01 100        /lib/i386-linux-gnu/i686/cmov/libutil-2.13.so
a0217000-a0218000 r--p 00001000 08:01 100        /lib/i386-linux-gnu/i686/cmov/libutil-2.13.so
a0218000-a0219000 rw-p 00002000 08:01 100        /lib/i386-linux-gnu/i686/cmov/libutil-2.13.so
a0219000-a022a000 r-xp 00000000 08:01 266975     /usr/lib/i386-linux-gnu/gio/modules/libgioremote-volume-monitor.so
a022a000-a022b000 r--p 00010000 08:01 266975     /usr/lib/i386-linux-gnu/gio/modules/libgioremote-volume-monitor.so
a022b000-a022c000 rw-p 00011000 08:01 266975     /usr/lib/i386-linux-gnu/gio/modules/libgioremote-volume-monitor.so
a022c000-a022d000 r--p 00000000 08:01 532529     /usr/share/locale/en/LC_MESSAGES/gtk30-properties.mo
a022d000-a022e000 r--p 00000000 08:01 532530     /usr/share/locale/en/LC_MESSAGES/gtk30.mo
a022e000-a022f000 ---p 00000000 00:00 0 
a022f000-a02af000 rw-p 00000000 00:00 0 
a02af000-a02b2000 ---p 00000000 00:00 0 
a02b2000-a0300000 rw-p 00000000 00:00 0 
a0300000-a03ef000 rw-p 00000000 00:00 0 
a03ef000-a0400000 ---p 00000000 00:00 0 
a0400000-a0402000 r--s 00002000 08:06 10623445   /home/zaqwes/opt/eclipse_gae/plugins/org.eclipse.core.runtime.compatibility.registry_3.5.300.v20140128-0851/runtime_registry_compatibility.jar
a0402000-a040d000 r-xp 00000000 08:01 268079     /usr/lib/i386-linux-gnu/libpangocairo-1.0.so.0.3000.0
a040d000-a040e000 r--p 0000b000 08:01 268079     /usr/lib/i386-linux-gnu/libpangocairo-1.0.so.0.3000.0
a040e000-a040f000 rw-p 0000c000 08:01 268079     /usr/lib/i386-linux-gnu/libpangocairo-1.0.so.0.3000.0
a040f000-a0412000 ---p 00000000 00:00 0 
a0412000-a0490000 rw-p 00000000 00:00 0 
a0490000-a0493000 ---p 00000000 00:00 0 
a0493000-a04e1000 rw-p 00000000 00:00 0 
a04e1000-a04e4000 ---p 00000000 00:00 0 
a04e4000-a0532000 rw-p 00000000 00:00 0 
a0532000-a0535000 ---p 00000000 00:00 0 
a0535000-a0583000 rw-p 00000000 00:00 0 
a0583000-a0584000 ---p 00000000 00:00 0 
a0584000-a064f000 rw-p 00000000 00:00 0 
a064f000-a080d000 r--s 031b1000 08:06 6947810    /home/zaqwes/opt/jre1.7.0_55/lib/rt.jar
a080d000-a0888000 rw-p 00000000 00:00 0 
a0888000-a0889000 rw-p 00000000 00:00 0 
a0889000-a08dd000 rw-p 00000000 00:00 0 
a08dd000-a08df000 rw-p 00000000 00:00 0 
a08df000-a0909000 rw-p 00000000 00:00 0 
a0909000-a095e000 rw-p 00000000 00:00 0 
a095e000-a095f000 rw-p 00000000 00:00 0 
a095f000-a097f000 rw-p 00000000 00:00 0 
a097f000-a5d30000 rw-p 00000000 00:00 0 
a5d30000-a5ed0000 rw-p 00000000 00:00 0 
a5ed0000-b0601000 rw-p 00000000 00:00 0 
b0601000-b0980000 rw-p 00000000 00:00 0 
b0980000-b4940000 rw-p 00000000 00:00 0 
b4940000-b4980000 rw-p 00000000 00:00 0 
b4980000-b4982000 r-xp 00000000 08:01 267415     /usr/lib/i386-linux-gnu/libXcomposite.so.1.0.0
b4982000-b4983000 rw-p 00001000 08:01 267415     /usr/lib/i386-linux-gnu/libXcomposite.so.1.0.0
b4983000-b4985000 r-xp 00000000 08:01 267431     /usr/lib/i386-linux-gnu/libXinerama.so.1.0.0
b4985000-b4986000 rw-p 00001000 08:01 267431     /usr/lib/i386-linux-gnu/libXinerama.so.1.0.0
b4986000-b4989000 r--s 00039000 08:06 10623400   /home/zaqwes/opt/eclipse_gae/plugins/org.eclipse.osgi.compatibility.state_1.0.1.v20140709-1414.jar
b4989000-b49c9000 rw-p 00000000 00:00 0 
b49c9000-b4a09000 rw-p 00000000 00:00 0 
b4a09000-b59f1000 rwxp 00000000 00:00 0 
b59f1000-b6a09000 rw-p 00000000 00:00 0 
b6a09000-b6a13000 r-xp 00000000 08:01 83         /lib/i386-linux-gnu/i686/cmov/libnss_files-2.13.so
b6a13000-b6a14000 r--p 00009000 08:01 83         /lib/i386-linux-gnu/i686/cmov/libnss_files-2.13.so
b6a14000-b6a15000 rw-p 0000a000 08:01 83         /lib/i386-linux-gnu/i686/cmov/libnss_files-2.13.so
b6a15000-b6a1e000 r-xp 00000000 08:01 87         /lib/i386-linux-gnu/i686/cmov/libnss_nis-2.13.so
b6a1e000-b6a1f000 r--p 00008000 08:01 87         /lib/i386-linux-gnu/i686/cmov/libnss_nis-2.13.so
b6a1f000-b6a20000 rw-p 00009000 08:01 87         /lib/i386-linux-gnu/i686/cmov/libnss_nis-2.13.so
b6a20000-b6a33000 r-xp 00000000 08:01 77         /lib/i386-linux-gnu/i686/cmov/libnsl-2.13.so
b6a33000-b6a34000 r--p 00012000 08:01 77         /lib/i386-linux-gnu/i686/cmov/libnsl-2.13.so
b6a34000-b6a35000 rw-p 00013000 08:01 77         /lib/i386-linux-gnu/i686/cmov/libnsl-2.13.so
b6a35000-b6a37000 rw-p 00000000 00:00 0 
b6a37000-b6a38000 r--s 00000000 08:06 4720669    /home/zaqwes/.local/share/mime/mime.cache
b6a38000-b6a3c000 r--s 0007d000 08:06 6947820    /home/zaqwes/opt/jre1.7.0_55/lib/jsse.jar
b6a3c000-b6a53000 r-xp 00000000 08:06 8793875    /home/zaqwes/opt/jre1.7.0_55/lib/i386/libzip.so
b6a53000-b6a54000 rw-p 00017000 08:06 8793875    /home/zaqwes/opt/jre1.7.0_55/lib/i386/libzip.so
b6a54000-b6a77000 r-xp 00000000 08:06 8793852    /home/zaqwes/opt/jre1.7.0_55/lib/i386/libjava.so
b6a77000-b6a78000 rw-p 00022000 08:06 8793852    /home/zaqwes/opt/jre1.7.0_55/lib/i386/libjava.so
b6a78000-b6a9c000 r-xp 00000000 08:01 74         /lib/i386-linux-gnu/i686/cmov/libm-2.13.so
b6a9c000-b6a9d000 r--p 00023000 08:01 74         /lib/i386-linux-gnu/i686/cmov/libm-2.13.so
b6a9d000-b6a9e000 rw-p 00024000 08:01 74         /lib/i386-linux-gnu/i686/cmov/libm-2.13.so
b6a9e000-b6a9f000 r--s 00000000 08:06 4588281    /home/zaqwes/.cache/dconf/user
b6a9f000-b6aa7000 rw-s 00000000 08:01 260999     /tmp/hsperfdata_zaqwes/5409
b6aa7000-b6aad000 r-xp 00000000 08:01 79         /lib/i386-linux-gnu/i686/cmov/libnss_compat-2.13.so
b6aad000-b6aae000 r--p 00005000 08:01 79         /lib/i386-linux-gnu/i686/cmov/libnss_compat-2.13.so
b6aae000-b6aaf000 rw-p 00006000 08:01 79         /lib/i386-linux-gnu/i686/cmov/libnss_compat-2.13.so
b6aaf000-b6aba000 r-xp 00000000 08:06 8793891    /home/zaqwes/opt/jre1.7.0_55/lib/i386/libverify.so
b6aba000-b6abb000 rw-p 0000b000 08:06 8793891    /home/zaqwes/opt/jre1.7.0_55/lib/i386/libverify.so
b6abb000-b7041000 r-xp 00000000 08:06 8922781    /home/zaqwes/opt/jre1.7.0_55/lib/i386/client/libjvm.so
b7041000-b7062000 rw-p 00586000 08:06 8922781    /home/zaqwes/opt/jre1.7.0_55/lib/i386/client/libjvm.so
b7062000-b7482000 rw-p 00000000 00:00 0 
b7482000-b75f9000 r--p 00000000 08:01 272484     /usr/lib/locale/locale-archive
b75f9000-b75fa000 rw-p 00000000 00:00 0 
b75fa000-b7757000 r-xp 00000000 08:01 66         /lib/i386-linux-gnu/i686/cmov/libc-2.13.so
b7757000-b7758000 ---p 0015d000 08:01 66         /lib/i386-linux-gnu/i686/cmov/libc-2.13.so
b7758000-b775a000 r--p 0015d000 08:01 66         /lib/i386-linux-gnu/i686/cmov/libc-2.13.so
b775a000-b775b000 rw-p 0015f000 08:01 66         /lib/i386-linux-gnu/i686/cmov/libc-2.13.so
b775b000-b775e000 rw-p 00000000 00:00 0 
b775e000-b7760000 r-xp 00000000 08:01 72         /lib/i386-linux-gnu/i686/cmov/libdl-2.13.so
b7760000-b7761000 r--p 00001000 08:01 72         /lib/i386-linux-gnu/i686/cmov/libdl-2.13.so
b7761000-b7762000 rw-p 00002000 08:01 72         /lib/i386-linux-gnu/i686/cmov/libdl-2.13.so
b7762000-b7763000 rw-p 00000000 00:00 0 
b7763000-b7778000 r-xp 00000000 08:01 92         /lib/i386-linux-gnu/i686/cmov/libpthread-2.13.so
b7778000-b7779000 r--p 00014000 08:01 92         /lib/i386-linux-gnu/i686/cmov/libpthread-2.13.so
b7779000-b777a000 rw-p 00015000 08:01 92         /lib/i386-linux-gnu/i686/cmov/libpthread-2.13.so
b777a000-b777c000 rw-p 00000000 00:00 0 
b777c000-b777e000 r--s 00019000 08:06 6947825    /home/zaqwes/opt/jre1.7.0_55/lib/jce.jar
b777e000-b7780000 r--s 0000b000 08:06 10624014   /home/zaqwes/opt/eclipse_gae/plugins/org.eclipse.equinox.launcher_1.3.0.v20140415-2008.jar
b7780000-b7781000 rw-p 00000000 00:00 0 
b7781000-b7782000 r--p 00000000 00:00 0 
b7782000-b7789000 r-xp 00000000 08:01 96         /lib/i386-linux-gnu/i686/cmov/librt-2.13.so
b7789000-b778a000 r--p 00006000 08:01 96         /lib/i386-linux-gnu/i686/cmov/librt-2.13.so
b778a000-b778b000 rw-p 00007000 08:01 96         /lib/i386-linux-gnu/i686/cmov/librt-2.13.so
b778b000-b7798000 r-xp 00000000 08:06 10753908   /home/zaqwes/opt/eclipse_gae/plugins/org.eclipse.equinox.launcher.gtk.linux.x86_1.1.200.v20140603-1326/eclipse_1605.so
b7798000-b7799000 rw-p 0000c000 08:06 10753908   /home/zaqwes/opt/eclipse_gae/plugins/org.eclipse.equinox.launcher.gtk.linux.x86_1.1.200.v20140603-1326/eclipse_1605.so
b7799000-b779b000 rw-p 00000000 00:00 0 
b779b000-b779c000 r-xp 00000000 00:00 0          [vdso]
b779c000-b77b8000 r-xp 00000000 08:01 102        /lib/i386-linux-gnu/ld-2.13.so
b77b8000-b77b9000 r--p 0001b000 08:01 102        /lib/i386-linux-gnu/ld-2.13.so
b77b9000-b77ba000 rw-p 0001c000 08:01 102        /lib/i386-linux-gnu/ld-2.13.so
bfd9f000-bfda2000 ---p 00000000 00:00 0 
bfda3000-bfdef000 rw-p 00000000 00:00 0          [stack]

VM Arguments:
java_command: <unknown>
Launcher Type: generic

Environment Variables:
JAVA_HOME=/home/zaqwes/opt/jdks/jdk1.7.0_55
PATH=/home/zaqwes/work/bin:/home/zaqwes/opt/eclipse_gae:/home/zaqwes/work-analyse/depot_tools:/home/zaqwes/opt/pycharm-community-3.4/bin:/home/zaqwes/opt/eclipse:/home/zaqwes/opt/jre1.7.0_55/bin:/home/zaqwes/work/third_party/node-v0.10.28-linux-x86/bin:/home/zaqwes/opt/idea-IC-135.480/bin:/home/zaqwes/opt/altera/13.1/modelsim_ase/bin:/home/zaqwes/opt/jdks/jdk1.7.0_55/bin:/usr/local/cuda-5.5/bin:/usr/local/bin:/usr/bin:/bin:/usr/local/games:/usr/games
USERNAME=zaqwes
LD_LIBRARY_PATH=/home/zaqwes/opt/jre1.7.0_55/lib/i386/client:/home/zaqwes/opt/jre1.7.0_55/lib/i386:/home/zaqwes/work/opencv_2.3.1/lib:/usr/local/cuda-5.5/lib:
SHELL=/bin/bash
DISPLAY=:0.0

Signal Handlers:
SIGSEGV: [libjvm.so+0x504880], sa_mask[0]=0x7ffbfeff, sa_flags=0x10000004
SIGBUS: [libjvm.so+0x504880], sa_mask[0]=0x7ffbfeff, sa_flags=0x10000004
SIGFPE: [libjvm.so+0x3fc8f0], sa_mask[0]=0x7ffbfeff, sa_flags=0x10000004
SIGPIPE: SIG_IGN, sa_mask[0]=0x00001000, sa_flags=0x10000000
SIGXFSZ: [libjvm.so+0x3fc8f0], sa_mask[0]=0x7ffbfeff, sa_flags=0x10000004
SIGILL: [libjvm.so+0x3fc8f0], sa_mask[0]=0x7ffbfeff, sa_flags=0x10000004
SIGUSR1: SIG_DFL, sa_mask[0]=0x00000000, sa_flags=0x00000000
SIGUSR2: [libjvm.so+0x3fdde0], sa_mask[0]=0x00000000, sa_flags=0x10000004
SIGHUP: [libjvm.so+0x3fef30], sa_mask[0]=0x7ffbfeff, sa_flags=0x10000004
SIGINT: [libjvm.so+0x3fef30], sa_mask[0]=0x7ffbfeff, sa_flags=0x10000004
SIGTERM: [libjvm.so+0x3fef30], sa_mask[0]=0x7ffbfeff, sa_flags=0x10000004
SIGQUIT: [libjvm.so+0x3fef30], sa_mask[0]=0x7ffbfeff, sa_flags=0x10000004


---------------  S Y S T E M  ---------------

OS:7.4

uname:Linux 3.2.0-4-686-pae #1 SMP Debian 3.2.54-2 i686
libc:glibc 2.13 NPTL 2.13 
rlimit: STACK 8192k, CORE 0k, NPROC 31421, NOFILE 4096, AS infinity
load average:0.51 1.16 1.15

/proc/meminfo:
MemTotal:        4032224 kB
MemFree:         1570956 kB
Buffers:          104016 kB
Cached:          1044788 kB
SwapCached:            0 kB
Active:          1545096 kB
Inactive:         797872 kB
Active(anon):    1195780 kB
Inactive(anon):    89620 kB
Active(file):     349316 kB
Inactive(file):   708252 kB
Unevictable:          16 kB
Mlocked:              16 kB
HighTotal:       3168116 kB
HighFree:         904496 kB
LowTotal:         864108 kB
LowFree:          666460 kB
SwapTotal:       8151036 kB
SwapFree:        8151036 kB
Dirty:                56 kB
Writeback:             0 kB
AnonPages:       1194024 kB
Mapped:           184612 kB
Shmem:             91244 kB
Slab:              72296 kB
SReclaimable:      48144 kB
SUnreclaim:        24152 kB
KernelStack:        4584 kB
PageTables:        14296 kB
NFS_Unstable:          0 kB
Bounce:                0 kB
WritebackTmp:          0 kB
CommitLimit:    10167148 kB
Committed_AS:    3873308 kB
VmallocTotal:     122880 kB
VmallocUsed:       30048 kB
VmallocChunk:      90532 kB
HardwareCorrupted:     0 kB
AnonHugePages:         0 kB
HugePages_Total:       0
HugePages_Free:        0
HugePages_Rsvd:        0
HugePages_Surp:        0
Hugepagesize:       2048 kB
DirectMap4k:       10232 kB
DirectMap2M:      901120 kB


CPU:total 4 (2 cores per cpu, 2 threads per core) family 6 model 58 stepping 9, cmov, cx8, fxsr, mmx, sse, sse2, sse3, ssse3, sse4.1, sse4.2, popcnt, avx, aes, erms, ht, tsc, tscinvbit, tscinv

/proc/cpuinfo:
processor	: 0
vendor_id	: GenuineIntel
cpu family	: 6
model		: 58
model name	: Intel(R) Core(TM) i5-3317U CPU @ 1.70GHz
stepping	: 9
microcode	: 0x12
cpu MHz		: 1701.000
cache size	: 3072 KB
physical id	: 0
siblings	: 4
core id		: 0
cpu cores	: 2
apicid		: 0
initial apicid	: 0
fdiv_bug	: no
hlt_bug		: no
f00f_bug	: no
coma_bug	: no
fpu		: yes
fpu_exception	: yes
cpuid level	: 13
wp		: yes
flags		: fpu vme de pse tsc msr pae mce cx8 apic sep mtrr pge mca cmov pat pse36 clflush dts acpi mmx fxsr sse sse2 ss ht tm pbe nx rdtscp lm constant_tsc arch_perfmon pebs bts xtopology nonstop_tsc aperfmperf pni pclmulqdq dtes64 monitor ds_cpl vmx est tm2 ssse3 cx16 xtpr pdcm pcid sse4_1 sse4_2 x2apic popcnt tsc_deadline_timer aes xsave avx f16c rdrand lahf_lm ida arat epb xsaveopt pln pts dtherm tpr_shadow vnmi flexpriority ept vpid fsgsbase smep erms
bogomips	: 3392.54
clflush size	: 64
cache_alignment	: 64
address sizes	: 36 bits physical, 48 bits virtual
power management:

processor	: 1
vendor_id	: GenuineIntel
cpu family	: 6
model		: 58
model name	: Intel(R) Core(TM) i5-3317U CPU @ 1.70GHz
stepping	: 9
microcode	: 0x12
cpu MHz		: 800.000
cache size	: 3072 KB
physical id	: 0
siblings	: 4
core id		: 1
cpu cores	: 2
apicid		: 2
initial apicid	: 2
fdiv_bug	: no
hlt_bug		: no
f00f_bug	: no
coma_bug	: no
fpu		: yes
fpu_exception	: yes
cpuid level	: 13
wp		: yes
flags		: fpu vme de pse tsc msr pae mce cx8 apic sep mtrr pge mca cmov pat pse36 clflush dts acpi mmx fxsr sse sse2 ss ht tm pbe nx rdtscp lm constant_tsc arch_perfmon pebs bts xtopology nonstop_tsc aperfmperf pni pclmulqdq dtes64 monitor ds_cpl vmx est tm2 ssse3 cx16 xtpr pdcm pcid sse4_1 sse4_2 x2apic popcnt tsc_deadline_timer aes xsave avx f16c rdrand lahf_lm ida arat epb xsaveopt pln pts dtherm tpr_shadow vnmi flexpriority ept vpid fsgsbase smep erms
bogomips	: 3392.16
clflush size	: 64
cache_alignment	: 64
address sizes	: 36 bits physical, 48 bits virtual
power management:

processor	: 2
vendor_id	: GenuineIntel
cpu family	: 6
model		: 58
model name	: Intel(R) Core(TM) i5-3317U CPU @ 1.70GHz
stepping	: 9
microcode	: 0x12
cpu MHz		: 800.000
cache size	: 3072 KB
physical id	: 0
siblings	: 4
core id		: 0
cpu cores	: 2
apicid		: 1
initial apicid	: 1
fdiv_bug	: no
hlt_bug		: no
f00f_bug	: no
coma_bug	: no
fpu		: yes
fpu_exception	: yes
cpuid level	: 13
wp		: yes
flags		: fpu vme de pse tsc msr pae mce cx8 apic sep mtrr pge mca cmov pat pse36 clflush dts acpi mmx fxsr sse sse2 ss ht tm pbe nx rdtscp lm constant_tsc arch_perfmon pebs bts xtopology nonstop_tsc aperfmperf pni pclmulqdq dtes64 monitor ds_cpl vmx est tm2 ssse3 cx16 xtpr pdcm pcid sse4_1 sse4_2 x2apic popcnt tsc_deadline_timer aes xsave avx f16c rdrand lahf_lm ida arat epb xsaveopt pln pts dtherm tpr_shadow vnmi flexpriority ept vpid fsgsbase smep erms
bogomips	: 3392.15
clflush size	: 64
cache_alignment	: 64
address sizes	: 36 bits physical, 48 bits virtual
power management:

processor	: 3
vendor_id	: GenuineIntel
cpu family	: 6
model		: 58
model name	: Intel(R) Core(TM) i5-3317U CPU @ 1.70GHz
stepping	: 9
microcode	: 0x12
cpu MHz		: 800.000
cache size	: 3072 KB
physical id	: 0
siblings	: 4
core id		: 1
cpu cores	: 2
apicid		: 3
initial apicid	: 3
fdiv_bug	: no
hlt_bug		: no
f00f_bug	: no
coma_bug	: no
fpu		: yes
fpu_exception	: yes
cpuid level	: 13
wp		: yes
flags		: fpu vme de pse tsc msr pae mce cx8 apic sep mtrr pge mca cmov pat pse36 clflush dts acpi mmx fxsr sse sse2 ss ht tm pbe nx rdtscp lm constant_tsc arch_perfmon pebs bts xtopology nonstop_tsc aperfmperf pni pclmulqdq dtes64 monitor ds_cpl vmx est tm2 ssse3 cx16 xtpr pdcm pcid sse4_1 sse4_2 x2apic popcnt tsc_deadline_timer aes xsave avx f16c rdrand lahf_lm ida arat epb xsaveopt pln pts dtherm tpr_shadow vnmi flexpriority ept vpid fsgsbase smep erms
bogomips	: 3392.16
clflush size	: 64
cache_alignment	: 64
address sizes	: 36 bits physical, 48 bits virtual
power management:



Memory: 4k page, physical 4032224k(1570956k free), swap 8151036k(8151036k free)

vm_info: Java HotSpot(TM) Client VM (24.55-b03) for linux-x86 JRE (1.7.0_55-b13), built on Mar 17 2014 19:43:32 by "java_re" with gcc 4.3.0 20080428 (Red Hat 4.3.0-8)

time: Wed Oct 15 13:40:31 2014
elapsed time: 324 seconds

