[2013-02-16 21:57:41] START
[2013-02-16 22:04:31] EDIT myapp/controllers/default.py: -1
[2013-02-16 22:06:55] EDIT myapp/views/default/index.html: -26
[2013-02-16 22:07:31] EDIT myapp/controllers/default.py: 0
[2013-02-16 22:17:11] CREATE no_w2p.js: 0
[2013-02-16 22:54:57] CREATE test.py: 0
[2013-02-16 22:55:03] EDIT myapp/modules/test.py: 0
[2013-02-18 19:45:01] EDIT myapp/views/default/index.html: 1
[2013-02-18 19:45:33] EDIT myapp/views/default/index.html: 28
[2013-02-18 19:46:46] EDIT myapp/views/default/index.html: 0
[2013-02-18 19:47:47] EDIT myapp/views/default/index.html: 16
[2013-02-18 19:50:59] EDIT myapp/views/default/index.html: 1
[2013-02-18 19:51:58] EDIT myapp/views/default/index.html: 2
[2013-02-18 19:54:09] EDIT myapp/views/default/index.html: 0
[2013-02-18 19:58:23] EDIT myapp/views/default/index.html: 23
[2013-02-18 19:59:52] EDIT myapp/views/default/index.html: 1
[2013-02-18 20:01:18] EDIT myapp/views/default/index.html: 10
[2013-02-18 20:09:01] EDIT myapp/views/default/index.html: 11
[2013-02-18 20:10:44] EDIT myapp/views/default/index.html: 0
[2013-02-18 20:11:32] EDIT myapp/views/default/index.html: 0
[2013-02-18 20:14:00] EDIT myapp/views/default/index.html: 9
[2013-02-18 20:18:22] EDIT myapp/views/default/index.html: 0
[2013-02-18 20:18:52] EDIT myapp/views/default/index.html: 0
[2013-02-18 20:19:13] EDIT myapp/views/default/index.html: 0
[2013-02-18 20:27:14] EDIT myapp/views/default/index.html: 32
