[2013-02-16 21:57:41] START
[2013-02-16 22:04:31] EDIT myapp/controllers/default.py: -1
[2013-02-16 22:06:55] EDIT myapp/views/default/index.html: -26
[2013-02-16 22:07:31] EDIT myapp/controllers/default.py: 0
[2013-02-16 22:17:11] CREATE no_w2p.js: 0
[2013-02-16 22:54:57] CREATE test.py: 0
[2013-02-16 22:55:03] EDIT myapp/modules/test.py: 0
[2013-02-18 19:45:01] EDIT myapp/views/default/index.html: 1
[2013-02-18 19:45:33] EDIT myapp/views/default/index.html: 28
[2013-02-18 19:46:46] EDIT myapp/views/default/index.html: 0
[2013-02-18 19:47:47] EDIT myapp/views/default/index.html: 16
[2013-02-18 19:50:59] EDIT myapp/views/default/index.html: 1
[2013-02-18 19:51:58] EDIT myapp/views/default/index.html: 2
[2013-02-18 19:54:09] EDIT myapp/views/default/index.html: 0
[2013-02-18 19:58:23] EDIT myapp/views/default/index.html: 23
[2013-02-18 19:59:52] EDIT myapp/views/default/index.html: 1
[2013-02-18 20:01:18] EDIT myapp/views/default/index.html: 10
[2013-02-18 20:09:01] EDIT myapp/views/default/index.html: 11
[2013-02-18 20:10:44] EDIT myapp/views/default/index.html: 0
[2013-02-18 20:11:32] EDIT myapp/views/default/index.html: 0
[2013-02-18 20:14:00] EDIT myapp/views/default/index.html: 9
[2013-02-18 20:18:22] EDIT myapp/views/default/index.html: 0
[2013-02-18 20:18:52] EDIT myapp/views/default/index.html: 0
[2013-02-18 20:19:13] EDIT myapp/views/default/index.html: 0
[2013-02-18 20:27:14] EDIT myapp/views/default/index.html: 32
[2013-02-18 20:30:03] EDIT myapp/views/default/index.html: 0
[2013-02-18 20:30:07] EDIT myapp/views/default/index.html: 0
[2013-02-18 20:30:29] EDIT myapp/views/default/index.html: -4
[2013-02-18 20:31:22] EDIT myapp/views/default/index.html: 0
[2013-02-18 20:33:03] EDIT myapp/views/default/index.html: 1
[2013-02-18 20:35:07] EDIT myapp/views/default/index.html: 6
[2013-02-18 20:35:18] EDIT myapp/views/default/index.html: 0
[2013-02-18 20:35:59] EDIT myapp/views/default/index.html: 0
[2013-02-18 20:36:36] EDIT myapp/views/default/index.html: 0
[2013-02-18 20:36:54] EDIT myapp/views/default/index.html: 0
[2013-02-18 20:37:11] EDIT myapp/views/default/index.html: 0
[2013-02-18 20:37:34] EDIT myapp/views/default/index.html: 0
[2013-02-18 20:38:18] EDIT myapp/views/default/index.html: 0
[2013-02-18 20:38:24] EDIT myapp/views/default/index.html: 0
[2013-02-18 20:38:37] EDIT myapp/views/default/index.html: 0
[2013-02-18 20:38:47] EDIT myapp/views/default/index.html: 0
[2013-02-18 20:39:03] EDIT myapp/views/default/index.html: 0
[2013-02-18 20:39:11] EDIT myapp/views/default/index.html: 0
[2013-02-18 20:39:20] EDIT myapp/views/default/index.html: 0
[2013-02-18 20:39:30] EDIT myapp/views/default/index.html: 0
[2013-02-18 20:40:10] EDIT myapp/views/default/index.html: -4
[2013-02-18 20:40:27] EDIT myapp/views/default/index.html: 0
[2013-02-18 20:41:04] EDIT myapp/views/default/index.html: 0
[2013-02-18 20:42:05] EDIT myapp/views/default/index.html: -90
[2013-02-18 20:43:21] EDIT myapp/controllers/default.py: 0
[2013-02-18 20:43:30] EDIT myapp/controllers/default.py: 0
[2013-02-18 20:43:38] EDIT myapp/controllers/default.py: 0
