
D:\home\lugansky-igor\github\spinning-vocabulary-cards>java -jar lib/proguard.jar -libraryjars "D:/jre6/lib/rt.jar" @myapp.pro 
ProGuard, version 4.10
Reading program jar [D:\home\lugansky-igor\github\spinning-vocabulary-cards\vocabulary-cards.jar]
Reading library jar [D:\jre6\lib\rt.jar]
Reading library jar [D:\home\lugansky-igor\github\spinning-vocabulary-cards\lib\jsr305-2.0.1.jar]
Reading library jar [D:\home\lugansky-igor\github\spinning-vocabulary-cards\checkthread-annotations-1.0.9.jar]
Reading library jar [D:\home\lugansky-igor\github\spinning-vocabulary-cards\commons-lang3-3.1.jar]
Reading library jar [D:\home\lugansky-igor\github\spinning-vocabulary-cards\gson-2.2.3.jar]
Reading library jar [D:\home\lugansky-igor\github\spinning-vocabulary-cards\guava-14.0.1.jar]
Reading library jar [D:\home\lugansky-igor\github\spinning-vocabulary-cards\hamcrest-core-1.3.jar]
Reading library jar [D:\home\lugansky-igor\github\spinning-vocabulary-cards\javatuples-1.2.jar]
Reading library jar [D:\home\lugansky-igor\github\spinning-vocabulary-cards\jcip-annotations.jar]
Reading library jar [D:\home\lugansky-igor\github\spinning-vocabulary-cards\jetty-all-7.0.2.v20100331.jar]
Reading library jar [D:\home\lugansky-igor\github\spinning-vocabulary-cards\junit-4.11.jar]
Reading library jar [D:\home\lugansky-igor\github\spinning-vocabulary-cards\mockito-all-1.9.5.jar]
Note: duplicate definition of library class [org.hamcrest.BaseDescription]
Note: duplicate definition of library class [org.hamcrest.BaseMatcher]
Note: duplicate definition of library class [org.hamcrest.CoreMatchers]
Note: duplicate definition of library class [org.hamcrest.Description]
Note: duplicate definition of library class [org.hamcrest.Factory]
Note: duplicate definition of library class [org.hamcrest.Matcher]
Note: duplicate definition of library class [org.hamcrest.SelfDescribing]
Note: duplicate definition of library class [org.hamcrest.StringDescription]
Note: duplicate definition of library class [org.hamcrest.core.AllOf]
Note: duplicate definition of library class [org.hamcrest.core.AnyOf]
Note: duplicate definition of library class [org.hamcrest.core.DescribedAs]
Note: duplicate definition of library class [org.hamcrest.core.Is]
Note: duplicate definition of library class [org.hamcrest.core.IsAnything]
Note: duplicate definition of library class [org.hamcrest.core.IsEqual]
Note: duplicate definition of library class [org.hamcrest.core.IsInstanceOf]
Note: duplicate definition of library class [org.hamcrest.core.IsNot]
Note: duplicate definition of library class [org.hamcrest.core.IsNull]
Note: duplicate definition of library class [org.hamcrest.core.IsSame]
Note: duplicate definition of library class [org.hamcrest.internal.ArrayIterator]
Note: duplicate definition of library class [org.hamcrest.internal.SelfDescribingValue]
Note: duplicate definition of library class [org.hamcrest.internal.SelfDescribingValueIterator]
Reading library jar [D:\home\lugansky-igor\github\spinning-vocabulary-cards\servlet-api-2.5.jar]
Reading library jar [D:\home\lugansky-igor\github\spinning-vocabulary-cards\snakeyaml-1.12.jar]
Note: there were 21 duplicate class definitions.
      (http://proguard.sourceforge.net/manual/troubleshooting.html#duplicateclass)
Preparing output jar [D:\home\lugansky-igor\github\spinning-vocabulary-cards\vocabulary-cards-dist.jar]
  Copying resources from program jar [D:\home\lugansky-igor\github\spinning-vocabulary-cards\vocabulary-cards.jar]
